{"C:\\kahoot-awareness\\server\\index.js":{"path":"C:\\kahoot-awareness\\server\\index.js","statementMap":{"0":{"start":{"line":1,"column":0},"end":{"line":5,"column":1}},"1":{"start":{"line":2,"column":4},"end":{"line":2,"column":52}},"2":{"start":{"line":4,"column":4},"end":{"line":4,"column":31}},"3":{"start":{"line":6,"column":16},"end":{"line":6,"column":34}},"4":{"start":{"line":7,"column":13},"end":{"line":7,"column":28}},"5":{"start":{"line":8,"column":19},"end":{"line":8,"column":39}},"6":{"start":{"line":9,"column":22},"end":{"line":9,"column":50}},"7":{"start":{"line":10,"column":13},"end":{"line":10,"column":28}},"8":{"start":{"line":11,"column":13},"end":{"line":11,"column":28}},"9":{"start":{"line":12,"column":15},"end":{"line":12,"column":32}},"10":{"start":{"line":13,"column":18},"end":{"line":13,"column":47}},"11":{"start":{"line":15,"column":12},"end":{"line":15,"column":21}},"12":{"start":{"line":16,"column":15},"end":{"line":16,"column":37}},"13":{"start":{"line":18,"column":20},"end":{"line":18,"column":50}},"14":{"start":{"line":20,"column":11},"end":{"line":25,"column":2}},"15":{"start":{"line":28,"column":0},"end":{"line":41,"column":1}},"16":{"start":{"line":29,"column":29},"end":{"line":29,"column":45}},"17":{"start":{"line":30,"column":30},"end":{"line":30,"column":65}},"18":{"start":{"line":32,"column":22},"end":{"line":32,"column":66}},"19":{"start":{"line":33,"column":22},"end":{"line":33,"column":43}},"20":{"start":{"line":35,"column":4},"end":{"line":40,"column":7}},"21":{"start":{"line":36,"column":8},"end":{"line":36,"column":56}},"22":{"start":{"line":37,"column":8},"end":{"line":37,"column":60}},"23":{"start":{"line":39,"column":8},"end":{"line":39,"column":73}},"24":{"start":{"line":44,"column":0},"end":{"line":51,"column":3}},"25":{"start":{"line":45,"column":18},"end":{"line":45,"column":28}},"26":{"start":{"line":46,"column":4},"end":{"line":49,"column":7}},"27":{"start":{"line":47,"column":25},"end":{"line":47,"column":43}},"28":{"start":{"line":48,"column":8},"end":{"line":48,"column":82}},"29":{"start":{"line":50,"column":4},"end":{"line":50,"column":11}},"30":{"start":{"line":53,"column":0},"end":{"line":59,"column":4}},"31":{"start":{"line":56,"column":8},"end":{"line":56,"column":29}},"32":{"start":{"line":61,"column":0},"end":{"line":61,"column":41}},"33":{"start":{"line":62,"column":0},"end":{"line":62,"column":63}},"34":{"start":{"line":66,"column":20},"end":{"line":101,"column":1}},"35":{"start":{"line":68,"column":4},"end":{"line":74,"column":7}},"36":{"start":{"line":69,"column":8},"end":{"line":73,"column":11}},"37":{"start":{"line":76,"column":4},"end":{"line":100,"column":5}},"38":{"start":{"line":77,"column":8},"end":{"line":77,"column":26}},"39":{"start":{"line":79,"column":8},"end":{"line":82,"column":9}},"40":{"start":{"line":80,"column":41},"end":{"line":80,"column":68}},"41":{"start":{"line":81,"column":12},"end":{"line":81,"column":37}},"42":{"start":{"line":85,"column":8},"end":{"line":85,"column":55}},"43":{"start":{"line":86,"column":8},"end":{"line":86,"column":63}},"44":{"start":{"line":87,"column":8},"end":{"line":87,"column":61}},"45":{"start":{"line":90,"column":31},"end":{"line":90,"column":67}},"46":{"start":{"line":91,"column":8},"end":{"line":91,"column":27}},"47":{"start":{"line":93,"column":21},"end":{"line":93,"column":45}},"48":{"start":{"line":94,"column":8},"end":{"line":96,"column":11}},"49":{"start":{"line":95,"column":12},"end":{"line":95,"column":58}},"50":{"start":{"line":98,"column":8},"end":{"line":98,"column":54}},"51":{"start":{"line":99,"column":8},"end":{"line":99,"column":24}},"52":{"start":{"line":103,"column":0},"end":{"line":103,"column":14}},"53":{"start":{"line":107,"column":20},"end":{"line":107,"column":51}},"54":{"start":{"line":108,"column":0},"end":{"line":115,"column":1}},"55":{"start":{"line":109,"column":18},"end":{"line":109,"column":34}},"56":{"start":{"line":110,"column":4},"end":{"line":114,"column":23}},"57":{"start":{"line":111,"column":8},"end":{"line":113,"column":11}},"58":{"start":{"line":112,"column":12},"end":{"line":112,"column":65}}},"fnMap":{"0":{"name":"(anonymous_0)","decl":{"start":{"line":35,"column":65},"end":{"line":35,"column":66}},"loc":{"start":{"line":35,"column":71},"end":{"line":38,"column":5}},"line":35},"1":{"name":"(anonymous_1)","decl":{"start":{"line":38,"column":13},"end":{"line":38,"column":14}},"loc":{"start":{"line":38,"column":20},"end":{"line":40,"column":5}},"line":38},"2":{"name":"(anonymous_2)","decl":{"start":{"line":44,"column":8},"end":{"line":44,"column":9}},"loc":{"start":{"line":44,"column":28},"end":{"line":51,"column":1}},"line":44},"3":{"name":"(anonymous_3)","decl":{"start":{"line":46,"column":21},"end":{"line":46,"column":22}},"loc":{"start":{"line":46,"column":27},"end":{"line":49,"column":5}},"line":46},"4":{"name":"(anonymous_4)","decl":{"start":{"line":54,"column":12},"end":{"line":54,"column":13}},"loc":{"start":{"line":54,"column":34},"end":{"line":57,"column":5}},"line":54},"5":{"name":"(anonymous_5)","decl":{"start":{"line":66,"column":20},"end":{"line":66,"column":21}},"loc":{"start":{"line":66,"column":32},"end":{"line":101,"column":1}},"line":66},"6":{"name":"(anonymous_6)","decl":{"start":{"line":68,"column":42},"end":{"line":68,"column":43}},"loc":{"start":{"line":68,"column":56},"end":{"line":74,"column":5}},"line":68},"7":{"name":"(anonymous_7)","decl":{"start":{"line":94,"column":39},"end":{"line":94,"column":40}},"loc":{"start":{"line":94,"column":45},"end":{"line":96,"column":9}},"line":94},"8":{"name":"(anonymous_8)","decl":{"start":{"line":110,"column":16},"end":{"line":110,"column":17}},"loc":{"start":{"line":110,"column":22},"end":{"line":114,"column":5}},"line":110},"9":{"name":"(anonymous_9)","decl":{"start":{"line":111,"column":55},"end":{"line":111,"column":56}},"loc":{"start":{"line":111,"column":64},"end":{"line":113,"column":9}},"line":111}},"branchMap":{"0":{"loc":{"start":{"line":1,"column":0},"end":{"line":5,"column":1}},"type":"if","locations":[{"start":{"line":1,"column":0},"end":{"line":5,"column":1}},{"start":{"line":3,"column":7},"end":{"line":5,"column":1}}],"line":1},"1":{"loc":{"start":{"line":18,"column":20},"end":{"line":18,"column":50}},"type":"binary-expr","locations":[{"start":{"line":18,"column":20},"end":{"line":18,"column":43}},{"start":{"line":18,"column":47},"end":{"line":18,"column":50}}],"line":18},"2":{"loc":{"start":{"line":28,"column":0},"end":{"line":41,"column":1}},"type":"if","locations":[{"start":{"line":28,"column":0},"end":{"line":41,"column":1}},{"start":{},"end":{}}],"line":28},"3":{"loc":{"start":{"line":79,"column":8},"end":{"line":82,"column":9}},"type":"if","locations":[{"start":{"line":79,"column":8},"end":{"line":82,"column":9}},{"start":{},"end":{}}],"line":79},"4":{"loc":{"start":{"line":93,"column":21},"end":{"line":93,"column":45}},"type":"binary-expr","locations":[{"start":{"line":93,"column":21},"end":{"line":93,"column":37}},{"start":{"line":93,"column":41},"end":{"line":93,"column":45}}],"line":93},"5":{"loc":{"start":{"line":108,"column":0},"end":{"line":115,"column":1}},"type":"if","locations":[{"start":{"line":108,"column":0},"end":{"line":115,"column":1}},{"start":{},"end":{}}],"line":108}},"s":{"0":0,"1":0,"2":0,"3":0,"4":0,"5":0,"6":0,"7":0,"8":0,"9":0,"10":0,"11":0,"12":0,"13":0,"14":0,"15":0,"16":0,"17":0,"18":0,"19":0,"20":0,"21":0,"22":0,"23":0,"24":0,"25":0,"26":0,"27":0,"28":0,"29":0,"30":0,"31":0,"32":0,"33":0,"34":0,"35":0,"36":0,"37":0,"38":0,"39":0,"40":0,"41":0,"42":0,"43":0,"44":0,"45":0,"46":0,"47":0,"48":0,"49":0,"50":0,"51":0,"52":0,"53":0,"54":0,"55":0,"56":0,"57":0,"58":0},"f":{"0":0,"1":0,"2":0,"3":0,"4":0,"5":0,"6":0,"7":0,"8":0,"9":0},"b":{"0":[0,0],"1":[0,0],"2":[0,0],"3":[0,0],"4":[0,0],"5":[0,0]},"all":true},"C:\\kahoot-awareness\\server\\db_test.js":{"path":"C:\\kahoot-awareness\\server\\db_test.js","statementMap":{"0":{"start":{"line":1,"column":22},"end":{"line":1,"column":42}},"1":{"start":{"line":3,"column":18},"end":{"line":18,"column":1}},"2":{"start":{"line":21,"column":4},"end":{"line":35,"column":5}},"3":{"start":{"line":22,"column":8},"end":{"line":22,"column":39}},"4":{"start":{"line":23,"column":8},"end":{"line":23,"column":34}},"5":{"start":{"line":26,"column":8},"end":{"line":26,"column":81}},"6":{"start":{"line":27,"column":8},"end":{"line":27,"column":58}},"7":{"start":{"line":29,"column":26},"end":{"line":29,"column":66}},"8":{"start":{"line":30,"column":8},"end":{"line":30,"column":43}},"9":{"start":{"line":32,"column":8},"end":{"line":32,"column":25}},"10":{"start":{"line":34,"column":8},"end":{"line":34,"column":26}},"11":{"start":{"line":38,"column":0},"end":{"line":38,"column":8}}},"fnMap":{"0":{"name":"check","decl":{"start":{"line":20,"column":15},"end":{"line":20,"column":20}},"loc":{"start":{"line":20,"column":23},"end":{"line":36,"column":1}},"line":20}},"branchMap":{},"s":{"0":0,"1":0,"2":0,"3":0,"4":0,"5":0,"6":0,"7":0,"8":0,"9":0,"10":0,"11":0},"f":{"0":0},"b":{},"all":true},"C:\\kahoot-awareness\\server\\validators\\socketSchemas.js":{"path":"C:\\kahoot-awareness\\server\\validators\\socketSchemas.js","statementMap":{"0":{"start":{"line":1,"column":12},"end":{"line":1,"column":26}},"1":{"start":{"line":3,"column":16},"end":{"line":52,"column":1}},"2":{"start":{"line":60,"column":30},"end":{"line":67,"column":1}},"3":{"start":{"line":61,"column":19},"end":{"line":61,"column":37}},"4":{"start":{"line":62,"column":4},"end":{"line":65,"column":5}},"5":{"start":{"line":64,"column":8},"end":{"line":64,"column":34}},"6":{"start":{"line":66,"column":4},"end":{"line":66,"column":60}},"7":{"start":{"line":69,"column":0},"end":{"line":72,"column":2}}},"fnMap":{"0":{"name":"(anonymous_0)","decl":{"start":{"line":60,"column":30},"end":{"line":60,"column":31}},"loc":{"start":{"line":60,"column":54},"end":{"line":67,"column":1}},"line":60}},"branchMap":{"0":{"loc":{"start":{"line":62,"column":4},"end":{"line":65,"column":5}},"type":"if","locations":[{"start":{"line":62,"column":4},"end":{"line":65,"column":5}},{"start":{},"end":{}}],"line":62}},"s":{"0":0,"1":0,"2":0,"3":0,"4":0,"5":0,"6":0,"7":0},"f":{"0":0},"b":{"0":[0,0]},"all":true},"C:\\kahoot-awareness\\server\\utils\\seedData.js":{"path":"C:\\kahoot-awareness\\server\\utils\\seedData.js","statementMap":{"0":{"start":{"line":1,"column":23},"end":{"line":100,"column":1}},"1":{"start":{"line":102,"column":0},"end":{"line":102,"column":32}}},"fnMap":{},"branchMap":{},"s":{"0":0,"1":0},"f":{},"b":{},"all":true},"C:\\kahoot-awareness\\server\\services\\socketHandlers.js":{"path":"C:\\kahoot-awareness\\server\\services\\socketHandlers.js","statementMap":{"0":{"start":{"line":1,"column":46},"end":{"line":1,"column":78}},"1":{"start":{"line":2,"column":27},"end":{"line":2,"column":52}},"2":{"start":{"line":3,"column":22},"end":{"line":3,"column":51}},"3":{"start":{"line":4,"column":22},"end":{"line":4,"column":42}},"4":{"start":{"line":5,"column":12},"end":{"line":5,"column":35}},"5":{"start":{"line":6,"column":26},"end":{"line":6,"column":60}},"6":{"start":{"line":7,"column":23},"end":{"line":7,"column":50}},"7":{"start":{"line":8,"column":32},"end":{"line":8,"column":68}},"8":{"start":{"line":9,"column":36},"end":{"line":9,"column":76}},"9":{"start":{"line":10,"column":31},"end":{"line":10,"column":66}},"10":{"start":{"line":11,"column":34},"end":{"line":11,"column":72}},"11":{"start":{"line":13,"column":16},"end":{"line":22,"column":1}},"12":{"start":{"line":14,"column":4},"end":{"line":21,"column":8}},"13":{"start":{"line":24,"column":0},"end":{"line":590,"column":2}},"14":{"start":{"line":25,"column":4},"end":{"line":589,"column":7}},"15":{"start":{"line":26,"column":8},"end":{"line":26,"column":50}},"16":{"start":{"line":29,"column":8},"end":{"line":172,"column":11}},"17":{"start":{"line":30,"column":37},"end":{"line":30,"column":80}},"18":{"start":{"line":31,"column":12},"end":{"line":31,"column":100}},"19":{"start":{"line":31,"column":23},"end":{"line":31,"column":100}},"20":{"start":{"line":32,"column":97},"end":{"line":32,"column":102}},"21":{"start":{"line":34,"column":24},"end":{"line":34,"column":45}},"22":{"start":{"line":36,"column":34},"end":{"line":36,"column":99}},"23":{"start":{"line":38,"column":12},"end":{"line":171,"column":13}},"24":{"start":{"line":39,"column":32},"end":{"line":42,"column":18}},"25":{"start":{"line":44,"column":16},"end":{"line":46,"column":17}},"26":{"start":{"line":45,"column":20},"end":{"line":45,"column":66}},"27":{"start":{"line":48,"column":16},"end":{"line":50,"column":17}},"28":{"start":{"line":49,"column":20},"end":{"line":49,"column":76}},"29":{"start":{"line":52,"column":16},"end":{"line":167,"column":17}},"30":{"start":{"line":53,"column":20},"end":{"line":53,"column":89}},"31":{"start":{"line":53,"column":40},"end":{"line":53,"column":89}},"32":{"start":{"line":56,"column":36},"end":{"line":56,"column":41}},"33":{"start":{"line":59,"column":20},"end":{"line":67,"column":21}},"34":{"start":{"line":60,"column":40},"end":{"line":60,"column":92}},"35":{"start":{"line":61,"column":24},"end":{"line":66,"column":25}},"36":{"start":{"line":62,"column":28},"end":{"line":64,"column":31}},"37":{"start":{"line":65,"column":28},"end":{"line":65,"column":57}},"38":{"start":{"line":65,"column":40},"end":{"line":65,"column":57}},"39":{"start":{"line":69,"column":20},"end":{"line":105,"column":21}},"40":{"start":{"line":70,"column":46},"end":{"line":70,"column":50}},"41":{"start":{"line":71,"column":24},"end":{"line":76,"column":25}},"42":{"start":{"line":72,"column":28},"end":{"line":75,"column":42}},"43":{"start":{"line":73,"column":48},"end":{"line":73,"column":113}},"44":{"start":{"line":74,"column":32},"end":{"line":74,"column":67}},"45":{"start":{"line":78,"column":24},"end":{"line":98,"column":25}},"46":{"start":{"line":80,"column":28},"end":{"line":82,"column":29}},"47":{"start":{"line":81,"column":32},"end":{"line":81,"column":90}},"48":{"start":{"line":83,"column":28},"end":{"line":83,"column":56}},"49":{"start":{"line":84,"column":28},"end":{"line":84,"column":63}},"50":{"start":{"line":84,"column":40},"end":{"line":84,"column":63}},"51":{"start":{"line":85,"column":28},"end":{"line":85,"column":117}},"52":{"start":{"line":85,"column":76},"end":{"line":85,"column":117}},"53":{"start":{"line":86,"column":28},"end":{"line":86,"column":48}},"54":{"start":{"line":89,"column":28},"end":{"line":97,"column":31}},"55":{"start":{"line":100,"column":24},"end":{"line":103,"column":25}},"56":{"start":{"line":102,"column":28},"end":{"line":102,"column":86}},"57":{"start":{"line":104,"column":24},"end":{"line":104,"column":36}},"58":{"start":{"line":108,"column":40},"end":{"line":108,"column":125}},"59":{"start":{"line":110,"column":20},"end":{"line":110,"column":37}},"60":{"start":{"line":113,"column":43},"end":{"line":115,"column":22}},"61":{"start":{"line":118,"column":20},"end":{"line":118,"column":77}},"62":{"start":{"line":119,"column":20},"end":{"line":124,"column":23}},"63":{"start":{"line":127,"column":20},"end":{"line":127,"column":83}},"64":{"start":{"line":130,"column":20},"end":{"line":138,"column":21}},"65":{"start":{"line":131,"column":37},"end":{"line":134,"column":26}},"66":{"start":{"line":136,"column":42},"end":{"line":136,"column":112}},"67":{"start":{"line":137,"column":24},"end":{"line":137,"column":63}},"68":{"start":{"line":139,"column":23},"end":{"line":167,"column":17}},"69":{"start":{"line":140,"column":35},"end":{"line":140,"column":85}},"70":{"start":{"line":141,"column":20},"end":{"line":143,"column":21}},"71":{"start":{"line":142,"column":24},"end":{"line":142,"column":88}},"72":{"start":{"line":145,"column":20},"end":{"line":145,"column":37}},"73":{"start":{"line":146,"column":20},"end":{"line":146,"column":47}},"74":{"start":{"line":147,"column":20},"end":{"line":147,"column":56}},"75":{"start":{"line":150,"column":20},"end":{"line":150,"column":56}},"76":{"start":{"line":153,"column":20},"end":{"line":163,"column":21}},"77":{"start":{"line":154,"column":37},"end":{"line":157,"column":26}},"78":{"start":{"line":159,"column":42},"end":{"line":159,"column":102}},"79":{"start":{"line":160,"column":24},"end":{"line":160,"column":60}},"80":{"start":{"line":162,"column":24},"end":{"line":162,"column":58}},"81":{"start":{"line":164,"column":23},"end":{"line":167,"column":17}},"82":{"start":{"line":166,"column":20},"end":{"line":166,"column":54}},"83":{"start":{"line":169,"column":16},"end":{"line":169,"column":57}},"84":{"start":{"line":170,"column":16},"end":{"line":170,"column":53}},"85":{"start":{"line":175,"column":8},"end":{"line":240,"column":11}},"86":{"start":{"line":176,"column":37},"end":{"line":176,"column":85}},"87":{"start":{"line":177,"column":12},"end":{"line":177,"column":100}},"88":{"start":{"line":177,"column":23},"end":{"line":177,"column":100}},"89":{"start":{"line":178,"column":43},"end":{"line":178,"column":48}},"90":{"start":{"line":180,"column":24},"end":{"line":180,"column":45}},"91":{"start":{"line":181,"column":12},"end":{"line":239,"column":13}},"92":{"start":{"line":182,"column":32},"end":{"line":182,"column":77}},"93":{"start":{"line":183,"column":31},"end":{"line":183,"column":81}},"94":{"start":{"line":184,"column":16},"end":{"line":186,"column":17}},"95":{"start":{"line":185,"column":20},"end":{"line":185,"column":99}},"96":{"start":{"line":189,"column":16},"end":{"line":192,"column":17}},"97":{"start":{"line":190,"column":20},"end":{"line":190,"column":117}},"98":{"start":{"line":191,"column":20},"end":{"line":191,"column":27}},"99":{"start":{"line":194,"column":29},"end":{"line":197,"column":18}},"100":{"start":{"line":200,"column":34},"end":{"line":200,"column":66}},"101":{"start":{"line":201,"column":16},"end":{"line":204,"column":17}},"102":{"start":{"line":202,"column":20},"end":{"line":202,"column":101}},"103":{"start":{"line":203,"column":20},"end":{"line":203,"column":27}},"104":{"start":{"line":206,"column":16},"end":{"line":206,"column":57}},"105":{"start":{"line":207,"column":16},"end":{"line":207,"column":44}},"106":{"start":{"line":208,"column":16},"end":{"line":208,"column":72}},"107":{"start":{"line":209,"column":16},"end":{"line":209,"column":37}},"108":{"start":{"line":211,"column":16},"end":{"line":215,"column":19}},"109":{"start":{"line":218,"column":16},"end":{"line":221,"column":18}},"110":{"start":{"line":223,"column":33},"end":{"line":223,"column":77}},"111":{"start":{"line":224,"column":37},"end":{"line":234,"column":17}},"112":{"start":{"line":236,"column":16},"end":{"line":236,"column":66}},"113":{"start":{"line":238,"column":16},"end":{"line":238,"column":63}},"114":{"start":{"line":242,"column":34},"end":{"line":310,"column":9}},"115":{"start":{"line":243,"column":12},"end":{"line":309,"column":13}},"116":{"start":{"line":244,"column":32},"end":{"line":244,"column":77}},"117":{"start":{"line":245,"column":16},"end":{"line":245,"column":70}},"118":{"start":{"line":245,"column":63},"end":{"line":245,"column":70}},"119":{"start":{"line":247,"column":29},"end":{"line":250,"column":18}},"120":{"start":{"line":252,"column":16},"end":{"line":252,"column":42}},"121":{"start":{"line":253,"column":16},"end":{"line":253,"column":37}},"122":{"start":{"line":255,"column":16},"end":{"line":257,"column":19}},"123":{"start":{"line":259,"column":35},"end":{"line":261,"column":18}},"124":{"start":{"line":264,"column":16},"end":{"line":270,"column":19}},"125":{"start":{"line":265,"column":20},"end":{"line":269,"column":23}},"126":{"start":{"line":272,"column":36},"end":{"line":277,"column":18}},"127":{"start":{"line":279,"column":40},"end":{"line":279,"column":84}},"128":{"start":{"line":280,"column":32},"end":{"line":280,"column":139}},"129":{"start":{"line":281,"column":37},"end":{"line":281,"column":114}},"130":{"start":{"line":281,"column":59},"end":{"line":281,"column":113}},"131":{"start":{"line":281,"column":82},"end":{"line":281,"column":105}},"132":{"start":{"line":283,"column":36},"end":{"line":283,"column":38}},"133":{"start":{"line":284,"column":16},"end":{"line":299,"column":17}},"134":{"start":{"line":286,"column":39},"end":{"line":294,"column":22}},"135":{"start":{"line":295,"column":20},"end":{"line":298,"column":24}},"136":{"start":{"line":295,"column":57},"end":{"line":298,"column":21}},"137":{"start":{"line":301,"column":16},"end":{"line":306,"column":19}},"138":{"start":{"line":308,"column":16},"end":{"line":308,"column":66}},"139":{"start":{"line":314,"column":8},"end":{"line":339,"column":11}},"140":{"start":{"line":315,"column":37},"end":{"line":315,"column":84}},"141":{"start":{"line":316,"column":12},"end":{"line":316,"column":100}},"142":{"start":{"line":316,"column":23},"end":{"line":316,"column":100}},"143":{"start":{"line":317,"column":74},"end":{"line":317,"column":79}},"144":{"start":{"line":319,"column":24},"end":{"line":319,"column":45}},"145":{"start":{"line":320,"column":12},"end":{"line":338,"column":13}},"146":{"start":{"line":321,"column":31},"end":{"line":321,"column":101}},"147":{"start":{"line":323,"column":16},"end":{"line":326,"column":17}},"148":{"start":{"line":324,"column":20},"end":{"line":324,"column":68}},"149":{"start":{"line":324,"column":61},"end":{"line":324,"column":68}},"150":{"start":{"line":325,"column":20},"end":{"line":325,"column":62}},"151":{"start":{"line":328,"column":16},"end":{"line":332,"column":19}},"152":{"start":{"line":334,"column":16},"end":{"line":334,"column":65}},"153":{"start":{"line":335,"column":16},"end":{"line":335,"column":93}},"154":{"start":{"line":337,"column":16},"end":{"line":337,"column":62}},"155":{"start":{"line":342,"column":8},"end":{"line":359,"column":11}},"156":{"start":{"line":343,"column":37},"end":{"line":343,"column":84}},"157":{"start":{"line":344,"column":12},"end":{"line":344,"column":100}},"158":{"start":{"line":344,"column":23},"end":{"line":344,"column":100}},"159":{"start":{"line":345,"column":43},"end":{"line":345,"column":48}},"160":{"start":{"line":347,"column":24},"end":{"line":347,"column":45}},"161":{"start":{"line":350,"column":28},"end":{"line":350,"column":73}},"162":{"start":{"line":351,"column":12},"end":{"line":351,"column":33}},"163":{"start":{"line":351,"column":26},"end":{"line":351,"column":33}},"164":{"start":{"line":353,"column":27},"end":{"line":353,"column":77}},"165":{"start":{"line":354,"column":12},"end":{"line":356,"column":13}},"166":{"start":{"line":355,"column":16},"end":{"line":355,"column":60}},"167":{"start":{"line":358,"column":12},"end":{"line":358,"column":41}},"168":{"start":{"line":362,"column":29},"end":{"line":362,"column":38}},"169":{"start":{"line":363,"column":8},"end":{"line":379,"column":11}},"170":{"start":{"line":364,"column":37},"end":{"line":364,"column":84}},"171":{"start":{"line":365,"column":12},"end":{"line":365,"column":30}},"172":{"start":{"line":365,"column":23},"end":{"line":365,"column":30}},"173":{"start":{"line":366,"column":43},"end":{"line":366,"column":48}},"174":{"start":{"line":368,"column":24},"end":{"line":368,"column":45}},"175":{"start":{"line":369,"column":24},"end":{"line":369,"column":34}},"176":{"start":{"line":370,"column":29},"end":{"line":370,"column":61}},"177":{"start":{"line":373,"column":12},"end":{"line":373,"column":45}},"178":{"start":{"line":373,"column":38},"end":{"line":373,"column":45}},"179":{"start":{"line":375,"column":12},"end":{"line":375,"column":45}},"180":{"start":{"line":378,"column":12},"end":{"line":378,"column":82}},"181":{"start":{"line":382,"column":8},"end":{"line":402,"column":11}},"182":{"start":{"line":383,"column":37},"end":{"line":383,"column":82}},"183":{"start":{"line":384,"column":12},"end":{"line":384,"column":100}},"184":{"start":{"line":384,"column":23},"end":{"line":384,"column":100}},"185":{"start":{"line":385,"column":49},"end":{"line":385,"column":54}},"186":{"start":{"line":387,"column":24},"end":{"line":387,"column":45}},"187":{"start":{"line":388,"column":12},"end":{"line":401,"column":13}},"188":{"start":{"line":389,"column":32},"end":{"line":389,"column":77}},"189":{"start":{"line":390,"column":16},"end":{"line":390,"column":37}},"190":{"start":{"line":390,"column":30},"end":{"line":390,"column":37}},"191":{"start":{"line":392,"column":31},"end":{"line":392,"column":81}},"192":{"start":{"line":393,"column":16},"end":{"line":393,"column":65}},"193":{"start":{"line":393,"column":58},"end":{"line":393,"column":65}},"194":{"start":{"line":395,"column":16},"end":{"line":395,"column":40}},"195":{"start":{"line":396,"column":16},"end":{"line":396,"column":37}},"196":{"start":{"line":398,"column":16},"end":{"line":398,"column":54}},"197":{"start":{"line":400,"column":16},"end":{"line":400,"column":35}},"198":{"start":{"line":405,"column":8},"end":{"line":555,"column":11}},"199":{"start":{"line":406,"column":37},"end":{"line":406,"column":79}},"200":{"start":{"line":407,"column":12},"end":{"line":407,"column":100}},"201":{"start":{"line":407,"column":23},"end":{"line":407,"column":100}},"202":{"start":{"line":408,"column":43},"end":{"line":408,"column":48}},"203":{"start":{"line":410,"column":24},"end":{"line":410,"column":45}},"204":{"start":{"line":411,"column":12},"end":{"line":554,"column":13}},"205":{"start":{"line":412,"column":32},"end":{"line":412,"column":77}},"206":{"start":{"line":413,"column":16},"end":{"line":413,"column":37}},"207":{"start":{"line":413,"column":30},"end":{"line":413,"column":37}},"208":{"start":{"line":416,"column":31},"end":{"line":416,"column":81}},"209":{"start":{"line":417,"column":16},"end":{"line":419,"column":17}},"210":{"start":{"line":418,"column":20},"end":{"line":418,"column":64}},"211":{"start":{"line":421,"column":16},"end":{"line":421,"column":44}},"212":{"start":{"line":422,"column":16},"end":{"line":422,"column":37}},"213":{"start":{"line":424,"column":32},"end":{"line":427,"column":18}},"214":{"start":{"line":429,"column":36},"end":{"line":429,"column":38}},"215":{"start":{"line":430,"column":16},"end":{"line":444,"column":17}},"216":{"start":{"line":431,"column":39},"end":{"line":439,"column":22}},"217":{"start":{"line":440,"column":20},"end":{"line":443,"column":24}},"218":{"start":{"line":440,"column":57},"end":{"line":443,"column":21}},"219":{"start":{"line":449,"column":37},"end":{"line":449,"column":135}},"220":{"start":{"line":450,"column":40},"end":{"line":450,"column":42}},"221":{"start":{"line":451,"column":39},"end":{"line":451,"column":41}},"222":{"start":{"line":453,"column":16},"end":{"line":524,"column":17}},"223":{"start":{"line":454,"column":33},"end":{"line":457,"column":22}},"224":{"start":{"line":459,"column":39},"end":{"line":461,"column":22}},"225":{"start":{"line":463,"column":43},"end":{"line":463,"column":64}},"226":{"start":{"line":464,"column":42},"end":{"line":464,"column":56}},"227":{"start":{"line":467,"column":20},"end":{"line":486,"column":23}},"228":{"start":{"line":468,"column":44},"end":{"line":468,"column":93}},"229":{"start":{"line":468,"column":67},"end":{"line":468,"column":92}},"230":{"start":{"line":469,"column":47},"end":{"line":469,"column":65}},"231":{"start":{"line":470,"column":45},"end":{"line":470,"column":88}},"232":{"start":{"line":470,"column":69},"end":{"line":470,"column":80}},"233":{"start":{"line":471,"column":47},"end":{"line":471,"column":76}},"234":{"start":{"line":472,"column":50},"end":{"line":472,"column":124}},"235":{"start":{"line":474,"column":24},"end":{"line":485,"column":26}},"236":{"start":{"line":489,"column":20},"end":{"line":508,"column":23}},"237":{"start":{"line":490,"column":47},"end":{"line":490,"column":90}},"238":{"start":{"line":490,"column":70},"end":{"line":490,"column":89}},"239":{"start":{"line":491,"column":46},"end":{"line":491,"column":67}},"240":{"start":{"line":492,"column":47},"end":{"line":492,"column":93}},"241":{"start":{"line":492,"column":74},"end":{"line":492,"column":85}},"242":{"start":{"line":493,"column":49},"end":{"line":493,"column":79}},"243":{"start":{"line":494,"column":41},"end":{"line":494,"column":115}},"244":{"start":{"line":496,"column":24},"end":{"line":507,"column":26}},"245":{"start":{"line":511,"column":51},"end":{"line":511,"column":68}},"246":{"start":{"line":512,"column":20},"end":{"line":520,"column":22}},"247":{"start":{"line":515,"column":96},"end":{"line":515,"column":109}},"248":{"start":{"line":516,"column":118},"end":{"line":516,"column":134}},"249":{"start":{"line":517,"column":78},"end":{"line":517,"column":91}},"250":{"start":{"line":518,"column":79},"end":{"line":518,"column":95}},"251":{"start":{"line":523,"column":20},"end":{"line":523,"column":79}},"252":{"start":{"line":527,"column":16},"end":{"line":527,"column":92}},"253":{"start":{"line":528,"column":16},"end":{"line":528,"column":37}},"254":{"start":{"line":531,"column":16},"end":{"line":545,"column":17}},"255":{"start":{"line":532,"column":20},"end":{"line":544,"column":21}},"256":{"start":{"line":533,"column":24},"end":{"line":543,"column":25}},"257":{"start":{"line":534,"column":44},"end":{"line":534,"column":91}},"258":{"start":{"line":535,"column":28},"end":{"line":540,"column":29}},"259":{"start":{"line":536,"column":32},"end":{"line":536,"column":54}},"260":{"start":{"line":537,"column":32},"end":{"line":537,"column":57}},"261":{"start":{"line":538,"column":32},"end":{"line":538,"column":82}},"262":{"start":{"line":539,"column":32},"end":{"line":539,"column":53}},"263":{"start":{"line":542,"column":28},"end":{"line":542,"column":69}},"264":{"start":{"line":547,"column":16},"end":{"line":551,"column":19}},"265":{"start":{"line":553,"column":16},"end":{"line":553,"column":35}},"266":{"start":{"line":557,"column":8},"end":{"line":588,"column":11}},"267":{"start":{"line":558,"column":12},"end":{"line":558,"column":57}},"268":{"start":{"line":559,"column":44},"end":{"line":559,"column":61}},"269":{"start":{"line":561,"column":12},"end":{"line":587,"column":13}},"270":{"start":{"line":562,"column":16},"end":{"line":583,"column":17}},"271":{"start":{"line":563,"column":35},"end":{"line":565,"column":22}},"272":{"start":{"line":567,"column":20},"end":{"line":580,"column":21}},"273":{"start":{"line":569,"column":24},"end":{"line":569,"column":47}},"274":{"start":{"line":570,"column":24},"end":{"line":570,"column":44}},"275":{"start":{"line":573,"column":40},"end":{"line":576,"column":26}},"276":{"start":{"line":577,"column":24},"end":{"line":579,"column":25}},"277":{"start":{"line":578,"column":28},"end":{"line":578,"column":78}},"278":{"start":{"line":582,"column":20},"end":{"line":582,"column":71}},"279":{"start":{"line":584,"column":19},"end":{"line":587,"column":13}},"280":{"start":{"line":586,"column":16},"end":{"line":586,"column":53}}},"fnMap":{"0":{"name":"(anonymous_0)","decl":{"start":{"line":13,"column":16},"end":{"line":13,"column":17}},"loc":{"start":{"line":13,"column":53},"end":{"line":22,"column":1}},"line":13},"1":{"name":"(anonymous_1)","decl":{"start":{"line":24,"column":17},"end":{"line":24,"column":18}},"loc":{"start":{"line":24,"column":25},"end":{"line":590,"column":1}},"line":24},"2":{"name":"(anonymous_2)","decl":{"start":{"line":25,"column":24},"end":{"line":25,"column":25}},"loc":{"start":{"line":25,"column":36},"end":{"line":589,"column":5}},"line":25},"3":{"name":"(anonymous_3)","decl":{"start":{"line":29,"column":31},"end":{"line":29,"column":32}},"loc":{"start":{"line":29,"column":50},"end":{"line":172,"column":9}},"line":29},"4":{"name":"(anonymous_4)","decl":{"start":{"line":175,"column":36},"end":{"line":175,"column":37}},"loc":{"start":{"line":175,"column":55},"end":{"line":240,"column":9}},"line":175},"5":{"name":"(anonymous_5)","decl":{"start":{"line":242,"column":34},"end":{"line":242,"column":35}},"loc":{"start":{"line":242,"column":49},"end":{"line":310,"column":9}},"line":242},"6":{"name":"(anonymous_6)","decl":{"start":{"line":264,"column":35},"end":{"line":264,"column":36}},"loc":{"start":{"line":264,"column":45},"end":{"line":270,"column":17}},"line":264},"7":{"name":"(anonymous_7)","decl":{"start":{"line":281,"column":49},"end":{"line":281,"column":50}},"loc":{"start":{"line":281,"column":59},"end":{"line":281,"column":113}},"line":281},"8":{"name":"(anonymous_8)","decl":{"start":{"line":281,"column":77},"end":{"line":281,"column":78}},"loc":{"start":{"line":281,"column":82},"end":{"line":281,"column":105}},"line":281},"9":{"name":"(anonymous_9)","decl":{"start":{"line":295,"column":51},"end":{"line":295,"column":52}},"loc":{"start":{"line":295,"column":57},"end":{"line":298,"column":21}},"line":295},"10":{"name":"(anonymous_10)","decl":{"start":{"line":314,"column":35},"end":{"line":314,"column":36}},"loc":{"start":{"line":314,"column":54},"end":{"line":339,"column":9}},"line":314},"11":{"name":"(anonymous_11)","decl":{"start":{"line":342,"column":35},"end":{"line":342,"column":36}},"loc":{"start":{"line":342,"column":54},"end":{"line":359,"column":9}},"line":342},"12":{"name":"(anonymous_12)","decl":{"start":{"line":363,"column":35},"end":{"line":363,"column":36}},"loc":{"start":{"line":363,"column":48},"end":{"line":379,"column":9}},"line":363},"13":{"name":"(anonymous_13)","decl":{"start":{"line":382,"column":33},"end":{"line":382,"column":34}},"loc":{"start":{"line":382,"column":52},"end":{"line":402,"column":9}},"line":382},"14":{"name":"(anonymous_14)","decl":{"start":{"line":405,"column":30},"end":{"line":405,"column":31}},"loc":{"start":{"line":405,"column":49},"end":{"line":555,"column":9}},"line":405},"15":{"name":"(anonymous_15)","decl":{"start":{"line":440,"column":51},"end":{"line":440,"column":52}},"loc":{"start":{"line":440,"column":57},"end":{"line":443,"column":21}},"line":440},"16":{"name":"(anonymous_16)","decl":{"start":{"line":467,"column":59},"end":{"line":467,"column":60}},"loc":{"start":{"line":467,"column":73},"end":{"line":486,"column":21}},"line":467},"17":{"name":"(anonymous_17)","decl":{"start":{"line":468,"column":62},"end":{"line":468,"column":63}},"loc":{"start":{"line":468,"column":67},"end":{"line":468,"column":92}},"line":468},"18":{"name":"(anonymous_18)","decl":{"start":{"line":470,"column":64},"end":{"line":470,"column":65}},"loc":{"start":{"line":470,"column":69},"end":{"line":470,"column":80}},"line":470},"19":{"name":"(anonymous_19)","decl":{"start":{"line":489,"column":51},"end":{"line":489,"column":52}},"loc":{"start":{"line":489,"column":56},"end":{"line":508,"column":21}},"line":489},"20":{"name":"(anonymous_20)","decl":{"start":{"line":490,"column":65},"end":{"line":490,"column":66}},"loc":{"start":{"line":490,"column":70},"end":{"line":490,"column":89}},"line":490},"21":{"name":"(anonymous_21)","decl":{"start":{"line":492,"column":69},"end":{"line":492,"column":70}},"loc":{"start":{"line":492,"column":74},"end":{"line":492,"column":85}},"line":492},"22":{"name":"(anonymous_22)","decl":{"start":{"line":515,"column":84},"end":{"line":515,"column":85}},"loc":{"start":{"line":515,"column":96},"end":{"line":515,"column":109}},"line":515},"23":{"name":"(anonymous_23)","decl":{"start":{"line":516,"column":106},"end":{"line":516,"column":107}},"loc":{"start":{"line":516,"column":118},"end":{"line":516,"column":134}},"line":516},"24":{"name":"(anonymous_24)","decl":{"start":{"line":517,"column":73},"end":{"line":517,"column":74}},"loc":{"start":{"line":517,"column":78},"end":{"line":517,"column":91}},"line":517},"25":{"name":"(anonymous_25)","decl":{"start":{"line":518,"column":74},"end":{"line":518,"column":75}},"loc":{"start":{"line":518,"column":79},"end":{"line":518,"column":95}},"line":518},"26":{"name":"(anonymous_26)","decl":{"start":{"line":557,"column":32},"end":{"line":557,"column":33}},"loc":{"start":{"line":557,"column":44},"end":{"line":588,"column":9}},"line":557}},"branchMap":{"0":{"loc":{"start":{"line":13,"column":36},"end":{"line":13,"column":48}},"type":"default-arg","locations":[{"start":{"line":13,"column":46},"end":{"line":13,"column":48}}],"line":13},"1":{"loc":{"start":{"line":31,"column":12},"end":{"line":31,"column":100}},"type":"if","locations":[{"start":{"line":31,"column":12},"end":{"line":31,"column":100}},{"start":{},"end":{}}],"line":31},"2":{"loc":{"start":{"line":36,"column":34},"end":{"line":36,"column":99}},"type":"cond-expr","locations":[{"start":{"line":36,"column":45},"end":{"line":36,"column":94}},{"start":{"line":36,"column":97},"end":{"line":36,"column":99}}],"line":36},"3":{"loc":{"start":{"line":44,"column":16},"end":{"line":46,"column":17}},"type":"if","locations":[{"start":{"line":44,"column":16},"end":{"line":46,"column":17}},{"start":{},"end":{}}],"line":44},"4":{"loc":{"start":{"line":48,"column":16},"end":{"line":50,"column":17}},"type":"if","locations":[{"start":{"line":48,"column":16},"end":{"line":50,"column":17}},{"start":{},"end":{}}],"line":48},"5":{"loc":{"start":{"line":48,"column":20},"end":{"line":48,"column":68}},"type":"binary-expr","locations":[{"start":{"line":48,"column":20},"end":{"line":48,"column":49}},{"start":{"line":48,"column":53},"end":{"line":48,"column":68}}],"line":48},"6":{"loc":{"start":{"line":52,"column":16},"end":{"line":167,"column":17}},"type":"if","locations":[{"start":{"line":52,"column":16},"end":{"line":167,"column":17}},{"start":{"line":139,"column":23},"end":{"line":167,"column":17}}],"line":52},"7":{"loc":{"start":{"line":53,"column":20},"end":{"line":53,"column":89}},"type":"if","locations":[{"start":{"line":53,"column":20},"end":{"line":53,"column":89}},{"start":{},"end":{}}],"line":53},"8":{"loc":{"start":{"line":59,"column":20},"end":{"line":67,"column":21}},"type":"if","locations":[{"start":{"line":59,"column":20},"end":{"line":67,"column":21}},{"start":{},"end":{}}],"line":59},"9":{"loc":{"start":{"line":61,"column":24},"end":{"line":66,"column":25}},"type":"if","locations":[{"start":{"line":61,"column":24},"end":{"line":66,"column":25}},{"start":{},"end":{}}],"line":61},"10":{"loc":{"start":{"line":61,"column":28},"end":{"line":61,"column":109}},"type":"binary-expr","locations":[{"start":{"line":61,"column":28},"end":{"line":61,"column":35}},{"start":{"line":61,"column":39},"end":{"line":61,"column":71}},{"start":{"line":61,"column":75},"end":{"line":61,"column":109}}],"line":61},"11":{"loc":{"start":{"line":65,"column":28},"end":{"line":65,"column":57}},"type":"if","locations":[{"start":{"line":65,"column":28},"end":{"line":65,"column":57}},{"start":{},"end":{}}],"line":65},"12":{"loc":{"start":{"line":71,"column":24},"end":{"line":76,"column":25}},"type":"if","locations":[{"start":{"line":71,"column":24},"end":{"line":76,"column":25}},{"start":{},"end":{}}],"line":71},"13":{"loc":{"start":{"line":78,"column":24},"end":{"line":98,"column":25}},"type":"if","locations":[{"start":{"line":78,"column":24},"end":{"line":98,"column":25}},{"start":{"line":87,"column":31},"end":{"line":98,"column":25}}],"line":78},"14":{"loc":{"start":{"line":80,"column":28},"end":{"line":82,"column":29}},"type":"if","locations":[{"start":{"line":80,"column":28},"end":{"line":82,"column":29}},{"start":{},"end":{}}],"line":80},"15":{"loc":{"start":{"line":80,"column":32},"end":{"line":80,"column":61}},"type":"binary-expr","locations":[{"start":{"line":80,"column":32},"end":{"line":80,"column":42}},{"start":{"line":80,"column":46},"end":{"line":80,"column":61}}],"line":80},"16":{"loc":{"start":{"line":84,"column":28},"end":{"line":84,"column":63}},"type":"if","locations":[{"start":{"line":84,"column":28},"end":{"line":84,"column":63}},{"start":{},"end":{}}],"line":84},"17":{"loc":{"start":{"line":85,"column":28},"end":{"line":85,"column":117}},"type":"if","locations":[{"start":{"line":85,"column":28},"end":{"line":85,"column":117}},{"start":{},"end":{}}],"line":85},"18":{"loc":{"start":{"line":85,"column":32},"end":{"line":85,"column":74}},"type":"binary-expr","locations":[{"start":{"line":85,"column":32},"end":{"line":85,"column":47}},{"start":{"line":85,"column":51},"end":{"line":85,"column":74}}],"line":85},"19":{"loc":{"start":{"line":91,"column":42},"end":{"line":91,"column":58}},"type":"binary-expr","locations":[{"start":{"line":91,"column":42},"end":{"line":91,"column":50}},{"start":{"line":91,"column":54},"end":{"line":91,"column":58}}],"line":91},"20":{"loc":{"start":{"line":96,"column":40},"end":{"line":96,"column":55}},"type":"binary-expr","locations":[{"start":{"line":96,"column":40},"end":{"line":96,"column":46}},{"start":{"line":96,"column":50},"end":{"line":96,"column":55}}],"line":96},"21":{"loc":{"start":{"line":100,"column":24},"end":{"line":103,"column":25}},"type":"if","locations":[{"start":{"line":100,"column":24},"end":{"line":103,"column":25}},{"start":{},"end":{}}],"line":100},"22":{"loc":{"start":{"line":130,"column":20},"end":{"line":138,"column":21}},"type":"if","locations":[{"start":{"line":130,"column":20},"end":{"line":138,"column":21}},{"start":{},"end":{}}],"line":130},"23":{"loc":{"start":{"line":130,"column":24},"end":{"line":130,"column":84}},"type":"binary-expr","locations":[{"start":{"line":130,"column":24},"end":{"line":130,"column":53}},{"start":{"line":130,"column":57},"end":{"line":130,"column":84}}],"line":130},"24":{"loc":{"start":{"line":139,"column":23},"end":{"line":167,"column":17}},"type":"if","locations":[{"start":{"line":139,"column":23},"end":{"line":167,"column":17}},{"start":{"line":164,"column":23},"end":{"line":167,"column":17}}],"line":139},"25":{"loc":{"start":{"line":141,"column":20},"end":{"line":143,"column":21}},"type":"if","locations":[{"start":{"line":141,"column":20},"end":{"line":143,"column":21}},{"start":{},"end":{}}],"line":141},"26":{"loc":{"start":{"line":141,"column":24},"end":{"line":141,"column":60}},"type":"binary-expr","locations":[{"start":{"line":141,"column":24},"end":{"line":141,"column":31}},{"start":{"line":141,"column":35},"end":{"line":141,"column":60}}],"line":141},"27":{"loc":{"start":{"line":153,"column":20},"end":{"line":163,"column":21}},"type":"if","locations":[{"start":{"line":153,"column":20},"end":{"line":163,"column":21}},{"start":{"line":161,"column":27},"end":{"line":163,"column":21}}],"line":153},"28":{"loc":{"start":{"line":153,"column":24},"end":{"line":153,"column":84}},"type":"binary-expr","locations":[{"start":{"line":153,"column":24},"end":{"line":153,"column":53}},{"start":{"line":153,"column":57},"end":{"line":153,"column":84}}],"line":153},"29":{"loc":{"start":{"line":164,"column":23},"end":{"line":167,"column":17}},"type":"if","locations":[{"start":{"line":164,"column":23},"end":{"line":167,"column":17}},{"start":{},"end":{}}],"line":164},"30":{"loc":{"start":{"line":177,"column":12},"end":{"line":177,"column":100}},"type":"if","locations":[{"start":{"line":177,"column":12},"end":{"line":177,"column":100}},{"start":{},"end":{}}],"line":177},"31":{"loc":{"start":{"line":184,"column":16},"end":{"line":186,"column":17}},"type":"if","locations":[{"start":{"line":184,"column":16},"end":{"line":186,"column":17}},{"start":{},"end":{}}],"line":184},"32":{"loc":{"start":{"line":184,"column":20},"end":{"line":184,"column":56}},"type":"binary-expr","locations":[{"start":{"line":184,"column":20},"end":{"line":184,"column":27}},{"start":{"line":184,"column":31},"end":{"line":184,"column":56}}],"line":184},"33":{"loc":{"start":{"line":189,"column":16},"end":{"line":192,"column":17}},"type":"if","locations":[{"start":{"line":189,"column":16},"end":{"line":192,"column":17}},{"start":{},"end":{}}],"line":189},"34":{"loc":{"start":{"line":201,"column":16},"end":{"line":204,"column":17}},"type":"if","locations":[{"start":{"line":201,"column":16},"end":{"line":204,"column":17}},{"start":{},"end":{}}],"line":201},"35":{"loc":{"start":{"line":245,"column":16},"end":{"line":245,"column":70}},"type":"if","locations":[{"start":{"line":245,"column":16},"end":{"line":245,"column":70}},{"start":{},"end":{}}],"line":245},"36":{"loc":{"start":{"line":245,"column":20},"end":{"line":245,"column":61}},"type":"binary-expr","locations":[{"start":{"line":245,"column":20},"end":{"line":245,"column":28}},{"start":{"line":245,"column":32},"end":{"line":245,"column":61}}],"line":245},"37":{"loc":{"start":{"line":280,"column":32},"end":{"line":280,"column":139}},"type":"cond-expr","locations":[{"start":{"line":280,"column":78},"end":{"line":280,"column":113}},{"start":{"line":280,"column":116},"end":{"line":280,"column":139}}],"line":280},"38":{"loc":{"start":{"line":284,"column":16},"end":{"line":299,"column":17}},"type":"if","locations":[{"start":{"line":284,"column":16},"end":{"line":299,"column":17}},{"start":{},"end":{}}],"line":284},"39":{"loc":{"start":{"line":304,"column":34},"end":{"line":304,"column":87}},"type":"cond-expr","locations":[{"start":{"line":304,"column":52},"end":{"line":304,"column":80}},{"start":{"line":304,"column":83},"end":{"line":304,"column":87}}],"line":304},"40":{"loc":{"start":{"line":316,"column":12},"end":{"line":316,"column":100}},"type":"if","locations":[{"start":{"line":316,"column":12},"end":{"line":316,"column":100}},{"start":{},"end":{}}],"line":316},"41":{"loc":{"start":{"line":323,"column":16},"end":{"line":326,"column":17}},"type":"if","locations":[{"start":{"line":323,"column":16},"end":{"line":326,"column":17}},{"start":{},"end":{}}],"line":323},"42":{"loc":{"start":{"line":324,"column":20},"end":{"line":324,"column":68}},"type":"if","locations":[{"start":{"line":324,"column":20},"end":{"line":324,"column":68}},{"start":{},"end":{}}],"line":324},"43":{"loc":{"start":{"line":344,"column":12},"end":{"line":344,"column":100}},"type":"if","locations":[{"start":{"line":344,"column":12},"end":{"line":344,"column":100}},{"start":{},"end":{}}],"line":344},"44":{"loc":{"start":{"line":351,"column":12},"end":{"line":351,"column":33}},"type":"if","locations":[{"start":{"line":351,"column":12},"end":{"line":351,"column":33}},{"start":{},"end":{}}],"line":351},"45":{"loc":{"start":{"line":354,"column":12},"end":{"line":356,"column":13}},"type":"if","locations":[{"start":{"line":354,"column":12},"end":{"line":356,"column":13}},{"start":{},"end":{}}],"line":354},"46":{"loc":{"start":{"line":354,"column":16},"end":{"line":354,"column":52}},"type":"binary-expr","locations":[{"start":{"line":354,"column":16},"end":{"line":354,"column":23}},{"start":{"line":354,"column":27},"end":{"line":354,"column":52}}],"line":354},"47":{"loc":{"start":{"line":365,"column":12},"end":{"line":365,"column":30}},"type":"if","locations":[{"start":{"line":365,"column":12},"end":{"line":365,"column":30}},{"start":{},"end":{}}],"line":365},"48":{"loc":{"start":{"line":370,"column":29},"end":{"line":370,"column":61}},"type":"binary-expr","locations":[{"start":{"line":370,"column":29},"end":{"line":370,"column":56}},{"start":{"line":370,"column":60},"end":{"line":370,"column":61}}],"line":370},"49":{"loc":{"start":{"line":373,"column":12},"end":{"line":373,"column":45}},"type":"if","locations":[{"start":{"line":373,"column":12},"end":{"line":373,"column":45}},{"start":{},"end":{}}],"line":373},"50":{"loc":{"start":{"line":384,"column":12},"end":{"line":384,"column":100}},"type":"if","locations":[{"start":{"line":384,"column":12},"end":{"line":384,"column":100}},{"start":{},"end":{}}],"line":384},"51":{"loc":{"start":{"line":390,"column":16},"end":{"line":390,"column":37}},"type":"if","locations":[{"start":{"line":390,"column":16},"end":{"line":390,"column":37}},{"start":{},"end":{}}],"line":390},"52":{"loc":{"start":{"line":393,"column":16},"end":{"line":393,"column":65}},"type":"if","locations":[{"start":{"line":393,"column":16},"end":{"line":393,"column":65}},{"start":{},"end":{}}],"line":393},"53":{"loc":{"start":{"line":393,"column":20},"end":{"line":393,"column":56}},"type":"binary-expr","locations":[{"start":{"line":393,"column":20},"end":{"line":393,"column":27}},{"start":{"line":393,"column":31},"end":{"line":393,"column":56}}],"line":393},"54":{"loc":{"start":{"line":407,"column":12},"end":{"line":407,"column":100}},"type":"if","locations":[{"start":{"line":407,"column":12},"end":{"line":407,"column":100}},{"start":{},"end":{}}],"line":407},"55":{"loc":{"start":{"line":413,"column":16},"end":{"line":413,"column":37}},"type":"if","locations":[{"start":{"line":413,"column":16},"end":{"line":413,"column":37}},{"start":{},"end":{}}],"line":413},"56":{"loc":{"start":{"line":417,"column":16},"end":{"line":419,"column":17}},"type":"if","locations":[{"start":{"line":417,"column":16},"end":{"line":419,"column":17}},{"start":{},"end":{}}],"line":417},"57":{"loc":{"start":{"line":417,"column":20},"end":{"line":417,"column":56}},"type":"binary-expr","locations":[{"start":{"line":417,"column":20},"end":{"line":417,"column":27}},{"start":{"line":417,"column":31},"end":{"line":417,"column":56}}],"line":417},"58":{"loc":{"start":{"line":430,"column":16},"end":{"line":444,"column":17}},"type":"if","locations":[{"start":{"line":430,"column":16},"end":{"line":444,"column":17}},{"start":{},"end":{}}],"line":430},"59":{"loc":{"start":{"line":472,"column":50},"end":{"line":472,"column":124}},"type":"cond-expr","locations":[{"start":{"line":472,"column":71},"end":{"line":472,"column":120}},{"start":{"line":472,"column":123},"end":{"line":472,"column":124}}],"line":472},"60":{"loc":{"start":{"line":481,"column":40},"end":{"line":483,"column":93}},"type":"cond-expr","locations":[{"start":{"line":482,"column":32},"end":{"line":483,"column":81}},{"start":{"line":483,"column":84},"end":{"line":483,"column":93}}],"line":481},"61":{"loc":{"start":{"line":482,"column":32},"end":{"line":483,"column":81}},"type":"cond-expr","locations":[{"start":{"line":482,"column":60},"end":{"line":482,"column":66}},{"start":{"line":483,"column":36},"end":{"line":483,"column":81}}],"line":482},"62":{"loc":{"start":{"line":483,"column":36},"end":{"line":483,"column":81}},"type":"cond-expr","locations":[{"start":{"line":483,"column":64},"end":{"line":483,"column":72}},{"start":{"line":483,"column":75},"end":{"line":483,"column":81}}],"line":483},"63":{"loc":{"start":{"line":494,"column":41},"end":{"line":494,"column":115}},"type":"cond-expr","locations":[{"start":{"line":494,"column":61},"end":{"line":494,"column":111}},{"start":{"line":494,"column":114},"end":{"line":494,"column":115}}],"line":494},"64":{"loc":{"start":{"line":515,"column":38},"end":{"line":515,"column":134}},"type":"cond-expr","locations":[{"start":{"line":515,"column":58},"end":{"line":515,"column":130}},{"start":{"line":515,"column":133},"end":{"line":515,"column":134}}],"line":515},"65":{"loc":{"start":{"line":516,"column":41},"end":{"line":516,"column":169}},"type":"cond-expr","locations":[{"start":{"line":516,"column":71},"end":{"line":516,"column":165}},{"start":{"line":516,"column":168},"end":{"line":516,"column":169}}],"line":516},"66":{"loc":{"start":{"line":519,"column":43},"end":{"line":519,"column":168}},"type":"cond-expr","locations":[{"start":{"line":519,"column":87},"end":{"line":519,"column":164}},{"start":{"line":519,"column":167},"end":{"line":519,"column":168}}],"line":519},"67":{"loc":{"start":{"line":519,"column":44},"end":{"line":519,"column":83}},"type":"binary-expr","locations":[{"start":{"line":519,"column":44},"end":{"line":519,"column":61}},{"start":{"line":519,"column":65},"end":{"line":519,"column":83}}],"line":519},"68":{"loc":{"start":{"line":532,"column":20},"end":{"line":544,"column":21}},"type":"if","locations":[{"start":{"line":532,"column":20},"end":{"line":544,"column":21}},{"start":{},"end":{}}],"line":532},"69":{"loc":{"start":{"line":535,"column":28},"end":{"line":540,"column":29}},"type":"if","locations":[{"start":{"line":535,"column":28},"end":{"line":540,"column":29}},{"start":{},"end":{}}],"line":535},"70":{"loc":{"start":{"line":559,"column":44},"end":{"line":559,"column":61}},"type":"binary-expr","locations":[{"start":{"line":559,"column":44},"end":{"line":559,"column":55}},{"start":{"line":559,"column":59},"end":{"line":559,"column":61}}],"line":559},"71":{"loc":{"start":{"line":561,"column":12},"end":{"line":587,"column":13}},"type":"if","locations":[{"start":{"line":561,"column":12},"end":{"line":587,"column":13}},{"start":{"line":584,"column":19},"end":{"line":587,"column":13}}],"line":561},"72":{"loc":{"start":{"line":561,"column":16},"end":{"line":561,"column":52}},"type":"binary-expr","locations":[{"start":{"line":561,"column":16},"end":{"line":561,"column":33}},{"start":{"line":561,"column":37},"end":{"line":561,"column":40}},{"start":{"line":561,"column":44},"end":{"line":561,"column":52}}],"line":561},"73":{"loc":{"start":{"line":567,"column":20},"end":{"line":580,"column":21}},"type":"if","locations":[{"start":{"line":567,"column":20},"end":{"line":580,"column":21}},{"start":{},"end":{}}],"line":567},"74":{"loc":{"start":{"line":577,"column":24},"end":{"line":579,"column":25}},"type":"if","locations":[{"start":{"line":577,"column":24},"end":{"line":579,"column":25}},{"start":{},"end":{}}],"line":577},"75":{"loc":{"start":{"line":584,"column":19},"end":{"line":587,"column":13}},"type":"if","locations":[{"start":{"line":584,"column":19},"end":{"line":587,"column":13}},{"start":{},"end":{}}],"line":584},"76":{"loc":{"start":{"line":584,"column":23},"end":{"line":584,"column":45}},"type":"binary-expr","locations":[{"start":{"line":584,"column":23},"end":{"line":584,"column":38}},{"start":{"line":584,"column":42},"end":{"line":584,"column":45}}],"line":584}},"s":{"0":0,"1":0,"2":0,"3":0,"4":0,"5":0,"6":0,"7":0,"8":0,"9":0,"10":0,"11":0,"12":0,"13":0,"14":0,"15":0,"16":0,"17":0,"18":0,"19":0,"20":0,"21":0,"22":0,"23":0,"24":0,"25":0,"26":0,"27":0,"28":0,"29":0,"30":0,"31":0,"32":0,"33":0,"34":0,"35":0,"36":0,"37":0,"38":0,"39":0,"40":0,"41":0,"42":0,"43":0,"44":0,"45":0,"46":0,"47":0,"48":0,"49":0,"50":0,"51":0,"52":0,"53":0,"54":0,"55":0,"56":0,"57":0,"58":0,"59":0,"60":0,"61":0,"62":0,"63":0,"64":0,"65":0,"66":0,"67":0,"68":0,"69":0,"70":0,"71":0,"72":0,"73":0,"74":0,"75":0,"76":0,"77":0,"78":0,"79":0,"80":0,"81":0,"82":0,"83":0,"84":0,"85":0,"86":0,"87":0,"88":0,"89":0,"90":0,"91":0,"92":0,"93":0,"94":0,"95":0,"96":0,"97":0,"98":0,"99":0,"100":0,"101":0,"102":0,"103":0,"104":0,"105":0,"106":0,"107":0,"108":0,"109":0,"110":0,"111":0,"112":0,"113":0,"114":0,"115":0,"116":0,"117":0,"118":0,"119":0,"120":0,"121":0,"122":0,"123":0,"124":0,"125":0,"126":0,"127":0,"128":0,"129":0,"130":0,"131":0,"132":0,"133":0,"134":0,"135":0,"136":0,"137":0,"138":0,"139":0,"140":0,"141":0,"142":0,"143":0,"144":0,"145":0,"146":0,"147":0,"148":0,"149":0,"150":0,"151":0,"152":0,"153":0,"154":0,"155":0,"156":0,"157":0,"158":0,"159":0,"160":0,"161":0,"162":0,"163":0,"164":0,"165":0,"166":0,"167":0,"168":0,"169":0,"170":0,"171":0,"172":0,"173":0,"174":0,"175":0,"176":0,"177":0,"178":0,"179":0,"180":0,"181":0,"182":0,"183":0,"184":0,"185":0,"186":0,"187":0,"188":0,"189":0,"190":0,"191":0,"192":0,"193":0,"194":0,"195":0,"196":0,"197":0,"198":0,"199":0,"200":0,"201":0,"202":0,"203":0,"204":0,"205":0,"206":0,"207":0,"208":0,"209":0,"210":0,"211":0,"212":0,"213":0,"214":0,"215":0,"216":0,"217":0,"218":0,"219":0,"220":0,"221":0,"222":0,"223":0,"224":0,"225":0,"226":0,"227":0,"228":0,"229":0,"230":0,"231":0,"232":0,"233":0,"234":0,"235":0,"236":0,"237":0,"238":0,"239":0,"240":0,"241":0,"242":0,"243":0,"244":0,"245":0,"246":0,"247":0,"248":0,"249":0,"250":0,"251":0,"252":0,"253":0,"254":0,"255":0,"256":0,"257":0,"258":0,"259":0,"260":0,"261":0,"262":0,"263":0,"264":0,"265":0,"266":0,"267":0,"268":0,"269":0,"270":0,"271":0,"272":0,"273":0,"274":0,"275":0,"276":0,"277":0,"278":0,"279":0,"280":0},"f":{"0":0,"1":0,"2":0,"3":0,"4":0,"5":0,"6":0,"7":0,"8":0,"9":0,"10":0,"11":0,"12":0,"13":0,"14":0,"15":0,"16":0,"17":0,"18":0,"19":0,"20":0,"21":0,"22":0,"23":0,"24":0,"25":0,"26":0},"b":{"0":[0],"1":[0,0],"2":[0,0],"3":[0,0],"4":[0,0],"5":[0,0],"6":[0,0],"7":[0,0],"8":[0,0],"9":[0,0],"10":[0,0,0],"11":[0,0],"12":[0,0],"13":[0,0],"14":[0,0],"15":[0,0],"16":[0,0],"17":[0,0],"18":[0,0],"19":[0,0],"20":[0,0],"21":[0,0],"22":[0,0],"23":[0,0],"24":[0,0],"25":[0,0],"26":[0,0],"27":[0,0],"28":[0,0],"29":[0,0],"30":[0,0],"31":[0,0],"32":[0,0],"33":[0,0],"34":[0,0],"35":[0,0],"36":[0,0],"37":[0,0],"38":[0,0],"39":[0,0],"40":[0,0],"41":[0,0],"42":[0,0],"43":[0,0],"44":[0,0],"45":[0,0],"46":[0,0],"47":[0,0],"48":[0,0],"49":[0,0],"50":[0,0],"51":[0,0],"52":[0,0],"53":[0,0],"54":[0,0],"55":[0,0],"56":[0,0],"57":[0,0],"58":[0,0],"59":[0,0],"60":[0,0],"61":[0,0],"62":[0,0],"63":[0,0],"64":[0,0],"65":[0,0],"66":[0,0],"67":[0,0],"68":[0,0],"69":[0,0],"70":[0,0],"71":[0,0],"72":[0,0,0],"73":[0,0],"74":[0,0],"75":[0,0],"76":[0,0]},"all":true},"C:\\kahoot-awareness\\server\\services\\SessionRecoveryService.js":{"path":"C:\\kahoot-awareness\\server\\services\\SessionRecoveryService.js","statementMap":{"0":{"start":{"line":16,"column":32},"end":{"line":16,"column":76}},"1":{"start":{"line":18,"column":24},"end":{"line":38,"column":9}},"2":{"start":{"line":40,"column":8},"end":{"line":48,"column":9}},"3":{"start":{"line":41,"column":12},"end":{"line":47,"column":14}},"4":{"start":{"line":50,"column":8},"end":{"line":50,"column":25}},"5":{"start":{"line":62,"column":32},"end":{"line":62,"column":76}},"6":{"start":{"line":64,"column":8},"end":{"line":77,"column":10}},"7":{"start":{"line":81,"column":0},"end":{"line":81,"column":40}}},"fnMap":{"0":{"name":"(anonymous_0)","decl":{"start":{"line":15,"column":4},"end":{"line":15,"column":5}},"loc":{"start":{"line":15,"column":84},"end":{"line":51,"column":5}},"line":15},"1":{"name":"(anonymous_1)","decl":{"start":{"line":61,"column":4},"end":{"line":61,"column":5}},"loc":{"start":{"line":61,"column":74},"end":{"line":78,"column":5}},"line":61}},"branchMap":{"0":{"loc":{"start":{"line":15,"column":59},"end":{"line":15,"column":82}},"type":"default-arg","locations":[{"start":{"line":15,"column":72},"end":{"line":15,"column":82}}],"line":15},"1":{"loc":{"start":{"line":20,"column":22},"end":{"line":29,"column":20}},"type":"cond-expr","locations":[{"start":{"line":20,"column":40},"end":{"line":29,"column":13}},{"start":{"line":29,"column":16},"end":{"line":29,"column":20}}],"line":20},"2":{"loc":{"start":{"line":28,"column":27},"end":{"line":28,"column":103}},"type":"cond-expr","locations":[{"start":{"line":28,"column":55},"end":{"line":28,"column":90}},{"start":{"line":28,"column":93},"end":{"line":28,"column":103}}],"line":28},"3":{"loc":{"start":{"line":34,"column":22},"end":{"line":36,"column":19}},"type":"cond-expr","locations":[{"start":{"line":35,"column":18},"end":{"line":35,"column":124}},{"start":{"line":36,"column":18},"end":{"line":36,"column":19}}],"line":34},"4":{"loc":{"start":{"line":34,"column":22},"end":{"line":34,"column":99}},"type":"binary-expr","locations":[{"start":{"line":34,"column":22},"end":{"line":34,"column":51}},{"start":{"line":34,"column":55},"end":{"line":34,"column":80}},{"start":{"line":34,"column":84},"end":{"line":34,"column":99}}],"line":34},"5":{"loc":{"start":{"line":40,"column":8},"end":{"line":48,"column":9}},"type":"if","locations":[{"start":{"line":40,"column":8},"end":{"line":48,"column":9}},{"start":{},"end":{}}],"line":40},"6":{"loc":{"start":{"line":45,"column":30},"end":{"line":45,"column":81}},"type":"cond-expr","locations":[{"start":{"line":45,"column":48},"end":{"line":45,"column":76}},{"start":{"line":45,"column":79},"end":{"line":45,"column":81}}],"line":45},"7":{"loc":{"start":{"line":61,"column":49},"end":{"line":61,"column":72}},"type":"default-arg","locations":[{"start":{"line":61,"column":62},"end":{"line":61,"column":72}}],"line":61},"8":{"loc":{"start":{"line":66,"column":29},"end":{"line":76,"column":20}},"type":"cond-expr","locations":[{"start":{"line":66,"column":47},"end":{"line":76,"column":13}},{"start":{"line":76,"column":16},"end":{"line":76,"column":20}}],"line":66},"9":{"loc":{"start":{"line":75,"column":27},"end":{"line":75,"column":103}},"type":"cond-expr","locations":[{"start":{"line":75,"column":55},"end":{"line":75,"column":90}},{"start":{"line":75,"column":93},"end":{"line":75,"column":103}}],"line":75}},"s":{"0":0,"1":0,"2":0,"3":0,"4":0,"5":0,"6":0,"7":0},"f":{"0":0,"1":0},"b":{"0":[0],"1":[0,0],"2":[0,0],"3":[0,0],"4":[0,0,0],"5":[0,0],"6":[0,0],"7":[0],"8":[0,0],"9":[0,0]},"all":true},"C:\\kahoot-awareness\\server\\services\\SessionAuthorizationService.js":{"path":"C:\\kahoot-awareness\\server\\services\\SessionAuthorizationService.js","statementMap":{"0":{"start":{"line":1,"column":12},"end":{"line":1,"column":35}},"1":{"start":{"line":3,"column":19},"end":{"line":3,"column":62}},"2":{"start":{"line":16,"column":8},"end":{"line":16,"column":32}},"3":{"start":{"line":16,"column":20},"end":{"line":16,"column":32}},"4":{"start":{"line":17,"column":8},"end":{"line":22,"column":9}},"5":{"start":{"line":18,"column":28},"end":{"line":18,"column":57}},"6":{"start":{"line":19,"column":12},"end":{"line":19,"column":34}},"7":{"start":{"line":21,"column":12},"end":{"line":21,"column":24}},"8":{"start":{"line":31,"column":8},"end":{"line":31,"column":32}},"9":{"start":{"line":31,"column":20},"end":{"line":31,"column":32}},"10":{"start":{"line":32,"column":8},"end":{"line":36,"column":9}},"11":{"start":{"line":33,"column":12},"end":{"line":33,"column":49}},"12":{"start":{"line":35,"column":12},"end":{"line":35,"column":24}},"13":{"start":{"line":47,"column":8},"end":{"line":51,"column":10}},"14":{"start":{"line":55,"column":0},"end":{"line":55,"column":45}}},"fnMap":{"0":{"name":"(anonymous_0)","decl":{"start":{"line":15,"column":4},"end":{"line":15,"column":5}},"loc":{"start":{"line":15,"column":34},"end":{"line":23,"column":5}},"line":15},"1":{"name":"(anonymous_1)","decl":{"start":{"line":30,"column":4},"end":{"line":30,"column":5}},"loc":{"start":{"line":30,"column":36},"end":{"line":37,"column":5}},"line":30},"2":{"name":"(anonymous_2)","decl":{"start":{"line":46,"column":4},"end":{"line":46,"column":5}},"loc":{"start":{"line":46,"column":62},"end":{"line":52,"column":5}},"line":46}},"branchMap":{"0":{"loc":{"start":{"line":3,"column":19},"end":{"line":3,"column":62}},"type":"binary-expr","locations":[{"start":{"line":3,"column":19},"end":{"line":3,"column":41}},{"start":{"line":3,"column":45},"end":{"line":3,"column":62}}],"line":3},"1":{"loc":{"start":{"line":16,"column":8},"end":{"line":16,"column":32}},"type":"if","locations":[{"start":{"line":16,"column":8},"end":{"line":16,"column":32}},{"start":{},"end":{}}],"line":16},"2":{"loc":{"start":{"line":31,"column":8},"end":{"line":31,"column":32}},"type":"if","locations":[{"start":{"line":31,"column":8},"end":{"line":31,"column":32}},{"start":{},"end":{}}],"line":31}},"s":{"0":0,"1":0,"2":0,"3":0,"4":0,"5":0,"6":0,"7":0,"8":0,"9":0,"10":0,"11":0,"12":0,"13":0,"14":0},"f":{"0":0,"1":0,"2":0},"b":{"0":[0,0],"1":[0,0],"2":[0,0]},"all":true},"C:\\kahoot-awareness\\server\\services\\ScoringService.js":{"path":"C:\\kahoot-awareness\\server\\services\\ScoringService.js","statementMap":{"0":{"start":{"line":15,"column":8},"end":{"line":17,"column":9}},"1":{"start":{"line":16,"column":12},"end":{"line":16,"column":61}},"2":{"start":{"line":19,"column":26},"end":{"line":19,"column":50}},"3":{"start":{"line":20,"column":25},"end":{"line":20,"column":28}},"4":{"start":{"line":22,"column":8},"end":{"line":28,"column":9}},"5":{"start":{"line":23,"column":12},"end":{"line":23,"column":29}},"6":{"start":{"line":24,"column":15},"end":{"line":28,"column":9}},"7":{"start":{"line":25,"column":12},"end":{"line":25,"column":29}},"8":{"start":{"line":26,"column":15},"end":{"line":28,"column":9}},"9":{"start":{"line":27,"column":12},"end":{"line":27,"column":29}},"10":{"start":{"line":30,"column":27},"end":{"line":30,"column":67}},"11":{"start":{"line":32,"column":8},"end":{"line":36,"column":10}},"12":{"start":{"line":40,"column":0},"end":{"line":40,"column":32}}},"fnMap":{"0":{"name":"(anonymous_0)","decl":{"start":{"line":14,"column":4},"end":{"line":14,"column":5}},"loc":{"start":{"line":14,"column":68},"end":{"line":37,"column":5}},"line":14}},"branchMap":{"0":{"loc":{"start":{"line":15,"column":8},"end":{"line":17,"column":9}},"type":"if","locations":[{"start":{"line":15,"column":8},"end":{"line":17,"column":9}},{"start":{},"end":{}}],"line":15},"1":{"loc":{"start":{"line":19,"column":27},"end":{"line":19,"column":45}},"type":"binary-expr","locations":[{"start":{"line":19,"column":27},"end":{"line":19,"column":40}},{"start":{"line":19,"column":44},"end":{"line":19,"column":45}}],"line":19},"2":{"loc":{"start":{"line":22,"column":8},"end":{"line":28,"column":9}},"type":"if","locations":[{"start":{"line":22,"column":8},"end":{"line":28,"column":9}},{"start":{"line":24,"column":15},"end":{"line":28,"column":9}}],"line":22},"3":{"loc":{"start":{"line":24,"column":15},"end":{"line":28,"column":9}},"type":"if","locations":[{"start":{"line":24,"column":15},"end":{"line":28,"column":9}},{"start":{"line":26,"column":15},"end":{"line":28,"column":9}}],"line":24},"4":{"loc":{"start":{"line":26,"column":15},"end":{"line":28,"column":9}},"type":"if","locations":[{"start":{"line":26,"column":15},"end":{"line":28,"column":9}},{"start":{},"end":{}}],"line":26},"5":{"loc":{"start":{"line":30,"column":42},"end":{"line":30,"column":60}},"type":"binary-expr","locations":[{"start":{"line":30,"column":42},"end":{"line":30,"column":55}},{"start":{"line":30,"column":59},"end":{"line":30,"column":60}}],"line":30}},"s":{"0":0,"1":0,"2":0,"3":0,"4":0,"5":0,"6":0,"7":0,"8":0,"9":0,"10":0,"11":0,"12":0},"f":{"0":0},"b":{"0":[0,0],"1":[0,0],"2":[0,0],"3":[0,0],"4":[0,0],"5":[0,0]},"all":true},"C:\\kahoot-awareness\\server\\services\\AnswerSubmissionService.js":{"path":"C:\\kahoot-awareness\\server\\services\\AnswerSubmissionService.js","statementMap":{"0":{"start":{"line":1,"column":46},"end":{"line":1,"column":78}},"1":{"start":{"line":2,"column":27},"end":{"line":2,"column":52}},"2":{"start":{"line":3,"column":23},"end":{"line":3,"column":50}},"3":{"start":{"line":4,"column":22},"end":{"line":4,"column":51}},"4":{"start":{"line":17,"column":24},"end":{"line":17,"column":69}},"5":{"start":{"line":18,"column":8},"end":{"line":20,"column":9}},"6":{"start":{"line":19,"column":12},"end":{"line":19,"column":54}},"7":{"start":{"line":23,"column":26},"end":{"line":23,"column":71}},"8":{"start":{"line":24,"column":20},"end":{"line":24,"column":30}},"9":{"start":{"line":25,"column":8},"end":{"line":27,"column":9}},"10":{"start":{"line":26,"column":12},"end":{"line":26,"column":61}},"11":{"start":{"line":30,"column":21},"end":{"line":33,"column":10}},"12":{"start":{"line":34,"column":25},"end":{"line":34,"column":69}},"13":{"start":{"line":35,"column":36},"end":{"line":35,"column":102}},"14":{"start":{"line":38,"column":29},"end":{"line":38,"column":124}},"15":{"start":{"line":39,"column":8},"end":{"line":41,"column":9}},"16":{"start":{"line":40,"column":12},"end":{"line":40,"column":53}},"17":{"start":{"line":43,"column":26},"end":{"line":43,"column":79}},"18":{"start":{"line":44,"column":26},"end":{"line":44,"column":75}},"19":{"start":{"line":47,"column":23},"end":{"line":95,"column":10}},"20":{"start":{"line":49,"column":27},"end":{"line":53,"column":14}},"21":{"start":{"line":55,"column":12},"end":{"line":57,"column":13}},"22":{"start":{"line":56,"column":16},"end":{"line":56,"column":53}},"23":{"start":{"line":59,"column":12},"end":{"line":61,"column":13}},"24":{"start":{"line":60,"column":16},"end":{"line":60,"column":61}},"25":{"start":{"line":64,"column":27},"end":{"line":64,"column":104}},"26":{"start":{"line":67,"column":12},"end":{"line":67,"column":42}},"27":{"start":{"line":68,"column":12},"end":{"line":68,"column":73}},"28":{"start":{"line":69,"column":12},"end":{"line":69,"column":49}},"29":{"start":{"line":70,"column":12},"end":{"line":70,"column":56}},"30":{"start":{"line":71,"column":12},"end":{"line":71,"column":49}},"31":{"start":{"line":72,"column":12},"end":{"line":72,"column":50}},"32":{"start":{"line":75,"column":12},"end":{"line":82,"column":35}},"33":{"start":{"line":87,"column":12},"end":{"line":87,"column":52}},"34":{"start":{"line":89,"column":12},"end":{"line":94,"column":14}},"35":{"start":{"line":97,"column":8},"end":{"line":97,"column":22}},"36":{"start":{"line":101,"column":0},"end":{"line":101,"column":41}}},"fnMap":{"0":{"name":"(anonymous_0)","decl":{"start":{"line":15,"column":4},"end":{"line":15,"column":5}},"loc":{"start":{"line":15,"column":58},"end":{"line":98,"column":5}},"line":15},"1":{"name":"(anonymous_1)","decl":{"start":{"line":47,"column":51},"end":{"line":47,"column":52}},"loc":{"start":{"line":47,"column":64},"end":{"line":95,"column":9}},"line":47}},"branchMap":{"0":{"loc":{"start":{"line":18,"column":8},"end":{"line":20,"column":9}},"type":"if","locations":[{"start":{"line":18,"column":8},"end":{"line":20,"column":9}},{"start":{},"end":{}}],"line":18},"1":{"loc":{"start":{"line":18,"column":12},"end":{"line":18,"column":53}},"type":"binary-expr","locations":[{"start":{"line":18,"column":12},"end":{"line":18,"column":20}},{"start":{"line":18,"column":24},"end":{"line":18,"column":53}}],"line":18},"2":{"loc":{"start":{"line":25,"column":8},"end":{"line":27,"column":9}},"type":"if","locations":[{"start":{"line":25,"column":8},"end":{"line":27,"column":9}},{"start":{},"end":{}}],"line":25},"3":{"loc":{"start":{"line":38,"column":30},"end":{"line":38,"column":116}},"type":"cond-expr","locations":[{"start":{"line":38,"column":69},"end":{"line":38,"column":97}},{"start":{"line":38,"column":100},"end":{"line":38,"column":116}}],"line":38},"4":{"loc":{"start":{"line":39,"column":8},"end":{"line":41,"column":9}},"type":"if","locations":[{"start":{"line":39,"column":8},"end":{"line":41,"column":9}},{"start":{},"end":{}}],"line":39},"5":{"loc":{"start":{"line":39,"column":12},"end":{"line":39,"column":58}},"type":"binary-expr","locations":[{"start":{"line":39,"column":12},"end":{"line":39,"column":27}},{"start":{"line":39,"column":31},"end":{"line":39,"column":58}}],"line":39},"6":{"loc":{"start":{"line":55,"column":12},"end":{"line":57,"column":13}},"type":"if","locations":[{"start":{"line":55,"column":12},"end":{"line":57,"column":13}},{"start":{},"end":{}}],"line":55},"7":{"loc":{"start":{"line":59,"column":12},"end":{"line":61,"column":13}},"type":"if","locations":[{"start":{"line":59,"column":12},"end":{"line":61,"column":13}},{"start":{},"end":{}}],"line":59}},"s":{"0":0,"1":0,"2":0,"3":0,"4":0,"5":0,"6":0,"7":0,"8":0,"9":0,"10":0,"11":0,"12":0,"13":0,"14":0,"15":0,"16":0,"17":0,"18":0,"19":0,"20":0,"21":0,"22":0,"23":0,"24":0,"25":0,"26":0,"27":0,"28":0,"29":0,"30":0,"31":0,"32":0,"33":0,"34":0,"35":0,"36":0},"f":{"0":0,"1":0},"b":{"0":[0,0],"1":[0,0],"2":[0,0],"3":[0,0],"4":[0,0],"5":[0,0],"6":[0,0],"7":[0,0]},"all":true},"C:\\kahoot-awareness\\server\\routes\\quizzes.js":{"path":"C:\\kahoot-awareness\\server\\routes\\quizzes.js","statementMap":{"0":{"start":{"line":1,"column":16},"end":{"line":1,"column":34}},"1":{"start":{"line":2,"column":15},"end":{"line":2,"column":31}},"2":{"start":{"line":3,"column":11},"end":{"line":3,"column":24}},"3":{"start":{"line":4,"column":13},"end":{"line":4,"column":28}},"4":{"start":{"line":5,"column":17},"end":{"line":5,"column":41}},"5":{"start":{"line":6,"column":27},"end":{"line":6,"column":52}},"6":{"start":{"line":7,"column":46},"end":{"line":7,"column":78}},"7":{"start":{"line":8,"column":13},"end":{"line":8,"column":36}},"8":{"start":{"line":9,"column":23},"end":{"line":9,"column":51}},"9":{"start":{"line":11,"column":12},"end":{"line":11,"column":26}},"10":{"start":{"line":14,"column":0},"end":{"line":18,"column":1}},"11":{"start":{"line":15,"column":4},"end":{"line":15,"column":77}},"12":{"start":{"line":17,"column":4},"end":{"line":17,"column":30}},"13":{"start":{"line":20,"column":23},"end":{"line":20,"column":49}},"14":{"start":{"line":21,"column":14},"end":{"line":21,"column":100}},"15":{"start":{"line":22,"column":19},"end":{"line":32,"column":16}},"16":{"start":{"line":35,"column":0},"end":{"line":76,"column":3}},"17":{"start":{"line":36,"column":4},"end":{"line":75,"column":5}},"18":{"start":{"line":37,"column":8},"end":{"line":39,"column":9}},"19":{"start":{"line":38,"column":12},"end":{"line":38,"column":100}},"20":{"start":{"line":41,"column":27},"end":{"line":41,"column":35}},"21":{"start":{"line":42,"column":8},"end":{"line":42,"column":84}},"22":{"start":{"line":42,"column":21},"end":{"line":42,"column":84}},"23":{"start":{"line":44,"column":22},"end":{"line":44,"column":75}},"24":{"start":{"line":46,"column":29},"end":{"line":61,"column":90}},"25":{"start":{"line":63,"column":23},"end":{"line":63,"column":64}},"26":{"start":{"line":64,"column":25},"end":{"line":64,"column":46}},"27":{"start":{"line":65,"column":19},"end":{"line":65,"column":34}},"28":{"start":{"line":68,"column":8},"end":{"line":68,"column":71}},"29":{"start":{"line":70,"column":25},"end":{"line":70,"column":41}},"30":{"start":{"line":71,"column":8},"end":{"line":71,"column":27}},"31":{"start":{"line":73,"column":8},"end":{"line":73,"column":51}},"32":{"start":{"line":74,"column":8},"end":{"line":74,"column":91}},"33":{"start":{"line":79,"column":0},"end":{"line":91,"column":3}},"34":{"start":{"line":80,"column":4},"end":{"line":90,"column":5}},"35":{"start":{"line":81,"column":24},"end":{"line":85,"column":10}},"36":{"start":{"line":86,"column":8},"end":{"line":86,"column":26}},"37":{"start":{"line":88,"column":8},"end":{"line":88,"column":27}},"38":{"start":{"line":89,"column":8},"end":{"line":89,"column":58}},"39":{"start":{"line":94,"column":0},"end":{"line":126,"column":3}},"40":{"start":{"line":95,"column":4},"end":{"line":125,"column":5}},"41":{"start":{"line":96,"column":8},"end":{"line":96,"column":81}},"42":{"start":{"line":97,"column":26},"end":{"line":97,"column":55}},"43":{"start":{"line":98,"column":8},"end":{"line":101,"column":9}},"44":{"start":{"line":99,"column":12},"end":{"line":99,"column":71}},"45":{"start":{"line":100,"column":12},"end":{"line":100,"column":79}},"46":{"start":{"line":103,"column":37},"end":{"line":103,"column":45}},"47":{"start":{"line":104,"column":21},"end":{"line":107,"column":10}},"48":{"start":{"line":109,"column":8},"end":{"line":115,"column":9}},"49":{"start":{"line":110,"column":40},"end":{"line":113,"column":15}},"50":{"start":{"line":110,"column":60},"end":{"line":113,"column":13}},"51":{"start":{"line":114,"column":12},"end":{"line":114,"column":59}},"52":{"start":{"line":117,"column":28},"end":{"line":119,"column":10}},"53":{"start":{"line":121,"column":8},"end":{"line":121,"column":42}},"54":{"start":{"line":123,"column":8},"end":{"line":123,"column":27}},"55":{"start":{"line":124,"column":8},"end":{"line":124,"column":58}},"56":{"start":{"line":129,"column":0},"end":{"line":160,"column":3}},"57":{"start":{"line":130,"column":4},"end":{"line":159,"column":5}},"58":{"start":{"line":131,"column":21},"end":{"line":131,"column":55}},"59":{"start":{"line":132,"column":8},"end":{"line":132,"column":78}},"60":{"start":{"line":132,"column":19},"end":{"line":132,"column":78}},"61":{"start":{"line":135,"column":8},"end":{"line":137,"column":9}},"62":{"start":{"line":136,"column":12},"end":{"line":136,"column":69}},"63":{"start":{"line":141,"column":23},"end":{"line":141,"column":28}},"64":{"start":{"line":142,"column":8},"end":{"line":146,"column":9}},"65":{"start":{"line":143,"column":12},"end":{"line":143,"column":73}},"66":{"start":{"line":144,"column":29},"end":{"line":144,"column":74}},"67":{"start":{"line":145,"column":12},"end":{"line":145,"column":43}},"68":{"start":{"line":145,"column":27},"end":{"line":145,"column":43}},"69":{"start":{"line":148,"column":24},"end":{"line":153,"column":10}},"70":{"start":{"line":155,"column":8},"end":{"line":155,"column":26}},"71":{"start":{"line":157,"column":8},"end":{"line":157,"column":27}},"72":{"start":{"line":158,"column":8},"end":{"line":158,"column":58}},"73":{"start":{"line":163,"column":0},"end":{"line":175,"column":3}},"74":{"start":{"line":164,"column":4},"end":{"line":174,"column":5}},"75":{"start":{"line":165,"column":21},"end":{"line":167,"column":10}},"76":{"start":{"line":168,"column":8},"end":{"line":168,"column":78}},"77":{"start":{"line":168,"column":19},"end":{"line":168,"column":78}},"78":{"start":{"line":169,"column":8},"end":{"line":169,"column":97}},"79":{"start":{"line":169,"column":40},"end":{"line":169,"column":97}},"80":{"start":{"line":170,"column":8},"end":{"line":170,"column":23}},"81":{"start":{"line":172,"column":8},"end":{"line":172,"column":27}},"82":{"start":{"line":173,"column":8},"end":{"line":173,"column":58}},"83":{"start":{"line":178,"column":0},"end":{"line":206,"column":3}},"84":{"start":{"line":179,"column":4},"end":{"line":205,"column":5}},"85":{"start":{"line":180,"column":26},"end":{"line":180,"column":55}},"86":{"start":{"line":181,"column":8},"end":{"line":181,"column":86}},"87":{"start":{"line":181,"column":19},"end":{"line":181,"column":86}},"88":{"start":{"line":183,"column":21},"end":{"line":183,"column":55}},"89":{"start":{"line":184,"column":8},"end":{"line":184,"column":78}},"90":{"start":{"line":184,"column":19},"end":{"line":184,"column":78}},"91":{"start":{"line":185,"column":8},"end":{"line":185,"column":97}},"92":{"start":{"line":185,"column":40},"end":{"line":185,"column":97}},"93":{"start":{"line":187,"column":37},"end":{"line":187,"column":45}},"94":{"start":{"line":188,"column":8},"end":{"line":188,"column":37}},"95":{"start":{"line":191,"column":8},"end":{"line":191,"column":63}},"96":{"start":{"line":192,"column":8},"end":{"line":199,"column":9}},"97":{"start":{"line":193,"column":40},"end":{"line":197,"column":15}},"98":{"start":{"line":193,"column":60},"end":{"line":197,"column":13}},"99":{"start":{"line":198,"column":12},"end":{"line":198,"column":59}},"100":{"start":{"line":201,"column":8},"end":{"line":201,"column":59}},"101":{"start":{"line":203,"column":8},"end":{"line":203,"column":27}},"102":{"start":{"line":204,"column":8},"end":{"line":204,"column":58}},"103":{"start":{"line":209,"column":0},"end":{"line":225,"column":3}},"104":{"start":{"line":210,"column":4},"end":{"line":224,"column":5}},"105":{"start":{"line":211,"column":23},"end":{"line":211,"column":43}},"106":{"start":{"line":212,"column":31},"end":{"line":219,"column":10}},"107":{"start":{"line":220,"column":8},"end":{"line":220,"column":33}},"108":{"start":{"line":222,"column":8},"end":{"line":222,"column":27}},"109":{"start":{"line":223,"column":8},"end":{"line":223,"column":58}},"110":{"start":{"line":228,"column":0},"end":{"line":246,"column":3}},"111":{"start":{"line":229,"column":4},"end":{"line":245,"column":5}},"112":{"start":{"line":230,"column":8},"end":{"line":240,"column":9}},"113":{"start":{"line":231,"column":25},"end":{"line":234,"column":14}},"114":{"start":{"line":235,"column":30},"end":{"line":238,"column":15}},"115":{"start":{"line":235,"column":56},"end":{"line":238,"column":13}},"116":{"start":{"line":239,"column":12},"end":{"line":239,"column":49}},"117":{"start":{"line":241,"column":8},"end":{"line":241,"column":71}},"118":{"start":{"line":243,"column":8},"end":{"line":243,"column":27}},"119":{"start":{"line":244,"column":8},"end":{"line":244,"column":58}},"120":{"start":{"line":249,"column":0},"end":{"line":276,"column":3}},"121":{"start":{"line":250,"column":4},"end":{"line":275,"column":5}},"122":{"start":{"line":251,"column":24},"end":{"line":270,"column":10}},"123":{"start":{"line":271,"column":8},"end":{"line":271,"column":26}},"124":{"start":{"line":273,"column":8},"end":{"line":273,"column":27}},"125":{"start":{"line":274,"column":8},"end":{"line":274,"column":58}},"126":{"start":{"line":279,"column":0},"end":{"line":295,"column":3}},"127":{"start":{"line":280,"column":4},"end":{"line":294,"column":5}},"128":{"start":{"line":281,"column":21},"end":{"line":281,"column":55}},"129":{"start":{"line":282,"column":8},"end":{"line":282,"column":78}},"130":{"start":{"line":282,"column":19},"end":{"line":282,"column":78}},"131":{"start":{"line":285,"column":8},"end":{"line":287,"column":9}},"132":{"start":{"line":286,"column":12},"end":{"line":286,"column":69}},"133":{"start":{"line":289,"column":8},"end":{"line":289,"co
[...]
p":{"0":{"name":"(anonymous_0)","decl":{"start":{"line":13,"column":23},"end":{"line":13,"column":24}},"loc":{"start":{"line":13,"column":43},"end":{"line":66,"column":1}},"line":13},"1":{"name":"(anonymous_1)","decl":{"start":{"line":69,"column":27},"end":{"line":69,"column":28}},"loc":{"start":{"line":69,"column":53},"end":{"line":85,"column":1}},"line":69}},"branchMap":{"0":{"loc":{"start":{"line":8,"column":19},"end":{"line":8,"column":62}},"type":"binary-expr","locations":[{"start":{"line":8,"column":19},"end":{"line":8,"column":41}},{"start":{"line":8,"column":45},"end":{"line":8,"column":62}}],"line":8},"1":{"loc":{"start":{"line":9,"column":25},"end":{"line":9,"column":132}},"type":"binary-expr","locations":[{"start":{"line":9,"column":25},"end":{"line":9,"column":53}},{"start":{"line":9,"column":57},"end":{"line":9,"column":132}}],"line":9},"2":{"loc":{"start":{"line":17,"column":8},"end":{"line":19,"column":9}},"type":"if","locations":[{"start":{"line":17,"column":8},"end":{"line":19,"column":9}},{"start":{},"end":{}}],"line":17},"3":{"loc":{"start":{"line":33,"column":8},"end":{"line":57,"column":9}},"type":"if","locations":[{"start":{"line":33,"column":8},"end":{"line":57,"column":9}},{"start":{"line":51,"column":15},"end":{"line":57,"column":9}}],"line":33},"4":{"loc":{"start":{"line":37,"column":12},"end":{"line":50,"column":13}},"type":"if","locations":[{"start":{"line":37,"column":12},"end":{"line":50,"column":13}},{"start":{"line":42,"column":19},"end":{"line":50,"column":13}}],"line":37},"5":{"loc":{"start":{"line":45,"column":30},"end":{"line":45,"column":57}},"type":"binary-expr","locations":[{"start":{"line":45,"column":30},"end":{"line":45,"column":34}},{"start":{"line":45,"column":38},"end":{"line":45,"column":57}}],"line":45},"6":{"loc":{"start":{"line":53,"column":12},"end":{"line":56,"column":13}},"type":"if","locations":[{"start":{"line":53,"column":12},"end":{"line":56,"column":13}},{"start":{},"end":{}}],"line":53},"7":{"loc":{"start":{"line":70,"column":4},"end":{"line":72,"column":5}},"type":"if","locations":[{"start":{"line":70,"column":4},"end":{"line":72,"column":5}},{"start":{},"end":{}}],"line":70},"8":{"loc":{"start":{"line":76,"column":8},"end":{"line":78,"column":9}},"type":"if","locations":[{"start":{"line":76,"column":8},"end":{"line":78,"column":9}},{"start":{},"end":{}}],"line":76}},"s":{"0":0,"1":0,"2":0,"3":0,"4":0,"5":0,"6":0,"7":0,"8":0,"9":0,"10":0,"11":0,"12":0,"13":0,"14":0,"15":0,"16":0,"17":0,"18":0,"19":0,"20":0,"21":0,"22":0,"23":0,"24":0,"25":0,"26":0,"27":0,"28":0,"29":0,"30":0,"31":0,"32":0,"33":0,"34":0,"35":0,"36":0,"37":0,"38":0,"39":0,"40":0,"41":0,"42":0},"f":{"0":0,"1":0},"b":{"0":[0,0],"1":[0,0],"2":[0,0],"3":[0,0],"4":[0,0],"5":[0,0],"6":[0,0],"7":[0,0],"8":[0,0]},"all":true},"C:\\kahoot-awareness\\server\\models\\User.js":{"path":"C:\\kahoot-awareness\\server\\models\\User.js","statementMap":{"0":{"start":{"line":1,"column":22},"end":{"line":1,"column":42}},"1":{"start":{"line":2,"column":22},"end":{"line":2,"column":51}},"2":{"start":{"line":3,"column":15},"end":{"line":3,"column":34}},"3":{"start":{"line":5,"column":13},"end":{"line":42,"column":2}},"4":{"start":{"line":32,"column":12},"end":{"line":34,"column":13}},"5":{"start":{"line":33,"column":16},"end":{"line":33,"column":69}},"6":{"start":{"line":37,"column":12},"end":{"line":39,"column":13}},"7":{"start":{"line":38,"column":16},"end":{"line":38,"column":69}},"8":{"start":{"line":44,"column":0},"end":{"line":46,"column":2}},"9":{"start":{"line":45,"column":4},"end":{"line":45,"column":60}},"10":{"start":{"line":48,"column":0},"end":{"line":48,"column":22}}},"fnMap":{"0":{"name":"(anonymous_0)","decl":{"start":{"line":31,"column":22},"end":{"line":31,"column":23}},"loc":{"start":{"line":31,"column":38},"end":{"line":35,"column":9}},"line":31},"1":{"name":"(anonymous_1)","decl":{"start":{"line":36,"column":22},"end":{"line":36,"column":23}},"loc":{"start":{"line":36,"column":38},"end":{"line":40,"column":9}},"line":36},"2":{"name":"(anonymous_2)","decl":{"start":{"line":44,"column":33},"end":{"line":44,"column":34}},"loc":{"start":{"line":44,"column":62},"end":{"line":46,"column":1}},"line":44}},"branchMap":{"0":{"loc":{"start":{"line":32,"column":12},"end":{"line":34,"column":13}},"type":"if","locations":[{"start":{"line":32,"column":12},"end":{"line":34,"column":13}},{"start":{},"end":{}}],"line":32},"1":{"loc":{"start":{"line":37,"column":12},"end":{"line":39,"column":13}},"type":"if","locations":[{"start":{"line":37,"column":12},"end":{"line":39,"column":13}},{"start":{},"end":{}}],"line":37},"2":{"loc":{"start":{"line":37,"column":16},"end":{"line":37,"column":57}},"type":"binary-expr","locations":[{"start":{"line":37,"column":16},"end":{"line":37,"column":40}},{"start":{"line":37,"column":44},"end":{"line":37,"column":57}}],"line":37}},"s":{"0":0,"1":0,"2":0,"3":0,"4":0,"5":0,"6":0,"7":0,"8":0,"9":0,"10":0},"f":{"0":0,"1":0,"2":0},"b":{"0":[0,0],"1":[0,0],"2":[0,0]},"all":true},"C:\\kahoot-awareness\\server\\models\\Quiz.js":{"path":"C:\\kahoot-awareness\\server\\models\\Quiz.js","statementMap":{"0":{"start":{"line":1,"column":22},"end":{"line":1,"column":42}},"1":{"start":{"line":2,"column":22},"end":{"line":2,"column":51}},"2":{"start":{"line":4,"column":13},"end":{"line":13,"column":2}},"3":{"start":{"line":15,"column":17},"end":{"line":51,"column":2}},"4":{"start":{"line":28,"column":29},"end":{"line":28,"column":57}},"5":{"start":{"line":29,"column":12},"end":{"line":31,"column":13}},"6":{"start":{"line":30,"column":16},"end":{"line":30,"column":77}},"7":{"start":{"line":30,"column":22},"end":{"line":30,"column":50}},"8":{"start":{"line":30,"column":65},"end":{"line":30,"column":75}},"9":{"start":{"line":32,"column":12},"end":{"line":32,"column":34}},"10":{"start":{"line":53,"column":0},"end":{"line":53,"column":36}}},"fnMap":{"0":{"name":"(anonymous_0)","decl":{"start":{"line":27,"column":8},"end":{"line":27,"column":9}},"loc":{"start":{"line":27,"column":14},"end":{"line":33,"column":9}},"line":27}},"branchMap":{"0":{"loc":{"start":{"line":29,"column":12},"end":{"line":31,"column":13}},"type":"if","locations":[{"start":{"line":29,"column":12},"end":{"line":31,"column":13}},{"start":{},"end":{}}],"line":29},"1":{"loc":{"start":{"line":32,"column":19},"end":{"line":32,"column":33}},"type":"binary-expr","locations":[{"start":{"line":32,"column":19},"end":{"line":32,"column":27}},{"start":{"line":32,"column":31},"end":{"line":32,"column":33}}],"line":32}},"s":{"0":0,"1":0,"2":0,"3":0,"4":0,"5":0,"6":0,"7":0,"8":0,"9":0,"10":0},"f":{"0":0},"b":{"0":[0,0],"1":[0,0]},"all":true},"C:\\kahoot-awareness\\server\\models\\PlayerProfile.js":{"path":"C:\\kahoot-awareness\\server\\models\\PlayerProfile.js","statementMap":{"0":{"start":{"line":1,"column":22},"end":{"line":1,"column":42}},"1":{"start":{"line":2,"column":22},"end":{"line":2,"column":51}},"2":{"start":{"line":3,"column":15},"end":{"line":3,"column":34}},"3":{"start":{"line":5,"column":22},"end":{"line":54,"column":2}},"4":{"start":{"line":44,"column":12},"end":{"line":46,"column":13}},"5":{"start":{"line":45,"column":16},"end":{"line":45,"column":73}},"6":{"start":{"line":49,"column":12},"end":{"line":51,"column":13}},"7":{"start":{"line":50,"column":16},"end":{"line":50,"column":73}},"8":{"start":{"line":56,"column":0},"end":{"line":59,"column":2}},"9":{"start":{"line":57,"column":4},"end":{"line":57,"column":37}},"10":{"start":{"line":57,"column":24},"end":{"line":57,"column":37}},"11":{"start":{"line":58,"column":4},"end":{"line":58,"column":60}},"12":{"start":{"line":61,"column":0},"end":{"line":61,"column":35}}},"fnMap":{"0":{"name":"(anonymous_0)","decl":{"start":{"line":43,"column":22},"end":{"line":43,"column":23}},"loc":{"start":{"line":43,"column":40},"end":{"line":47,"column":9}},"line":43},"1":{"name":"(anonymous_1)","decl":{"start":{"line":48,"column":22},"end":{"line":48,"column":23}},"loc":{"start":{"line":48,"column":40},"end":{"line":52,"column":9}},"line":48},"2":{"name":"(anonymous_2)","decl":{"start":{"line":56,"column":42},"end":{"line":56,"column":43}},"loc":{"start":{"line":56,"column":71},"end":{"line":59,"column":1}},"line":56}},"branchMap":{"0":{"loc":{"start":{"line":44,"column":12},"end":{"line":46,"column":13}},"type":"if","locations":[{"start":{"line":44,"column":12},"end":{"line":46,"column":13}},{"start":{},"end":{}}],"line":44},"1":{"loc":{"start":{"line":49,"column":12},"end":{"line":51,"column":13}},"type":"if","locations":[{"start":{"line":49,"column":12},"end":{"line":51,"column":13}},{"start":{},"end":{}}],"line":49},"2":{"loc":{"start":{"line":49,"column":16},"end":{"line":49,"column":61}},"type":"binary-expr","locations":[{"start":{"line":49,"column":16},"end":{"line":49,"column":42}},{"start":{"line":49,"column":46},"end":{"line":49,"column":61}}],"line":49},"3":{"loc":{"start":{"line":57,"column":4},"end":{"line":57,"column":37}},"type":"if","locations":[{"start":{"line":57,"column":4},"end":{"line":57,"column":37}},{"start":{},"end":{}}],"line":57}},"s":{"0":0,"1":0,"2":0,"3":0,"4":0,"5":0,"6":0,"7":0,"8":0,"9":0,"10":0,"11":0,"12":0},"f":{"0":0,"1":0,"2":0},"b":{"0":[0,0],"1":[0,0],"2":[0,0],"3":[0,0]},"all":true},"C:\\kahoot-awareness\\server\\models\\GameSession.js":{"path":"C:\\kahoot-awareness\\server\\models\\GameSession.js","statementMap":{"0":{"start":{"line":1,"column":22},"end":{"line":1,"column":42}},"1":{"start":{"line":2,"column":22},"end":{"line":2,"column":51}},"2":{"start":{"line":4,"column":20},"end":{"line":38,"column":2}},"3":{"start":{"line":40,"column":15},"end":{"line":98,"column":2}},"4":{"start":{"line":100,"column":21},"end":{"line":125,"column":2}},"5":{"start":{"line":128,"column":0},"end":{"line":128,"column":55}}},"fnMap":{},"branchMap":{},"s":{"0":0,"1":0,"2":0,"3":0,"4":0,"5":0},"f":{},"b":{},"all":true},"C:\\kahoot-awareness\\server\\config\\database.js":{"path":"C:\\kahoot-awareness\\server\\config\\database.js","statementMap":{"0":{"start":{"line":1,"column":22},"end":{"line":1,"column":42}},"1":{"start":{"line":2,"column":13},"end":{"line":2,"column":28}},"2":{"start":{"line":4,"column":16},"end":{"line":4,"column":50}},"3":{"start":{"line":5,"column":15},"end":{"line":5,"column":56}},"4":{"start":{"line":6,"column":19},"end":{"line":6,"column":41}},"5":{"start":{"line":7,"column":16},"end":{"line":7,"column":35}},"6":{"start":{"line":11,"column":19},"end":{"line":15,"column":8}},"7":{"start":{"line":17,"column":0},"end":{"line":36,"column":1}},"8":{"start":{"line":18,"column":4},"end":{"line":29,"column":6}},"9":{"start":{"line":31,"column":4},"end":{"line":35,"column":7}},"10":{"start":{"line":40,"column":0},"end":{"line":40,"column":37}},"11":{"start":{"line":42,"column":18},"end":{"line":134,"column":1}},"12":{"start":{"line":43,"column":4},"end":{"line":133,"column":5}},"13":{"start":{"line":44,"column":8},"end":{"line":44,"column":39}},"14":{"start":{"line":45,"column":8},"end":{"line":45,"column":102}},"15":{"start":{"line":48,"column":35},"end":{"line":48,"column":60}},"16":{"start":{"line":49,"column":54},"end":{"line":49,"column":86}},"17":{"start":{"line":50,"column":25},"end":{"line":50,"column":50}},"18":{"start":{"line":51,"column":34},"end":{"line":51,"column":68}},"19":{"start":{"line":55,"column":8},"end":{"line":55,"column":95}},"20":{"start":{"line":56,"column":8},"end":{"line":56,"column":59}},"21":{"start":{"line":59,"column":8},"end":{"line":59,"column":62}},"22":{"start":{"line":60,"column":8},"end":{"line":60,"column":76}},"23":{"start":{"line":63,"column":8},"end":{"line":63,"column":101}},"24":{"start":{"line":64,"column":8},"end":{"line":64,"column":67}},"25":{"start":{"line":67,"column":8},"end":{"line":67,"column":107}},"26":{"start":{"line":68,"column":8},"end":{"line":68,"column":73}},"27":{"start":{"line":71,"column":8},"end":{"line":71,"column":101}},"28":{"start":{"line":72,"column":8},"end":{"line":72,"column":67}},"29":{"start":{"line":75,"column":8},"end":{"line":75,"column":95}},"30":{"start":{"line":76,"column":8},"end":{"line":76,"column":90}},"31":{"start":{"line":79,"column":35},"end":{"line":91,"column":9}},"32":{"start":{"line":80,"column":12},"end":{"line":90,"column":13}},"33":{"start":{"line":81,"column":16},"end":{"line":81,"column":43}},"34":{"start":{"line":84,"column":20},"end":{"line":86,"column":71}},"35":{"start":{"line":87,"column":16},"end":{"line":89,"column":17}},"36":{"start":{"line":88,"column":20},"end":{"line":88,"column":72}},"37":{"start":{"line":93,"column":8},"end":{"line":121,"column":9}},"38":{"start":{"line":95,"column":12},"end":{"line":95,"column":120}},"39":{"start":{"line":96,"column":12},"end":{"line":96,"column":100}},"40":{"start":{"line":97,"column":12},"end":{"line":97,"column":102}},"41":{"start":{"line":98,"column":12},"end":{"line":98,"column":104}},"42":{"start":{"line":99,"column":12},"end":{"line":99,"column":99}},"43":{"start":{"line":100,"column":12},"end":{"line":100,"column":95}},"44":{"start":{"line":101,"column":12},"end":{"line":101,"column":100}},"45":{"start":{"line":102,"column":12},"end":{"line":102,"column":97}},"46":{"start":{"line":103,"column":12},"end":{"line":103,"column":98}},"47":{"start":{"line":104,"column":12},"end":{"line":104,"column":98}},"48":{"start":{"line":105,"column":12},"end":{"line":105,"column":109}},"49":{"start":{"line":106,"column":12},"end":{"line":106,"column":107}},"50":{"start":{"line":107,"column":15},"end":{"line":121,"column":9}},"51":{"start":{"line":109,"column":12},"end":{"line":109,"column":141}},"52":{"start":{"line":110,"column":12},"end":{"line":110,"column":132}},"53":{"start":{"line":111,"column":12},"end":{"line":111,"column":125}},"54":{"start":{"line":112,"column":12},"end":{"line":112,"column":127}},"55":{"start":{"line":113,"column":12},"end":{"line":113,"column":103}},"56":{"start":{"line":114,"column":12},"end":{"line":114,"column":97}},"57":{"start":{"line":115,"column":12},"end":{"line":115,"column":104}},"58":{"start":{"line":116,"column":12},"end":{"line":116,"column":101}},"59":{"start":{"line":117,"column":12},"end":{"line":117,"column":102}},"60":{"start":{"line":118,"column":12},"end":{"line":118,"column":100}},"61":{"start":{"line":119,"column":12},"end":{"line":119,"column":113}},"62":{"start":{"line":120,"column":12},"end":{"line":120,"column":109}},"63":{"start":{"line":124,"column":8},"end":{"line":129,"column":9}},"64":{"start":{"line":125,"column":12},"end":{"line":125,"column":35}},"65":{"start":{"line":126,"column":12},"end":{"line":126,"column":52}},"66":{"start":{"line":128,"column":12},"end":{"line":128,"column":68}},"67":{"start":{"line":131,"column":8},"end":{"line":131,"column":58}},"68":{"start":{"line":132,"column":8},"end":{"line":132,"column":24}},"69":{"start":{"line":136,"column":0},"end":{"line":136,"column":37}}},"fnMap":{"0":{"name":"(anonymous_0)","decl":{"start":{"line":42,"column":18},"end":{"line":42,"column":19}},"loc":{"start":{"line":42,"column":30},"end":{"line":134,"column":1}},"line":42},"1":{"name":"(anonymous_1)","decl":{"start":{"line":79,"column":35},"end":{"line":79,"column":36}},"loc":{"start":{"line":79,"column":50},"end":{"line":91,"column":9}},"line":79}},"branchMap":{"0":{"loc":{"start":{"line":4,"column":16},"end":{"line":4,"column":50}},"type":"binary-expr","locations":[{"start":{"line":4,"column":16},"end":{"line":4,"column":38}},{"start":{"line":4,"column":42},"end":{"line":4,"column":50}}],"line":4},"1":{"loc":{"start":{"line":5,"column":15},"end":{"line":5,"column":56}},"type":"binary-expr","locations":[{"start":{"line":5,"column":15},"end":{"line":5,"column":34}},{"start":{"line":5,"column":38},"end":{"line":5,"column":56}}],"line":5},"2":{"loc":{"start":{"line":11,"column":19},"end":{"line":15,"column":8}},"type":"cond-expr","locations":[{"start":{"line":12,"column":7},"end":{"line":14,"column":62}},{"start":{"line":15,"column":6},"end":{"line":15,"column":8}}],"line":11},"3":{"loc":{"start":{"line":12,"column":7},"end":{"line":14,"column":62}},"type":"cond-expr","locations":[{"start":{"line":13,"column":10},"end":{"line":13,"column":63}},{"start":{"line":14,"column":10},"end":{"line":14,"column":62}}],"line":12},"4":{"loc":{"start":{"line":17,"column":0},"end":{"line":36,"column":1}},"type":"if","locations":[{"start":{"line":17,"column":0},"end":{"line":36,"column":1}},{"start":{"line":30,"column":7},"end":{"line":36,"column":1}}],"line":17},"5":{"loc":{"start":{"line":17,"column":4},"end":{"line":17,"column":25}},"type":"binary-expr","locations":[{"start":{"line":17,"column":4},"end":{"line":17,"column":11}},{"start":{"line":17,"column":15},"end":{"line":17,"column":25}}],"line":17},"6":{"loc":{"start":{"line":20,"column":8},"end":{"line":20,"column":37}},"type":"binary-expr","locations":[{"start":{"line":20,"column":8},"end":{"line":20,"column":27}},{"start":{"line":20,"column":31},"end":{"line":20,"column":37}}],"line":20},"7":{"loc":{"start":{"line":21,"column":8},"end":{"line":21,"column":33}},"type":"binary-expr","locations":[{"start":{"line":21,"column":8},"end":{"line":21,"column":27}},{"start":{"line":21,"column":31},"end":{"line":21,"column":33}}],"line":21},"8":{"loc":{"start":{"line":23,"column":18},"end":{"line":23,"column":52}},"type":"binary-expr","locations":[{"start":{"line":23,"column":18},"end":{"line":23,"column":37}},{"start":{"line":23,"column":41},"end":{"line":23,"column":52}}],"line":23},"9":{"loc":{"start":{"line":26,"column":27},"end":{"line":26,"column":80}},"type":"binary-expr","locations":[{"start":{"line":26,"column":27},"end":{"line":26,"column":46}},{"start":{"line":26,"column":51},"end":{"line":26,"column":79}}],"line":26},"10":{"loc":{"start":{"line":26,"column":51},"end":{"line":26,"column":79}},"type":"cond-expr","locations":[{"start":{"line":26,"column":64},"end":{"line":26,"column":70}},{"start":{"line":26,"column":73},"end":{"line":26,"column":79}}],"line":26},"11":{"loc":{"start":{"line":33,"column":17},"end":{"line":33,"column":106}},"type":"cond-expr","locations":[{"start":{"line":33,"column":51},"end":{"line":33,"column":61}},{"start":{"line":33,"column":64},"end":{"line":33,"column":106}}],"line":33},"12":{"loc":{"start":{"line":84,"column":20},"end":{"line":86,"column":71}},"type":"binary-expr","locations":[{"start":{"line":84,"column":21},"end":{"line":84,"column":31}},{"start":{"line":84,"column":35},"end":{"line":84,"column":60}},{"start":{"line":85,"column":21},"end":{"line":85,"column":31}},{"start":{"line":85,"column":35},"end":{"line":85,"column":62}},{"start":{"line":86,"column":21},"end":{"line":86,"column":30}},{"start":{"line":86,"column":34},"end":{"line":86,"column":70}}],"line":84},"13":{"loc":{"start":{"line":87,"column":16},"end":{"line":89,"column":17}},"type":"if","locations":[{"start":{"line":87,"column":16},"end":{"line":89,"column":17}},{"start":{},"end":{}}],"line":87},"14":{"loc":{"start":{"line":93,"column":8},"end":{"line":121,"column":9}},"type":"if","locations":[{"start":{"line":93,"column":8},"end":{"line":121,"column":9}},{"start":{"line":107,"column":15},"end":{"line":121,"column":9}}],"line":93},"15":{"loc":{"start":{"line":107,"column":15},"end":{"line":121,"column":9}},"type":"if","locations":[{"start":{"line":107,"column":15},"end":{"line":121,"column":9}},{"start":{},"end":{}}],"line":107}},"s":{"0":0,"1":0,"2":0,"3":0,"4":0,"5":0,"6":0,"7":0,"8":0,"9":0,"10":0,"11":0,"12":0,"13":0,"14":0,"15":0,"16":0,"17":0,"18":0,"19":0,"20":0,"21":0,"22":0,"23":0,"24":0,"25":0,"26":0,"27":0,"28":0,"29":0,"30":0,"31":0,"32":0,"33":0,"34":0,"35":0,"36":0,"37":0,"38":0,"39":0,"40":0,"41":0,"42":0,"43":0,"44":0,"45":0,"46":0,"47":0,"48":0,"49":0,"50":0,"51":0,"52":0,"53":0,"54":0,"55":0,"56":0,"57":0,"58":0,"59":0,"60":0,"61":0,"62":0,"63":0,"64":0,"65":0,"66":0,"67":0,"68":0,"69":0},"f":{"0":0,"1":0},"b":{"0":[0,0],"1":[0,0],"2":[0,0],"3":[0,0],"4":[0,0],"5":[0,0],"6":[0,0],"7":[0,0],"8":[0,0],"9":[0,0],"10":[0,0],"11":[0,0],"12":[0,0,0,0,0,0],"13":[0,0],"14":[0,0],"15":[0,0]},"all":true}}