{"C:\\kahoot-awareness\\server\\services\\AnswerSubmissionService.js":{"path":"C:\\kahoot-awareness\\server\\services\\AnswerSubmissionService.js","statementMap":{"0":{"start":{"line":1,"column":46},"end":{"line":1,"column":78}},"1":{"start":{"line":2,"column":27},"end":{"line":2,"column":52}},"2":{"start":{"line":3,"column":23},"end":{"line":3,"column":50}},"3":{"start":{"line":4,"column":22},"end":{"line":4,"column":51}},"4":{"start":{"line":17,"column":24},"end":{"line":17,"column":69}},"5":{"start":{"line":18,"column":8},"end":{"line":20,"column":9}},"6":{"start":{"line":19,"column":12},"end":{"line":19,"column":54}},"7":{"start":{"line":23,"column":26},"end":{"line":23,"column":71}},"8":{"start":{"line":24,"column":20},"end":{"line":24,"column":30}},"9":{"start":{"line":25,"column":8},"end":{"line":27,"column":9}},"10":{"start":{"line":26,"column":12},"end":{"line":26,"column":61}},"11":{"start":{"line":30,"column":21},"end":{"line":33,"column":10}},"12":{"start":{"line":34,"column":25},"end":{"line":34,"column":69}},"13":{"start":{"line":35,"column":36},"end":{"line":35,"column":102}},"14":{"start":{"line":38,"column":29},"end":{"line":38,"column":124}},"15":{"start":{"line":39,"column":8},"end":{"line":41,"column":9}},"16":{"start":{"line":40,"column":12},"end":{"line":40,"column":53}},"17":{"start":{"line":43,"column":26},"end":{"line":43,"column":79}},"18":{"start":{"line":44,"column":26},"end":{"line":44,"column":75}},"19":{"start":{"line":47,"column":23},"end":{"line":95,"column":10}},"20":{"start":{"line":49,"column":27},"end":{"line":53,"column":14}},"21":{"start":{"line":55,"column":12},"end":{"line":57,"column":13}},"22":{"start":{"line":56,"column":16},"end":{"line":56,"column":53}},"23":{"start":{"line":59,"column":12},"end":{"line":61,"column":13}},"24":{"start":{"line":60,"column":16},"end":{"line":60,"column":61}},"25":{"start":{"line":64,"column":27},"end":{"line":64,"column":104}},"26":{"start":{"line":67,"column":12},"end":{"line":67,"column":42}},"27":{"start":{"line":68,"column":12},"end":{"line":68,"column":73}},"28":{"start":{"line":69,"column":12},"end":{"line":69,"column":49}},"29":{"start":{"line":70,"column":12},"end":{"line":70,"column":56}},"30":{"start":{"line":71,"column":12},"end":{"line":71,"column":49}},"31":{"start":{"line":72,"column":12},"end":{"line":72,"column":50}},"32":{"start":{"line":75,"column":12},"end":{"line":82,"column":35}},"33":{"start":{"line":87,"column":12},"end":{"line":87,"column":52}},"34":{"start":{"line":89,"column":12},"end":{"line":94,"column":14}},"35":{"start":{"line":97,"column":8},"end":{"line":97,"column":22}},"36":{"start":{"line":101,"column":0},"end":{"line":101,"column":41}}},"fnMap":{"0":{"name":"(anonymous_0)","decl":{"start":{"line":15,"column":4},"end":{"line":15,"column":5}},"loc":{"start":{"line":15,"column":58},"end":{"line":98,"column":5}},"line":15},"1":{"name":"(anonymous_1)","decl":{"start":{"line":47,"column":51},"end":{"line":47,"column":52}},"loc":{"start":{"line":47,"column":64},"end":{"line":95,"column":9}},"line":47}},"branchMap":{"0":{"loc":{"start":{"line":18,"column":8},"end":{"line":20,"column":9}},"type":"if","locations":[{"start":{"line":18,"column":8},"end":{"line":20,"column":9}},{"start":{},"end":{}}],"line":18},"1":{"loc":{"start":{"line":18,"column":12},"end":{"line":18,"column":53}},"type":"binary-expr","locations":[{"start":{"line":18,"column":12},"end":{"line":18,"column":20}},{"start":{"line":18,"column":24},"end":{"line":18,"column":53}}],"line":18},"2":{"loc":{"start":{"line":25,"column":8},"end":{"line":27,"column":9}},"type":"if","locations":[{"start":{"line":25,"column":8},"end":{"line":27,"column":9}},{"start":{},"end":{}}],"line":25},"3":{"loc":{"start":{"line":38,"column":30},"end":{"line":38,"column":116}},"type":"cond-expr","locations":[{"start":{"line":38,"column":69},"end":{"line":38,"column":97}},{"start":{"line":38,"column":100},"end":{"line":38,"column":116}}],"line":38},"4":{"loc":{"start":{"line":39,"column":8},"end":{"line":41,"column":9}},"type":"if","locations":[{"start":{"line":39,"column":8},"end":{"line":41,"column":9}},{"start":{},"end":{}}],"line":39},"5":{"loc":{"start":{"line":39,"column":12},"end":{"line":39,"column":58}},"type":"binary-expr","locations":[{"start":{"line":39,"column":12},"end":{"line":39,"column":27}},{"start":{"line":39,"column":31},"end":{"line":39,"column":58}}],"line":39},"6":{"loc":{"start":{"line":55,"column":12},"end":{"line":57,"column":13}},"type":"if","locations":[{"start":{"line":55,"column":12},"end":{"line":57,"column":13}},{"start":{},"end":{}}],"line":55},"7":{"loc":{"start":{"line":59,"column":12},"end":{"line":61,"column":13}},"type":"if","locations":[{"start":{"line":59,"column":12},"end":{"line":61,"column":13}},{"start":{},"end":{}}],"line":59}},"s":{"0":1,"1":1,"2":1,"3":1,"4":6,"5":6,"6":1,"7":5,"8":5,"9":5,"10":1,"11":4,"12":4,"13":4,"14":4,"15":4,"16":1,"17":3,"18":3,"19":3,"20":3,"21":3,"22":1,"23":2,"24":1,"25":1,"26":1,"27":1,"28":1,"29":1,"30":1,"31":1,"32":1,"33":1,"34":1,"35":3,"36":1},"f":{"0":6,"1":3},"b":{"0":[1,5],"1":[6,5],"2":[1,4],"3":[0,4],"4":[1,3],"5":[4,4],"6":[1,2],"7":[1,1]},"_coverageSchema":"1a1c01bbd47fc00a2c39e90264f33305004495a9","hash":"f978696e36698bad691f06e2efbf2558f450d379","contentHash":"ab780f52cb51490fb28eb05503de461d1d5fde76b8596dfab59cdd1bd0bdd7d6"},"C:\\kahoot-awareness\\server\\models\\GameSession.js":{"path":"C:\\kahoot-awareness\\server\\models\\GameSession.js","statementMap":{"0":{"start":{"line":1,"column":22},"end":{"line":1,"column":42}},"1":{"start":{"line":2,"column":22},"end":{"line":2,"column":51}},"2":{"start":{"line":4,"column":20},"end":{"line":38,"column":2}},"3":{"start":{"line":40,"column":15},"end":{"line":98,"column":2}},"4":{"start":{"line":100,"column":21},"end":{"line":125,"column":2}},"5":{"start":{"line":128,"column":0},"end":{"line":128,"column":55}}},"fnMap":{},"branchMap":{},"s":{"0":1,"1":1,"2":1,"3":1,"4":1,"5":1},"f":{},"b":{},"_coverageSchema":"1a1c01bbd47fc00a2c39e90264f33305004495a9","hash":"1403f98ad65bc535e8b23c0a837400aa4eb1e25c","contentHash":"a7de3a1957ad7433f075ab3d79cdf0d52687fa6b98bc75582051f0f48c496fe7"},"C:\\kahoot-awareness\\server\\config\\database.js":{"path":"C:\\kahoot-awareness\\server\\config\\database.js","statementMap":{"0":{"start":{"line":1,"column":22},"end":{"line":1,"column":42}},"1":{"start":{"line":2,"column":13},"end":{"line":2,"column":28}},"2":{"start":{"line":4,"column":16},"end":{"line":4,"column":50}},"3":{"start":{"line":5,"column":15},"end":{"line":5,"column":56}},"4":{"start":{"line":6,"column":19},"end":{"line":6,"column":41}},"5":{"start":{"line":7,"column":16},"end":{"line":7,"column":35}},"6":{"start":{"line":11,"column":19},"end":{"line":15,"column":8}},"7":{"start":{"line":17,"column":0},"end":{"line":36,"column":1}},"8":{"start":{"line":18,"column":4},"end":{"line":29,"column":6}},"9":{"start":{"line":31,"column":4},"end":{"line":35,"column":7}},"10":{"start":{"line":40,"column":0},"end":{"line":40,"column":37}},"11":{"start":{"line":42,"column":18},"end":{"line":134,"column":1}},"12":{"start":{"line":43,"column":4},"end":{"line":133,"column":5}},"13":{"start":{"line":44,"column":8},"end":{"line":44,"column":39}},"14":{"start":{"line":45,"column":8},"end":{"line":45,"column":102}},"15":{"start":{"line":48,"column":35},"end":{"line":48,"column":60}},"16":{"start":{"line":49,"column":54},"end":{"line":49,"column":86}},"17":{"start":{"line":50,"column":25},"end":{"line":50,"column":50}},"18":{"start":{"line":51,"column":34},"end":{"line":51,"column":68}},"19":{"start":{"line":55,"column":8},"end":{"line":55,"column":95}},"20":{"start":{"line":56,"column":8},"end":{"line":56,"column":59}},"21":{"start":{"line":59,"column":8},"end":{"line":59,"column":62}},"22":{"start":{"line":60,"column":8},"end":{"line":60,"column":76}},"23":{"start":{"line":63,"column":8},"end":{"line":63,"column":101}},"24":{"start":{"line":64,"column":8},"end":{"line":64,"column":67}},"25":{"start":{"line":67,"column":8},"end":{"line":67,"column":107}},"26":{"start":{"line":68,"column":8},"end":{"line":68,"column":73}},"27":{"start":{"line":71,"column":8},"end":{"line":71,"column":101}},"28":{"start":{"line":72,"column":8},"end":{"line":72,"column":67}},"29":{"start":{"line":75,"column":8},"end":{"line":75,"column":95}},"30":{"start":{"line":76,"column":8},"end":{"line":76,"column":90}},"31":{"start":{"line":79,"column":35},"end":{"line":91,"column":9}},"32":{"start":{"line":80,"column":12},"end":{"line":90,"column":13}},"33":{"start":{"line":81,"column":16},"end":{"line":81,"column":43}},"34":{"start":{"line":84,"column":20},"end":{"line":86,"column":71}},"35":{"start":{"line":87,"column":16},"end":{"line":89,"column":17}},"36":{"start":{"line":88,"column":20},"end":{"line":88,"column":72}},"37":{"start":{"line":93,"column":8},"end":{"line":121,"column":9}},"38":{"start":{"line":95,"column":12},"end":{"line":95,"column":120}},"39":{"start":{"line":96,"column":12},"end":{"line":96,"column":100}},"40":{"start":{"line":97,"column":12},"end":{"line":97,"column":102}},"41":{"start":{"line":98,"column":12},"end":{"line":98,"column":104}},"42":{"start":{"line":99,"column":12},"end":{"line":99,"column":99}},"43":{"start":{"line":100,"column":12},"end":{"line":100,"column":95}},"44":{"start":{"line":101,"column":12},"end":{"line":101,"column":100}},"45":{"start":{"line":102,"column":12},"end":{"line":102,"column":97}},"46":{"start":{"line":103,"column":12},"end":{"line":103,"column":98}},"47":{"start":{"line":104,"column":12},"end":{"line":104,"column":98}},"48":{"start":{"line":105,"column":12},"end":{"line":105,"column":109}},"49":{"start":{"line":106,"column":12},"end":{"line":106,"column":107}},"50":{"start":{"line":107,"column":15},"end":{"line":121,"column":9}},"51":{"start":{"line":109,"column":12},"end":{"line":109,"column":141}},"52":{"start":{"line":110,"column":12},"end":{"line":110,"column":132}},"53":{"start":{"line":111,"column":12},"end":{"line":111,"column":125}},"54":{"start":{"line":112,"column":12},"end":{"line":112,"column":127}},"55":{"start":{"line":113,"column":12},"end":{"line":113,"column":103}},"56":{"start":{"line":114,"column":12},"end":{"line":114,"column":97}},"57":{"start":{"line":115,"column":12},"end":{"line":115,"column":104}},"58":{"start":{"line":116,"column":12},"end":{"line":116,"column":101}},"59":{"start":{"line":117,"column":12},"end":{"line":117,"column":102}},"60":{"start":{"line":118,"column":12},"end":{"line":118,"column":100}},"61":{"start":{"line":119,"column":12},"end":{"line":119,"column":113}},"62":{"start":{"line":120,"column":12},"end":{"line":120,"column":109}},"63":{"start":{"line":124,"column":8},"end":{"line":129,"column":9}},"64":{"start":{"line":125,"column":12},"end":{"line":125,"column":35}},"65":{"start":{"line":126,"column":12},"end":{"line":126,"column":52}},"66":{"start":{"line":128,"column":12},"end":{"line":128,"column":68}},"67":{"start":{"line":131,"column":8},"end":{"line":131,"column":58}},"68":{"start":{"line":132,"column":8},"end":{"line":132,"column":24}},"69":{"start":{"line":136,"column":0},"end":{"line":136,"column":37}}},"fnMap":{"0":{"name":"(anonymous_0)","decl":{"start":{"line":42,"column":18},"end":{"line":42,"column":19}},"loc":{"start":{"line":42,"column":30},"end":{"line":134,"column":1}},"line":42},"1":{"name":"(anonymous_1)","decl":{"start":{"line":79,"column":35},"end":{"line":79,"column":36}},"loc":{"start":{"line":79,"column":50},"end":{"line":91,"column":9}},"line":79}},"branchMap":{"0":{"loc":{"start":{"line":4,"column":16},"end":{"line":4,"column":50}},"type":"binary-expr","locations":[{"start":{"line":4,"column":16},"end":{"line":4,"column":38}},{"start":{"line":4,"column":42},"end":{"line":4,"column":50}}],"line":4},"1":{"loc":{"start":{"line":5,"column":15},"end":{"line":5,"column":56}},"type":"binary-expr","locations":[{"start":{"line":5,"column":15},"end":{"line":5,"column":34}},{"start":{"line":5,"column":38},"end":{"line":5,"column":56}}],"line":5},"2":{"loc":{"start":{"line":11,"column":19},"end":{"line":15,"column":8}},"type":"cond-expr","locations":[{"start":{"line":12,"column":7},"end":{"line":14,"column":62}},{"start":{"line":15,"column":6},"end":{"line":15,"column":8}}],"line":11},"3":{"loc":{"start":{"line":12,"column":7},"end":{"line":14,"column":62}},"type":"cond-expr","locations":[{"start":{"line":13,"column":10},"end":{"line":13,"column":63}},{"start":{"line":14,"column":10},"end":{"line":14,"column":62}}],"line":12},"4":{"loc":{"start":{"line":17,"column":0},"end":{"line":36,"column":1}},"type":"if","locations":[{"start":{"line":17,"column":0},"end":{"line":36,"column":1}},{"start":{"line":30,"column":7},"end":{"line":36,"column":1}}],"line":17},"5":{"loc":{"start":{"line":17,"column":4},"end":{"line":17,"column":25}},"type":"binary-expr","locations":[{"start":{"line":17,"column":4},"end":{"line":17,"column":11}},{"start":{"line":17,"column":15},"end":{"line":17,"column":25}}],"line":17},"6":{"loc":{"start":{"line":20,"column":8},"end":{"line":20,"column":37}},"type":"binary-expr","locations":[{"start":{"line":20,"column":8},"end":{"line":20,"column":27}},{"start":{"line":20,"column":31},"end":{"line":20,"column":37}}],"line":20},"7":{"loc":{"start":{"line":21,"column":8},"end":{"line":21,"column":33}},"type":"binary-expr","locations":[{"start":{"line":21,"column":8},"end":{"line":21,"column":27}},{"start":{"line":21,"column":31},"end":{"line":21,"column":33}}],"line":21},"8":{"loc":{"start":{"line":23,"column":18},"end":{"line":23,"column":52}},"type":"binary-expr","locations":[{"start":{"line":23,"column":18},"end":{"line":23,"column":37}},{"start":{"line":23,"column":41},"end":{"line":23,"column":52}}],"line":23},"9":{"loc":{"start":{"line":26,"column":27},"end":{"line":26,"column":80}},"type":"binary-expr","locations":[{"start":{"line":26,"column":27},"end":{"line":26,"column":46}},{"start":{"line":26,"column":51},"end":{"line":26,"column":79}}],"line":26},"10":{"loc":{"start":{"line":26,"column":51},"end":{"line":26,"column":79}},"type":"cond-expr","locations":[{"start":{"line":26,"column":64},"end":{"line":26,"column":70}},{"start":{"line":26,"column":73},"end":{"line":26,"column":79}}],"line":26},"11":{"loc":{"start":{"line":33,"column":17},"end":{"line":33,"column":106}},"type":"cond-expr","locations":[{"start":{"line":33,"column":51},"end":{"line":33,"column":61}},{"start":{"line":33,"column":64},"end":{"line":33,"column":106}}],"line":33},"12":{"loc":{"start":{"line":84,"column":20},"end":{"line":86,"column":71}},"type":"binary-expr","locations":[{"start":{"line":84,"column":21},"end":{"line":84,"column":31}},{"start":{"line":84,"column":35},"end":{"line":84,"column":60}},{"start":{"line":85,"column":21},"end":{"line":85,"column":31}},{"start":{"line":85,"column":35},"end":{"line":85,"column":62}},{"start":{"line":86,"column":21},"end":{"line":86,"column":30}},{"start":{"line":86,"column":34},"end":{"line":86,"column":70}}],"line":84},"13":{"loc":{"start":{"line":87,"column":16},"end":{"line":89,"column":17}},"type":"if","locations":[{"start":{"line":87,"column":16},"end":{"line":89,"column":17}},{"start":{},"end":{}}],"line":87},"14":{"loc":{"start":{"line":93,"column":8},"end":{"line":121,"column":9}},"type":"if","locations":[{"start":{"line":93,"column":8},"end":{"line":121,"column":9}},{"start":{"line":107,"column":15},"end":{"line":121,"column":9}}],"line":93},"15":{"loc":{"start":{"line":107,"column":15},"end":{"line":121,"column":9}},"type":"if","locations":[{"start":{"line":107,"column":15},"end":{"line":121,"column":9}},{"start":{},"end":{}}],"line":107}},"s":{"0":1,"1":1,"2":1,"3":1,"4":1,"5":1,"6":1,"7":1,"8":0,"9":1,"10":1,"11":1,"12":1,"13":1,"14":1,"15":1,"16":1,"17":1,"18":1,"19":1,"20":1,"21":1,"22":1,"23":1,"24":1,"25":1,"26":1,"27":1,"28":1,"29":1,"30":1,"31":1,"32":0,"33":0,"34":0,"35":0,"36":0,"37":1,"38":0,"39":0,"40":0,"41":0,"42":0,"43":0,"44":0,"45":0,"46":0,"47":0,"48":0,"49":0,"50":1,"51":0,"52":0,"53":0,"54":0,"55":0,"56":0,"57":0,"58":0,"59":0,"60":0,"61":0,"62":0,"63":1,"64":1,"65":1,"66":0,"67":0,"68":0,"69":1},"f":{"0":1,"1":0},"b":{"0":[1,1],"1":[1,1],"2":[0,1],"3":[0,0],"4":[0,1],"5":[1,1],"6":[0,0],"7":[0,0],"8":[0,0],"9":[0,0],"10":[0,0],"11":[1,0],"12":[0,0,0,0,0,0],"13":[0,0],"14":[0,1],"15":[0,1]},"_coverageSchema":"1a1c01bbd47fc00a2c39e90264f33305004495a9","hash":"0df44cb2a8da7866f57b263bd1f6537538e7fff2","contentHash":"9e102f207f339304f63cd266e3647cac1e9bde49b3dd0574eabac29efcf07cc5"},"C:\\kahoot-awareness\\server\\models\\Quiz.js":{"path":"C:\\kahoot-awareness\\server\\models\\Quiz.js","statementMap":{"0":{"start":{"line":1,"column":22},"end":{"line":1,"column":42}},"1":{"start":{"line":2,"column":22},"end":{"line":2,"column":51}},"2":{"start":{"line":4,"column":13},"end":{"line":13,"column":2}},"3":{"start":{"line":15,"column":17},"end":{"line":51,"column":2}},"4":{"start":{"line":28,"column":29},"end":{"line":28,"column":57}},"5":{"start":{"line":29,"column":12},"end":{"line":31,"column":13}},"6":{"start":{"line":30,"column":16},"end":{"line":30,"column":77}},"7":{"start":{"line":30,"column":22},"end":{"line":30,"column":50}},"8":{"start":{"line":30,"column":65},"end":{"line":30,"column":75}},"9":{"start":{"line":32,"column":12},"end":{"line":32,"column":34}},"10":{"start":{"line":53,"column":0},"end":{"line":53,"column":36}}},"fnMap":{"0":{"name":"(anonymous_0)","decl":{"start":{"line":27,"column":8},"end":{"line":27,"column":9}},"loc":{"start":{"line":27,"column":14},"end":{"line":33,"column":9}},"line":27}},"branchMap":{"0":{"loc":{"start":{"line":29,"column":12},"end":{"line":31,"column":13}},"type":"if","locations":[{"start":{"line":29,"column":12},"end":{"line":31,"column":13}},{"start":{},"end":{}}],"line":29},"1":{"loc":{"start":{"line":32,"column":19},"end":{"line":32,"column":33}},"type":"binary-expr","locations":[{"start":{"line":32,"column":19},"end":{"line":32,"column":27}},{"start":{"line":32,"column":31},"end":{"line":32,"column":33}}],"line":32}},"s":{"0":1,"1":1,"2":1,"3":1,"4":8,"5":8,"6":8,"7":8,"8":0,"9":0,"10":1},"f":{"0":8},"b":{"0":[8,0],"1":[0,0]},"_coverageSchema":"1a1c01bbd47fc00a2c39e90264f33305004495a9","hash":"cb54492dc5de2986ef26c05c901edde30b200fe8","contentHash":"c148752ad59755ae5a1b95f6b384cc8c17eb6c487d7dee89a1e79030d70987c7"},"C:\\kahoot-awareness\\server\\services\\ScoringService.js":{"path":"C:\\kahoot-awareness\\server\\services\\ScoringService.js","statementMap":{"0":{"start":{"line":15,"column":8},"end":{"line":17,"column":9}},"1":{"start":{"line":16,"column":12},"end":{"line":16,"column":61}},"2":{"start":{"line":19,"column":26},"end":{"line":19,"column":50}},"3":{"start":{"line":20,"column":25},"end":{"line":20,"column":28}},"4":{"start":{"line":22,"column":8},"end":{"line":28,"column":9}},"5":{"start":{"line":23,"column":12},"end":{"line":23,"column":29}},"6":{"start":{"line":24,"column":15},"end":{"line":28,"column":9}},"7":{"start":{"line":25,"column":12},"end":{"line":25,"column":29}},"8":{"start":{"line":26,"column":15},"end":{"line":28,"column":9}},"9":{"start":{"line":27,"column":12},"end":{"line":27,"column":29}},"10":{"start":{"line":30,"column":27},"end":{"line":30,"column":67}},"11":{"start":{"line":32,"column":8},"end":{"line":36,"column":10}},"12":{"start":{"line":40,"column":0},"end":{"line":40,"column":32}}},"fnMap":{"0":{"name":"(anonymous_0)","decl":{"start":{"line":14,"column":4},"end":{"line":14,"column":5}},"loc":{"start":{"line":14,"column":68},"end":{"line":37,"column":5}},"line":14}},"branchMap":{"0":{"loc":{"start":{"line":15,"column":8},"end":{"line":17,"column":9}},"type":"if","locations":[{"start":{"line":15,"column":8},"end":{"line":17,"column":9}},{"start":{},"end":{}}],"line":15},"1":{"loc":{"start":{"line":19,"column":27},"end":{"line":19,"column":45}},"type":"binary-expr","locations":[{"start":{"line":19,"column":27},"end":{"line":19,"column":40}},{"start":{"line":19,"column":44},"end":{"line":19,"column":45}}],"line":19},"2":{"loc":{"start":{"line":22,"column":8},"end":{"line":28,"column":9}},"type":"if","locations":[{"start":{"line":22,"column":8},"end":{"line":28,"column":9}},{"start":{"line":24,"column":15},"end":{"line":28,"column":9}}],"line":22},"3":{"loc":{"start":{"line":24,"column":15},"end":{"line":28,"column":9}},"type":"if","locations":[{"start":{"line":24,"column":15},"end":{"line":28,"column":9}},{"start":{"line":26,"column":15},"end":{"line":28,"column":9}}],"line":24},"4":{"loc":{"start":{"line":26,"column":15},"end":{"line":28,"column":9}},"type":"if","locations":[{"start":{"line":26,"column":15},"end":{"line":28,"column":9}},{"start":{},"end":{}}],"line":26},"5":{"loc":{"start":{"line":30,"column":42},"end":{"line":30,"column":60}},"type":"binary-expr","locations":[{"start":{"line":30,"column":42},"end":{"line":30,"column":55}},{"start":{"line":30,"column":59},"end":{"line":30,"column":60}}],"line":30}},"s":{"0":7,"1":1,"2":6,"3":6,"4":6,"5":1,"6":5,"7":1,"8":4,"9":1,"10":6,"11":6,"12":1},"f":{"0":7},"b":{"0":[1,6],"1":[6,2],"2":[1,5],"3":[1,4],"4":[1,3],"5":[6,1]},"_coverageSchema":"1a1c01bbd47fc00a2c39e90264f33305004495a9","hash":"0699162013ff76fa23ae04590f00d5efc866c6be","contentHash":"92f6348eab332efa8b3e56684415b4245c9fb2607e102237eeb20f19ca8a891e"},"C:\\kahoot-awareness\\server\\models\\User.js":{"path":"C:\\kahoot-awareness\\server\\models\\User.js","statementMap":{"0":{"start":{"line":1,"column":22},"end":{"line":1,"column":42}},"1":{"start":{"line":2,"column":22},"end":{"line":2,"column":51}},"2":{"start":{"line":3,"column":15},"end":{"line":3,"column":34}},"3":{"start":{"line":5,"column":13},"end":{"line":42,"column":2}},"4":{"start":{"line":32,"column":12},"end":{"line":34,"column":13}},"5":{"start":{"line":33,"column":16},"end":{"line":33,"column":69}},"6":{"start":{"line":37,"column":12},"end":{"line":39,"column":13}},"7":{"start":{"line":38,"column":16},"end":{"line":38,"column":69}},"8":{"start":{"line":44,"column":0},"end":{"line":46,"column":2}},"9":{"start":{"line":45,"column":4},"end":{"line":45,"column":60}},"10":{"start":{"line":48,"column":0},"end":{"line":48,"column":22}}},"fnMap":{"0":{"name":"(anonymous_0)","decl":{"start":{"line":31,"column":22},"end":{"line":31,"column":23}},"loc":{"start":{"line":31,"column":38},"end":{"line":35,"column":9}},"line":31},"1":{"name":"(anonymous_1)","decl":{"start":{"line":36,"column":22},"end":{"line":36,"column":23}},"loc":{"start":{"line":36,"column":38},"end":{"line":40,"column":9}},"line":36},"2":{"name":"(anonymous_2)","decl":{"start":{"line":44,"column":33},"end":{"line":44,"column":34}},"loc":{"start":{"line":44,"column":62},"end":{"line":46,"column":1}},"line":44}},"branchMap":{"0":{"loc":{"start":{"line":32,"column":12},"end":{"line":34,"column":13}},"type":"if","locations":[{"start":{"line":32,"column":12},"end":{"line":34,"column":13}},{"start":{},"end":{}}],"line":32},"1":{"loc":{"start":{"line":37,"column":12},"end":{"line":39,"column":13}},"type":"if","locations":[{"start":{"line":37,"column":12},"end":{"line":39,"column":13}},{"start":{},"end":{}}],"line":37},"2":{"loc":{"start":{"line":37,"column":16},"end":{"line":37,"column":57}},"type":"binary-expr","locations":[{"start":{"line":37,"column":16},"end":{"line":37,"column":40}},{"start":{"line":37,"column":44},"end":{"line":37,"column":57}}],"line":37}},"s":{"0":1,"1":1,"2":1,"3":1,"4":1,"5":1,"6":0,"7":0,"8":1,"9":0,"10":1},"f":{"0":1,"1":0,"2":0},"b":{"0":[1,0],"1":[0,0],"2":[0,0]},"_coverageSchema":"1a1c01bbd47fc00a2c39e90264f33305004495a9","hash":"8012ccec8905fa5b06a5c913fcd4a96ae8033697","contentHash":"819b85eb9305941b7ed2d0891fe468f5855cf380414b612799d63cb582577927"},"C:\\kahoot-awareness\\server\\models\\PlayerProfile.js":{"path":"C:\\kahoot-awareness\\server\\models\\PlayerProfile.js","statementMap":{"0":{"start":{"line":1,"column":22},"end":{"line":1,"column":42}},"1":{"start":{"line":2,"column":22},"end":{"line":2,"column":51}},"2":{"start":{"line":3,"column":15},"end":{"line":3,"column":34}},"3":{"start":{"line":5,"column":22},"end":{"line":54,"column":2}},"4":{"start":{"line":44,"column":12},"end":{"line":46,"column":13}},"5":{"start":{"line":45,"column":16},"end":{"line":45,"column":73}},"6":{"start":{"line":49,"column":12},"end":{"line":51,"column":13}},"7":{"start":{"line":50,"column":16},"end":{"line":50,"column":73}},"8":{"start":{"line":56,"column":0},"end":{"line":59,"column":2}},"9":{"start":{"line":57,"column":4},"end":{"line":57,"column":37}},"10":{"start":{"line":57,"column":24},"end":{"line":57,"column":37}},"11":{"start":{"line":58,"column":4},"end":{"line":58,"column":60}},"12":{"start":{"line":61,"column":0},"end":{"line":61,"column":35}}},"fnMap":{"0":{"name":"(anonymous_0)","decl":{"start":{"line":43,"column":22},"end":{"line":43,"column":23}},"loc":{"start":{"line":43,"column":40},"end":{"line":47,"column":9}},"line":43},"1":{"name":"(anonymous_1)","decl":{"start":{"line":48,"column":22},"end":{"line":48,"column":23}},"loc":{"start":{"line":48,"column":40},"end":{"line":52,"column":9}},"line":48},"2":{"name":"(anonymous_2)","decl":{"start":{"line":56,"column":42},"end":{"line":56,"column":43}},"loc":{"start":{"line":56,"column":71},"end":{"line":59,"column":1}},"line":56}},"branchMap":{"0":{"loc":{"start":{"line":44,"column":12},"end":{"line":46,"column":13}},"type":"if","locations":[{"start":{"line":44,"column":12},"end":{"line":46,"column":13}},{"start":{},"end":{}}],"line":44},"1":{"loc":{"start":{"line":49,"column":12},"end":{"line":51,"column":13}},"type":"if","locations":[{"start":{"line":49,"column":12},"end":{"line":51,"column":13}},{"start":{},"end":{}}],"line":49},"2":{"loc":{"start":{"line":49,"column":16},"end":{"line":49,"column":61}},"type":"binary-expr","locations":[{"start":{"line":49,"column":16},"end":{"line":49,"column":42}},{"start":{"line":49,"column":46},"end":{"line":49,"column":61}}],"line":49},"3":{"loc":{"start":{"line":57,"column":4},"end":{"line":57,"column":37}},"type":"if","locations":[{"start":{"line":57,"column":4},"end":{"line":57,"column":37}},{"start":{},"end":{}}],"line":57}},"s":{"0":1,"1":1,"2":1,"3":1,"4":0,"5":0,"6":0,"7":0,"8":1,"9":0,"10":0,"11":0,"12":1},"f":{"0":0,"1":0,"2":0},"b":{"0":[0,0],"1":[0,0],"2":[0,0],"3":[0,0]},"_coverageSchema":"1a1c01bbd47fc00a2c39e90264f33305004495a9","hash":"1f73de114fc8f48df5d4784ccbca84817b904f01","contentHash":"fcb6897bccb810228d5b0ae5ce168598d44f77578623897050d4c7ba0e2bc950"},"C:\\kahoot-awareness\\server\\services\\SessionAuthorizationService.js":{"path":"C:\\kahoot-awareness\\server\\services\\SessionAuthorizationService.js","statementMap":{"0":{"start":{"line":1,"column":12},"end":{"line":1,"column":35}},"1":{"start":{"line":3,"column":19},"end":{"line":3,"column":62}},"2":{"start":{"line":16,"column":8},"end":{"line":16,"column":32}},"3":{"start":{"line":16,"column":20},"end":{"line":16,"column":32}},"4":{"start":{"line":17,"column":8},"end":{"line":22,"column":9}},"5":{"start":{"line":18,"column":28},"end":{"line":18,"column":57}},"6":{"start":{"line":19,"column":12},"end":{"line":19,"column":34}},"7":{"start":{"line":21,"column":12},"end":{"line":21,"column":24}},"8":{"start":{"line":31,"column":8},"end":{"line":31,"column":32}},"9":{"start":{"line":31,"column":20},"end":{"line":31,"column":32}},"10":{"start":{"line":32,"column":8},"end":{"line":36,"column":9}},"11":{"start":{"line":33,"column":12},"end":{"line":33,"column":49}},"12":{"start":{"line":35,"column":12},"end":{"line":35,"column":24}},"13":{"start":{"line":47,"column":8},"end":{"line":51,"column":10}},"14":{"start":{"line":55,"column":0},"end":{"line":55,"column":45}}},"fnMap":{"0":{"name":"(anonymous_0)","decl":{"start":{"line":15,"column":4},"end":{"line":15,"column":5}},"loc":{"start":{"line":15,"column":34},"end":{"line":23,"column":5}},"line":15},"1":{"name":"(anonymous_1)","decl":{"start":{"line":30,"column":4},"end":{"line":30,"column":5}},"loc":{"start":{"line":30,"column":36},"end":{"line":37,"column":5}},"line":30},"2":{"name":"(anonymous_2)","decl":{"start":{"line":46,"column":4},"end":{"line":46,"column":5}},"loc":{"start":{"line":46,"column":62},"end":{"line":52,"column":5}},"line":46}},"branchMap":{"0":{"loc":{"start":{"line":3,"column":19},"end":{"line":3,"column":62}},"type":"binary-expr","locations":[{"start":{"line":3,"column":19},"end":{"line":3,"column":41}},{"start":{"line":3,"column":45},"end":{"line":3,"column":62}}],"line":3},"1":{"loc":{"start":{"line":16,"column":8},"end":{"line":16,"column":32}},"type":"if","locations":[{"start":{"line":16,"column":8},"end":{"line":16,"column":32}},{"start":{},"end":{}}],"line":16},"2":{"loc":{"start":{"line":31,"column":8},"end":{"line":31,"column":32}},"type":"if","locations":[{"start":{"line":31,"column":8},"end":{"line":31,"column":32}},{"start":{},"end":{}}],"line":31}},"s":{"0":1,"1":1,"2":3,"3":1,"4":2,"5":2,"6":1,"7":1,"8":3,"9":1,"10":2,"11":2,"12":1,"13":2,"14":1},"f":{"0":3,"1":3,"2":2},"b":{"0":[1,1],"1":[1,2],"2":[1,2]},"_coverageSchema":"1a1c01bbd47fc00a2c39e90264f33305004495a9","hash":"a3e68d36de52b12537580d2f580bc34311d382f7","contentHash":"830fe66482b70eab5bbb5efa61090fc649204749163db2a289c7b7cb466a8028"},"C:\\kahoot-awareness\\server\\services\\SessionRecoveryService.js":{"path":"C:\\kahoot-awareness\\server\\services\\SessionRecoveryService.js","statementMap":{"0":{"start":{"line":16,"column":32},"end":{"line":16,"column":76}},"1":{"start":{"line":18,"column":24},"end":{"line":38,"column":9}},"2":{"start":{"line":40,"column":8},"end":{"line":48,"column":9}},"3":{"start":{"line":41,"column":12},"end":{"line":47,"column":14}},"4":{"start":{"line":50,"column":8},"end":{"line":50,"column":25}},"5":{"start":{"line":62,"column":32},"end":{"line":62,"column":76}},"6":{"start":{"line":64,"column":8},"end":{"line":77,"column":10}},"7":{"start":{"line":81,"column":0},"end":{"line":81,"column":40}}},"fnMap":{"0":{"name":"(anonymous_0)","decl":{"start":{"line":15,"column":4},"end":{"line":15,"column":5}},"loc":{"start":{"line":15,"column":84},"end":{"line":51,"column":5}},"line":15},"1":{"name":"(anonymous_1)","decl":{"start":{"line":61,"column":4},"end":{"line":61,"column":5}},"loc":{"start":{"line":61,"column":74},"end":{"line":78,"column":5}},"line":61}},"branchMap":{"0":{"loc":{"start":{"line":15,"column":59},"end":{"line":15,"column":82}},"type":"default-arg","locations":[{"start":{"line":15,"column":72},"end":{"line":15,"column":82}}],"line":15},"1":{"loc":{"start":{"line":20,"column":22},"end":{"line":29,"column":20}},"type":"cond-expr","locations":[{"start":{"line":20,"column":40},"end":{"line":29,"column":13}},{"start":{"line":29,"column":16},"end":{"line":29,"column":20}}],"line":20},"2":{"loc":{"start":{"line":28,"column":27},"end":{"line":28,"column":103}},"type":"cond-expr","locations":[{"start":{"line":28,"column":55},"end":{"line":28,"column":90}},{"start":{"line":28,"column":93},"end":{"line":28,"column":103}}],"line":28},"3":{"loc":{"start":{"line":34,"column":22},"end":{"line":36,"column":19}},"type":"cond-expr","locations":[{"start":{"line":35,"column":18},"end":{"line":35,"column":124}},{"start":{"line":36,"column":18},"end":{"line":36,"column":19}}],"line":34},"4":{"loc":{"start":{"line":34,"column":22},"end":{"line":34,"column":99}},"type":"binary-expr","locations":[{"start":{"line":34,"column":22},"end":{"line":34,"column":51}},{"start":{"line":34,"column":55},"end":{"line":34,"column":80}},{"start":{"line":34,"column":84},"end":{"line":34,"column":99}}],"line":34},"5":{"loc":{"start":{"line":40,"column":8},"end":{"line":48,"column":9}},"type":"if","locations":[{"start":{"line":40,"column":8},"end":{"line":48,"column":9}},{"start":{},"end":{}}],"line":40},"6":{"loc":{"start":{"line":45,"column":30},"end":{"line":45,"column":81}},"type":"cond-expr","locations":[{"start":{"line":45,"column":48},"end":{"line":45,"column":76}},{"start":{"line":45,"column":79},"end":{"line":45,"column":81}}],"line":45},"7":{"loc":{"start":{"line":61,"column":49},"end":{"line":61,"column":72}},"type":"default-arg","locations":[{"start":{"line":61,"column":62},"end":{"line":61,"column":72}}],"line":61},"8":{"loc":{"start":{"line":66,"column":29},"end":{"line":76,"column":20}},"type":"cond-expr","locations":[{"start":{"line":66,"column":47},"end":{"line":76,"column":13}},{"start":{"line":76,"column":16},"end":{"line":76,"column":20}}],"line":66},"9":{"loc":{"start":{"line":75,"column":27},"end":{"line":75,"column":103}},"type":"cond-expr","locations":[{"start":{"line":75,"column":55},"end":{"line":75,"column":90}},{"start":{"line":75,"column":93},"end":{"line":75,"column":103}}],"line":75}},"s":{"0":5,"1":5,"2":5,"3":2,"4":5,"5":3,"6":3,"7":1},"f":{"0":5,"1":3},"b":{"0":[0],"1":[3,2],"2":[2,1],"3":[1,4],"4":[5,3,2],"5":[2,3],"6":[1,1],"7":[0],"8":[2,1],"9":[1,1]},"_coverageSchema":"1a1c01bbd47fc00a2c39e90264f33305004495a9","hash":"d21586ed1b10f279f78bdc21ec310f51dac3702f","contentHash":"13d6166b73ef10d4aae2edac1f22525519bb55ee21e20f68cfa6e59ec8dbf3a0"},"C:\\kahoot-awareness\\server\\validators\\socketSchemas.js":{"path":"C:\\kahoot-awareness\\server\\validators\\socketSchemas.js","statementMap":{"0":{"start":{"line":1,"column":12},"end":{"line":1,"column":26}},"1":{"start":{"line":3,"column":16},"end":{"line":52,"column":1}},"2":{"start":{"line":60,"column":30},"end":{"line":67,"column":1}},"3":{"start":{"line":61,"column":19},"end":{"line":61,"column":37}},"4":{"start":{"line":62,"column":4},"end":{"line":65,"column":5}},"5":{"start":{"line":64,"column":8},"end":{"line":64,"column":34}},"6":{"start":{"line":66,"column":4},"end":{"line":66,"column":60}},"7":{"start":{"line":69,"column":0},"end":{"line":72,"column":2}}},"fnMap":{"0":{"name":"(anonymous_0)","decl":{"start":{"line":60,"column":30},"end":{"line":60,"column":31}},"loc":{"start":{"line":60,"column":54},"end":{"line":67,"column":1}},"line":60}},"branchMap":{"0":{"loc":{"start":{"line":62,"column":4},"end":{"line":65,"column":5}},"type":"if","locations":[{"start":{"line":62,"column":4},"end":{"line":65,"column":5}},{"start":{},"end":{}}],"line":62}},"s":{"0":1,"1":1,"2":1,"3":5,"4":5,"5":1,"6":4,"7":1},"f":{"0":5},"b":{"0":[1,4]},"_coverageSchema":"1a1c01bbd47fc00a2c39e90264f33305004495a9","hash":"d28594b8305d93b2c9584f8b47027a1b771b2c4a","contentHash":"7de22105e5ef7ff2ef14c52b61bdcc0dacc1f95f8a09a46ebc3900cd7522e1bf"}}