{"C:\\kahoot-awareness\\server\\routes\\auth.js":{"path":"C:\\kahoot-awareness\\server\\routes\\auth.js","statementMap":{"0":{"start":{"line":1,"column":16},"end":{"line":1,"column":34}},"1":{"start":{"line":2,"column":15},"end":{"line":2,"column":31}},"2":{"start":{"line":3,"column":12},"end":{"line":3,"column":35}},"3":{"start":{"line":4,"column":13},"end":{"line":4,"column":38}},"4":{"start":{"line":6,"column":25},"end":{"line":6,"column":55}},"5":{"start":{"line":8,"column":19},"end":{"line":8,"column":62}},"6":{"start":{"line":9,"column":25},"end":{"line":9,"column":132}},"7":{"start":{"line":10,"column":15},"end":{"line":10,"column":49}},"8":{"start":{"line":13,"column":0},"end":{"line":66,"column":3}},"9":{"start":{"line":14,"column":4},"end":{"line":65,"column":5}},"10":{"start":{"line":15,"column":31},"end":{"line":15,"column":39}},"11":{"start":{"line":17,"column":8},"end":{"line":19,"column":9}},"12":{"start":{"line":18,"column":12},"end":{"line":18,"column":82}},"13":{"start":{"line":22,"column":23},"end":{"line":25,"column":10}},"14":{"start":{"line":27,"column":24},"end":{"line":27,"column":43}},"15":{"start":{"line":28,"column":56},"end":{"line":28,"column":63}},"16":{"start":{"line":31,"column":19},"end":{"line":31,"column":62}},"17":{"start":{"line":33,"column":8},"end":{"line":57,"column":9}},"18":{"start":{"line":35,"column":12},"end":{"line":35,"column":60}},"19":{"start":{"line":37,"column":12},"end":{"line":50,"column":13}},"20":{"start":{"line":39,"column":16},"end":{"line":39,"column":41}},"21":{"start":{"line":40,"column":16},"end":{"line":40,"column":38}},"22":{"start":{"line":41,"column":16},"end":{"line":41,"column":34}},"23":{"start":{"line":44,"column":16},"end":{"line":49,"column":19}},"24":{"start":{"line":53,"column":12},"end":{"line":56,"column":13}},"25":{"start":{"line":54,"column":16},"end":{"line":54,"column":38}},"26":{"start":{"line":55,"column":16},"end":{"line":55,"column":34}},"27":{"start":{"line":60,"column":22},"end":{"line":60,"column":85}},"28":{"start":{"line":61,"column":8},"end":{"line":61,"column":74}},"29":{"start":{"line":63,"column":8},"end":{"line":63,"column":49}},"30":{"start":{"line":64,"column":8},"end":{"line":64,"column":67}},"31":{"start":{"line":69,"column":0},"end":{"line":85,"column":3}},"32":{"start":{"line":70,"column":4},"end":{"line":72,"column":5}},"33":{"start":{"line":71,"column":8},"end":{"line":71,"column":62}},"34":{"start":{"line":74,"column":4},"end":{"line":84,"column":5}},"35":{"start":{"line":75,"column":19},"end":{"line":75,"column":74}},"36":{"start":{"line":76,"column":8},"end":{"line":78,"column":9}},"37":{"start":{"line":77,"column":12},"end":{"line":77,"column":90}},"38":{"start":{"line":79,"column":22},"end":{"line":79,"column":84}},"39":{"start":{"line":80,"column":8},"end":{"line":80,"column":74}},"40":{"start":{"line":82,"column":8},"end":{"line":82,"column":47}},"41":{"start":{"line":83,"column":8},"end":{"line":83,"column":57}},"42":{"start":{"line":87,"column":0},"end":{"line":87,"column":24}}},"fnMap":{"0":{"name":"(anonymous_0)","decl":{"start":{"line":13,"column":23},"end":{"line":13,"column":24}},"loc":{"start":{"line":13,"column":43},"end":{"line":66,"column":1}},"line":13},"1":{"name":"(anonymous_1)","decl":{"start":{"line":69,"column":27},"end":{"line":69,"column":28}},"loc":{"start":{"line":69,"column":53},"end":{"line":85,"column":1}},"line":69}},"branchMap":{"0":{"loc":{"start":{"line":8,"column":19},"end":{"line":8,"column":62}},"type":"binary-expr","locations":[{"start":{"line":8,"column":19},"end":{"line":8,"column":41}},{"start":{"line":8,"column":45},"end":{"line":8,"column":62}}],"line":8},"1":{"loc":{"start":{"line":9,"column":25},"end":{"line":9,"column":132}},"type":"binary-expr","locations":[{"start":{"line":9,"column":25},"end":{"line":9,"column":53}},{"start":{"line":9,"column":57},"end":{"line":9,"column":132}}],"line":9},"2":{"loc":{"start":{"line":17,"column":8},"end":{"line":19,"column":9}},"type":"if","locations":[{"start":{"line":17,"column":8},"end":{"line":19,"column":9}},{"start":{},"end":{}}],"line":17},"3":{"loc":{"start":{"line":33,"column":8},"end":{"line":57,"column":9}},"type":"if","locations":[{"start":{"line":33,"column":8},"end":{"line":57,"column":9}},{"start":{"line":51,"column":15},"end":{"line":57,"column":9}}],"line":33},"4":{"loc":{"start":{"line":37,"column":12},"end":{"line":50,"column":13}},"type":"if","locations":[{"start":{"line":37,"column":12},"end":{"line":50,"column":13}},{"start":{"line":42,"column":19},"end":{"line":50,"column":13}}],"line":37},"5":{"loc":{"start":{"line":45,"column":30},"end":{"line":45,"column":57}},"type":"binary-expr","locations":[{"start":{"line":45,"column":30},"end":{"line":45,"column":34}},{"start":{"line":45,"column":38},"end":{"line":45,"column":57}}],"line":45},"6":{"loc":{"start":{"line":53,"column":12},"end":{"line":56,"column":13}},"type":"if","locations":[{"start":{"line":53,"column":12},"end":{"line":56,"column":13}},{"start":{},"end":{}}],"line":53},"7":{"loc":{"start":{"line":70,"column":4},"end":{"line":72,"column":5}},"type":"if","locations":[{"start":{"line":70,"column":4},"end":{"line":72,"column":5}},{"start":{},"end":{}}],"line":70},"8":{"loc":{"start":{"line":76,"column":8},"end":{"line":78,"column":9}},"type":"if","locations":[{"start":{"line":76,"column":8},"end":{"line":78,"column":9}},{"start":{},"end":{}}],"line":76}},"s":{"0":1,"1":1,"2":1,"3":1,"4":1,"5":1,"6":1,"7":1,"8":1,"9":0,"10":0,"11":0,"12":0,"13":0,"14":0,"15":0,"16":0,"17":0,"18":0,"19":0,"20":0,"21":0,"22":0,"23":0,"24":0,"25":0,"26":0,"27":0,"28":0,"29":0,"30":0,"31":1,"32":1,"33":1,"34":0,"35":0,"36":0,"37":0,"38":0,"39":0,"40":0,"41":0,"42":1},"f":{"0":0,"1":1},"b":{"0":[1,1],"1":[1,1],"2":[0,0],"3":[0,0],"4":[0,0],"5":[0,0],"6":[0,0],"7":[1,0],"8":[0,0]},"_coverageSchema":"1a1c01bbd47fc00a2c39e90264f33305004495a9","hash":"ae0991e15f8e4ba8f65229b747ad69c957f1223f","contentHash":"bf16fdfede9c5404a81c3614e6e5943889fbbc325b3077e6137c385579a1f6ed"},"C:\\kahoot-awareness\\server\\models\\User.js":{"path":"C:\\kahoot-awareness\\server\\models\\User.js","statementMap":{"0":{"start":{"line":1,"column":22},"end":{"line":1,"column":42}},"1":{"start":{"line":2,"column":22},"end":{"line":2,"column":51}},"2":{"start":{"line":3,"column":15},"end":{"line":3,"column":34}},"3":{"start":{"line":5,"column":13},"end":{"line":42,"column":2}},"4":{"start":{"line":32,"column":12},"end":{"line":34,"column":13}},"5":{"start":{"line":33,"column":16},"end":{"line":33,"column":69}},"6":{"start":{"line":37,"column":12},"end":{"line":39,"column":13}},"7":{"start":{"line":38,"column":16},"end":{"line":38,"column":69}},"8":{"start":{"line":44,"column":0},"end":{"line":46,"column":2}},"9":{"start":{"line":45,"column":4},"end":{"line":45,"column":60}},"10":{"start":{"line":48,"column":0},"end":{"line":48,"column":22}}},"fnMap":{"0":{"name":"(anonymous_0)","decl":{"start":{"line":31,"column":22},"end":{"line":31,"column":23}},"loc":{"start":{"line":31,"column":38},"end":{"line":35,"column":9}},"line":31},"1":{"name":"(anonymous_1)","decl":{"start":{"line":36,"column":22},"end":{"line":36,"column":23}},"loc":{"start":{"line":36,"column":38},"end":{"line":40,"column":9}},"line":36},"2":{"name":"(anonymous_2)","decl":{"start":{"line":44,"column":33},"end":{"line":44,"column":34}},"loc":{"start":{"line":44,"column":62},"end":{"line":46,"column":1}},"line":44}},"branchMap":{"0":{"loc":{"start":{"line":32,"column":12},"end":{"line":34,"column":13}},"type":"if","locations":[{"start":{"line":32,"column":12},"end":{"line":34,"column":13}},{"start":{},"end":{}}],"line":32},"1":{"loc":{"start":{"line":37,"column":12},"end":{"line":39,"column":13}},"type":"if","locations":[{"start":{"line":37,"column":12},"end":{"line":39,"column":13}},{"start":{},"end":{}}],"line":37},"2":{"loc":{"start":{"line":37,"column":16},"end":{"line":37,"column":57}},"type":"binary-expr","locations":[{"start":{"line":37,"column":16},"end":{"line":37,"column":40}},{"start":{"line":37,"column":44},"end":{"line":37,"column":57}}],"line":37}},"s":{"0":1,"1":1,"2":1,"3":1,"4":0,"5":0,"6":0,"7":0,"8":1,"9":0,"10":1},"f":{"0":0,"1":0,"2":0},"b":{"0":[0,0],"1":[0,0],"2":[0,0]},"_coverageSchema":"1a1c01bbd47fc00a2c39e90264f33305004495a9","hash":"8012ccec8905fa5b06a5c913fcd4a96ae8033697","contentHash":"819b85eb9305941b7ed2d0891fe468f5855cf380414b612799d63cb582577927"},"C:\\kahoot-awareness\\server\\config\\database.js":{"path":"C:\\kahoot-awareness\\server\\config\\database.js","statementMap":{"0":{"start":{"line":1,"column":22},"end":{"line":1,"column":42}},"1":{"start":{"line":2,"column":13},"end":{"line":2,"column":28}},"2":{"start":{"line":4,"column":16},"end":{"line":4,"column":50}},"3":{"start":{"line":5,"column":15},"end":{"line":5,"column":56}},"4":{"start":{"line":6,"column":19},"end":{"line":6,"column":41}},"5":{"start":{"line":7,"column":16},"end":{"line":7,"column":35}},"6":{"start":{"line":11,"column":19},"end":{"line":15,"column":8}},"7":{"start":{"line":17,"column":0},"end":{"line":36,"column":1}},"8":{"start":{"line":18,"column":4},"end":{"line":29,"column":6}},"9":{"start":{"line":31,"column":4},"end":{"line":35,"column":7}},"10":{"start":{"line":40,"column":0},"end":{"line":40,"column":37}},"11":{"start":{"line":42,"column":18},"end":{"line":134,"column":1}},"12":{"start":{"line":43,"column":4},"end":{"line":133,"column":5}},"13":{"start":{"line":44,"column":8},"end":{"line":44,"column":39}},"14":{"start":{"line":45,"column":8},"end":{"line":45,"column":102}},"15":{"start":{"line":48,"column":35},"end":{"line":48,"column":60}},"16":{"start":{"line":49,"column":54},"end":{"line":49,"column":86}},"17":{"start":{"line":50,"column":25},"end":{"line":50,"column":50}},"18":{"start":{"line":51,"column":34},"end":{"line":51,"column":68}},"19":{"start":{"line":55,"column":8},"end":{"line":55,"column":95}},"20":{"start":{"line":56,"column":8},"end":{"line":56,"column":59}},"21":{"start":{"line":59,"column":8},"end":{"line":59,"column":62}},"22":{"start":{"line":60,"column":8},"end":{"line":60,"column":76}},"23":{"start":{"line":63,"column":8},"end":{"line":63,"column":101}},"24":{"start":{"line":64,"column":8},"end":{"line":64,"column":67}},"25":{"start":{"line":67,"column":8},"end":{"line":67,"column":107}},"26":{"start":{"line":68,"column":8},"end":{"line":68,"column":73}},"27":{"start":{"line":71,"column":8},"end":{"line":71,"column":101}},"28":{"start":{"line":72,"column":8},"end":{"line":72,"column":67}},"29":{"start":{"line":75,"column":8},"end":{"line":75,"column":95}},"30":{"start":{"line":76,"column":8},"end":{"line":76,"column":90}},"31":{"start":{"line":79,"column":35},"end":{"line":91,"column":9}},"32":{"start":{"line":80,"column":12},"end":{"line":90,"column":13}},"33":{"start":{"line":81,"column":16},"end":{"line":81,"column":43}},"34":{"start":{"line":84,"column":20},"end":{"line":86,"column":71}},"35":{"start":{"line":87,"column":16},"end":{"line":89,"column":17}},"36":{"start":{"line":88,"column":20},"end":{"line":88,"column":72}},"37":{"start":{"line":93,"column":8},"end":{"line":121,"column":9}},"38":{"start":{"line":95,"column":12},"end":{"line":95,"column":120}},"39":{"start":{"line":96,"column":12},"end":{"line":96,"column":100}},"40":{"start":{"line":97,"column":12},"end":{"line":97,"column":102}},"41":{"start":{"line":98,"column":12},"end":{"line":98,"column":104}},"42":{"start":{"line":99,"column":12},"end":{"line":99,"column":99}},"43":{"start":{"line":100,"column":12},"end":{"line":100,"column":95}},"44":{"start":{"line":101,"column":12},"end":{"line":101,"column":100}},"45":{"start":{"line":102,"column":12},"end":{"line":102,"column":97}},"46":{"start":{"line":103,"column":12},"end":{"line":103,"column":98}},"47":{"start":{"line":104,"column":12},"end":{"line":104,"column":98}},"48":{"start":{"line":105,"column":12},"end":{"line":105,"column":109}},"49":{"start":{"line":106,"column":12},"end":{"line":106,"column":107}},"50":{"start":{"line":107,"column":15},"end":{"line":121,"column":9}},"51":{"start":{"line":109,"column":12},"end":{"line":109,"column":141}},"52":{"start":{"line":110,"column":12},"end":{"line":110,"column":132}},"53":{"start":{"line":111,"column":12},"end":{"line":111,"column":125}},"54":{"start":{"line":112,"column":12},"end":{"line":112,"column":127}},"55":{"start":{"line":113,"column":12},"end":{"line":113,"column":103}},"56":{"start":{"line":114,"column":12},"end":{"line":114,"column":97}},"57":{"start":{"line":115,"column":12},"end":{"line":115,"column":104}},"58":{"start":{"line":116,"column":12},"end":{"line":116,"column":101}},"59":{"start":{"line":117,"column":12},"end":{"line":117,"column":102}},"60":{"start":{"line":118,"column":12},"end":{"line":118,"column":100}},"61":{"start":{"line":119,"column":12},"end":{"line":119,"column":113}},"62":{"start":{"line":120,"column":12},"end":{"line":120,"column":109}},"63":{"start":{"line":124,"column":8},"end":{"line":129,"column":9}},"64":{"start":{"line":125,"column":12},"end":{"line":125,"column":35}},"65":{"start":{"line":126,"column":12},"end":{"line":126,"column":52}},"66":{"start":{"line":128,"column":12},"end":{"line":128,"column":68}},"67":{"start":{"line":131,"column":8},"end":{"line":131,"column":58}},"68":{"start":{"line":132,"column":8},"end":{"line":132,"column":24}},"69":{"start":{"line":136,"column":0},"end":{"line":136,"column":37}}},"fnMap":{"0":{"name":"(anonymous_0)","decl":{"start":{"line":42,"column":18},"end":{"line":42,"column":19}},"loc":{"start":{"line":42,"column":30},"end":{"line":134,"column":1}},"line":42},"1":{"name":"(anonymous_1)","decl":{"start":{"line":79,"column":35},"end":{"line":79,"column":36}},"loc":{"start":{"line":79,"column":50},"end":{"line":91,"column":9}},"line":79}},"branchMap":{"0":{"loc":{"start":{"line":4,"column":16},"end":{"line":4,"column":50}},"type":"binary-expr","locations":[{"start":{"line":4,"column":16},"end":{"line":4,"column":38}},{"start":{"line":4,"column":42},"end":{"line":4,"column":50}}],"line":4},"1":{"loc":{"start":{"line":5,"column":15},"end":{"line":5,"column":56}},"type":"binary-expr","locations":[{"start":{"line":5,"column":15},"end":{"line":5,"column":34}},{"start":{"line":5,"column":38},"end":{"line":5,"column":56}}],"line":5},"2":{"loc":{"start":{"line":11,"column":19},"end":{"line":15,"column":8}},"type":"cond-expr","locations":[{"start":{"line":12,"column":7},"end":{"line":14,"column":62}},{"start":{"line":15,"column":6},"end":{"line":15,"column":8}}],"line":11},"3":{"loc":{"start":{"line":12,"column":7},"end":{"line":14,"column":62}},"type":"cond-expr","locations":[{"start":{"line":13,"column":10},"end":{"line":13,"column":63}},{"start":{"line":14,"column":10},"end":{"line":14,"column":62}}],"line":12},"4":{"loc":{"start":{"line":17,"column":0},"end":{"line":36,"column":1}},"type":"if","locations":[{"start":{"line":17,"column":0},"end":{"line":36,"column":1}},{"start":{"line":30,"column":7},"end":{"line":36,"column":1}}],"line":17},"5":{"loc":{"start":{"line":17,"column":4},"end":{"line":17,"column":25}},"type":"binary-expr","locations":[{"start":{"line":17,"column":4},"end":{"line":17,"column":11}},{"start":{"line":17,"column":15},"end":{"line":17,"column":25}}],"line":17},"6":{"loc":{"start":{"line":20,"column":8},"end":{"line":20,"column":37}},"type":"binary-expr","locations":[{"start":{"line":20,"column":8},"end":{"line":20,"column":27}},{"start":{"line":20,"column":31},"end":{"line":20,"column":37}}],"line":20},"7":{"loc":{"start":{"line":21,"column":8},"end":{"line":21,"column":33}},"type":"binary-expr","locations":[{"start":{"line":21,"column":8},"end":{"line":21,"column":27}},{"start":{"line":21,"column":31},"end":{"line":21,"column":33}}],"line":21},"8":{"loc":{"start":{"line":23,"column":18},"end":{"line":23,"column":52}},"type":"binary-expr","locations":[{"start":{"line":23,"column":18},"end":{"line":23,"column":37}},{"start":{"line":23,"column":41},"end":{"line":23,"column":52}}],"line":23},"9":{"loc":{"start":{"line":26,"column":27},"end":{"line":26,"column":80}},"type":"binary-expr","locations":[{"start":{"line":26,"column":27},"end":{"line":26,"column":46}},{"start":{"line":26,"column":51},"end":{"line":26,"column":79}}],"line":26},"10":{"loc":{"start":{"line":26,"column":51},"end":{"line":26,"column":79}},"type":"cond-expr","locations":[{"start":{"line":26,"column":64},"end":{"line":26,"column":70}},{"start":{"line":26,"column":73},"end":{"line":26,"column":79}}],"line":26},"11":{"loc":{"start":{"line":33,"column":17},"end":{"line":33,"column":106}},"type":"cond-expr","locations":[{"start":{"line":33,"column":51},"end":{"line":33,"column":61}},{"start":{"line":33,"column":64},"end":{"line":33,"column":106}}],"line":33},"12":{"loc":{"start":{"line":84,"column":20},"end":{"line":86,"column":71}},"type":"binary-expr","locations":[{"start":{"line":84,"column":21},"end":{"line":84,"column":31}},{"start":{"line":84,"column":35},"end":{"line":84,"column":60}},{"start":{"line":85,"column":21},"end":{"line":85,"column":31}},{"start":{"line":85,"column":35},"end":{"line":85,"column":62}},{"start":{"line":86,"column":21},"end":{"line":86,"column":30}},{"start":{"line":86,"column":34},"end":{"line":86,"column":70}}],"line":84},"13":{"loc":{"start":{"line":87,"column":16},"end":{"line":89,"column":17}},"type":"if","locations":[{"start":{"line":87,"column":16},"end":{"line":89,"column":17}},{"start":{},"end":{}}],"line":87},"14":{"loc":{"start":{"line":93,"column":8},"end":{"line":121,"column":9}},"type":"if","locations":[{"start":{"line":93,"column":8},"end":{"line":121,"column":9}},{"start":{"line":107,"column":15},"end":{"line":121,"column":9}}],"line":93},"15":{"loc":{"start":{"line":107,"column":15},"end":{"line":121,"column":9}},"type":"if","locations":[{"start":{"line":107,"column":15},"end":{"line":121,"column":9}},{"start":{},"end":{}}],"line":107}},"s":{"0":1,"1":1,"2":1,"3":1,"4":1,"5":1,"6":1,"7":1,"8":0,"9":1,"10":1,"11":1,"12":0,"13":0,"14":0,"15":0,"16":0,"17":0,"18":0,"19":0,"20":0,"21":0,"22":0,"23":0,"24":0,"25":0,"26":0,"27":0,"28":0,"29":0,"30":0,"31":0,"32":0,"33":0,"34":0,"35":0,"36":0,"37":0,"38":0,"39":0,"40":0,"41":0,"42":0,"43":0,"44":0,"45":0,"46":0,"47":0,"48":0,"49":0,"50":0,"51":0,"52":0,"53":0,"54":0,"55":0,"56":0,"57":0,"58":0,"59":0,"60":0,"61":0,"62":0,"63":0,"64":0,"65":0,"66":0,"67":0,"68":0,"69":1},"f":{"0":0,"1":0},"b":{"0":[1,1],"1":[1,1],"2":[0,1],"3":[0,0],"4":[0,1],"5":[1,1],"6":[0,0],"7":[0,0],"8":[0,0],"9":[0,0],"10":[0,0],"11":[0,1],"12":[0,0,0,0,0,0],"13":[0,0],"14":[0,0],"15":[0,0]},"_coverageSchema":"1a1c01bbd47fc00a2c39e90264f33305004495a9","hash":"0df44cb2a8da7866f57b263bd1f6537538e7fff2","contentHash":"9e102f207f339304f63cd266e3647cac1e9bde49b3dd0574eabac29efcf07cc5"}}