TN:
SF:db_test.js
FN:20,check
FNF:1
FNH:0
FNDA:0,check
DA:1,0
DA:3,0
DA:21,0
DA:22,0
DA:23,0
DA:26,0
DA:27,0
DA:29,0
DA:30,0
DA:32,0
DA:34,0
DA:38,0
LF:12
LH:0
BRF:0
BRH:0
end_of_record
TN:
SF:index.js
FN:35,(anonymous_0)
FN:38,(anonymous_1)
FN:44,(anonymous_2)
FN:46,(anonymous_3)
FN:54,(anonymous_4)
FN:66,(anonymous_5)
FN:68,(anonymous_6)
FN:94,(anonymous_7)
FN:110,(anonymous_8)
FN:111,(anonymous_9)
FNF:10
FNH:0
FNDA:0,(anonymous_0)
FNDA:0,(anonymous_1)
FNDA:0,(anonymous_2)
FNDA:0,(anonymous_3)
FNDA:0,(anonymous_4)
FNDA:0,(anonymous_5)
FNDA:0,(anonymous_6)
FNDA:0,(anonymous_7)
FNDA:0,(anonymous_8)
FNDA:0,(anonymous_9)
DA:1,0
DA:2,0
DA:4,0
DA:6,0
DA:7,0
DA:8,0
DA:9,0
DA:10,0
DA:11,0
DA:12,0
DA:13,0
DA:15,0
DA:16,0
DA:18,0
DA:20,0
DA:28,0
DA:29,0
DA:30,0
DA:32,0
DA:33,0
DA:35,0
DA:36,0
DA:37,0
DA:39,0
DA:44,0
DA:45,0
DA:46,0
DA:47,0
DA:48,0
DA:50,0
DA:53,0
DA:56,0
DA:61,0
DA:62,0
DA:66,0
DA:68,0
DA:69,0
DA:76,0
DA:77,0
DA:79,0
DA:80,0
DA:81,0
DA:85,0
DA:86,0
DA:87,0
DA:90,0
DA:91,0
DA:93,0
DA:94,0
DA:95,0
DA:98,0
DA:99,0
DA:103,0
DA:107,0
DA:108,0
DA:109,0
DA:110,0
DA:111,0
DA:112,0
LF:59
LH:0
BRDA:1,0,0,0
BRDA:1,0,1,0
BRDA:18,1,0,0
BRDA:18,1,1,0
BRDA:28,2,0,0
BRDA:28,2,1,0
BRDA:79,3,0,0
BRDA:79,3,1,0
BRDA:93,4,0,0
BRDA:93,4,1,0
BRDA:108,5,0,0
BRDA:108,5,1,0
BRF:12
BRH:0
end_of_record
TN:
SF:config\database.js
FN:42,(anonymous_0)
FN:79,(anonymous_1)
FNF:2
FNH:1
FNDA:1,(anonymous_0)
FNDA:0,(anonymous_1)
DA:1,2
DA:2,2
DA:4,2
DA:5,2
DA:6,2
DA:7,2
DA:11,2
DA:17,2
DA:18,0
DA:31,2
DA:40,2
DA:42,2
DA:43,1
DA:44,1
DA:45,1
DA:48,1
DA:49,1
DA:50,1
DA:51,1
DA:55,1
DA:56,1
DA:59,1
DA:60,1
DA:63,1
DA:64,1
DA:67,1
DA:68,1
DA:71,1
DA:72,1
DA:75,1
DA:76,1
DA:79,1
DA:80,0
DA:81,0
DA:84,0
DA:87,0
DA:88,0
DA:93,1
DA:95,0
DA:96,0
DA:97,0
DA:98,0
DA:99,0
DA:100,0
DA:101,0
DA:102,0
DA:103,0
DA:104,0
DA:105,0
DA:106,0
DA:107,1
DA:109,0
DA:110,0
DA:111,0
DA:112,0
DA:113,0
DA:114,0
DA:115,0
DA:116,0
DA:117,0
DA:118,0
DA:119,0
DA:120,0
DA:124,1
DA:125,1
DA:126,1
DA:128,0
DA:131,0
DA:132,0
DA:136,2
LF:70
LH:37
BRDA:4,0,0,2
BRDA:4,0,1,2
BRDA:5,1,0,2
BRDA:5,1,1,2
BRDA:11,2,0,0
BRDA:11,2,1,2
BRDA:12,3,0,0
BRDA:12,3,1,0
BRDA:17,4,0,0
BRDA:17,4,1,2
BRDA:17,5,0,2
BRDA:17,5,1,2
BRDA:20,6,0,0
BRDA:20,6,1,0
BRDA:21,7,0,0
BRDA:21,7,1,0
BRDA:23,8,0,0
BRDA:23,8,1,0
BRDA:26,9,0,0
BRDA:26,9,1,0
BRDA:26,10,0,0
BRDA:26,10,1,0
BRDA:33,11,0,1
BRDA:33,11,1,1
BRDA:84,12,0,0
BRDA:84,12,1,0
BRDA:84,12,2,0
BRDA:84,12,3,0
BRDA:84,12,4,0
BRDA:84,12,5,0
BRDA:87,13,0,0
BRDA:87,13,1,0
BRDA:93,14,0,0
BRDA:93,14,1,1
BRDA:107,15,0,0
BRDA:107,15,1,1
BRF:36
BRH:12
end_of_record
TN:
SF:models\GameSession.js
FNF:0
FNH:0
DA:1,1
DA:2,1
DA:4,1
DA:40,1
DA:100,1
DA:128,1
LF:6
LH:6
BRF:0
BRH:0
end_of_record
TN:
SF:models\PlayerProfile.js
FN:43,(anonymous_0)
FN:48,(anonymous_1)
FN:56,(anonymous_2)
FNF:3
FNH:0
FNDA:0,(anonymous_0)
FNDA:0,(anonymous_1)
FNDA:0,(anonymous_2)
DA:1,1
DA:2,1
DA:3,1
DA:5,1
DA:44,0
DA:45,0
DA:49,0
DA:50,0
DA:56,1
DA:57,0
DA:58,0
DA:61,1
LF:12
LH:6
BRDA:44,0,0,0
BRDA:44,0,1,0
BRDA:49,1,0,0
BRDA:49,1,1,0
BRDA:49,2,0,0
BRDA:49,2,1,0
BRDA:57,3,0,0
BRDA:57,3,1,0
BRF:8
BRH:0
end_of_record
TN:
SF:models\Quiz.js
FN:27,(anonymous_0)
FNF:1
FNH:1
FNDA:8,(anonymous_0)
DA:1,1
DA:2,1
DA:4,1
DA:15,1
DA:28,8
DA:29,8
DA:30,8
DA:32,0
DA:53,1
LF:9
LH:8
BRDA:29,0,0,8
BRDA:29,0,1,0
BRDA:32,1,0,0
BRDA:32,1,1,0
BRF:4
BRH:1
end_of_record
TN:
SF:models\User.js
FN:31,(anonymous_0)
FN:36,(anonymous_1)
FN:44,(anonymous_2)
FNF:3
FNH:1
FNDA:1,(anonymous_0)
FNDA:0,(anonymous_1)
FNDA:0,(anonymous_2)
DA:1,2
DA:2,2
DA:3,2
DA:5,2
DA:32,1
DA:33,1
DA:37,0
DA:38,0
DA:44,2
DA:45,0
DA:48,2
LF:11
LH:8
BRDA:32,0,0,1
BRDA:32,0,1,0
BRDA:37,1,0,0
BRDA:37,1,1,0
BRDA:37,2,0,0
BRDA:37,2,1,0
BRF:6
BRH:1
end_of_record
TN:
SF:routes\auth.js
FN:13,(anonymous_0)
FN:69,(anonymous_1)
FNF:2
FNH:1
FNDA:0,(anonymous_0)
FNDA:1,(anonymous_1)
DA:1,1
DA:2,1
DA:3,1
DA:4,1
DA:6,1
DA:8,1
DA:9,1
DA:10,1
DA:13,1
DA:14,0
DA:15,0
DA:17,0
DA:18,0
DA:22,0
DA:27,0
DA:28,0
DA:31,0
DA:33,0
DA:35,0
DA:37,0
DA:39,0
DA:40,0
DA:41,0
DA:44,0
DA:53,0
DA:54,0
DA:55,0
DA:60,0
DA:61,0
DA:63,0
DA:64,0
DA:69,1
DA:70,1
DA:71,1
DA:74,0
DA:75,0
DA:76,0
DA:77,0
DA:79,0
DA:80,0
DA:82,0
DA:83,0
DA:87,1
LF:43
LH:13
BRDA:8,0,0,1
BRDA:8,0,1,1
BRDA:9,1,0,1
BRDA:9,1,1,1
BRDA:17,2,0,0
BRDA:17,2,1,0
BRDA:33,3,0,0
BRDA:33,3,1,0
BRDA:37,4,0,0
BRDA:37,4,1,0
BRDA:45,5,0,0
BRDA:45,5,1,0
BRDA:53,6,0,0
BRDA:53,6,1,0
BRDA:70,7,0,1
BRDA:70,7,1,0
BRDA:76,8,0,0
BRDA:76,8,1,0
BRF:18
BRH:5
end_of_record
TN:
SF:routes\middleware.js
FN:4,(anonymous_0)
FNF:1
FNH:0
FNDA:0,(anonymous_0)
DA:1,0
DA:2,0
DA:4,0
DA:5,0
DA:6,0
DA:8,0
DA:9,0
DA:10,0
DA:11,0
DA:13,0
LF:10
LH:0
BRDA:2,0,0,0
BRDA:2,0,1,0
BRDA:6,1,0,0
BRDA:6,1,1,0
BRF:4
BRH:0
end_of_record
TN:
SF:routes\playerAuth.js
FN:14,(anonymous_0)
FN:27,(anonymous_1)
FN:85,(anonymous_2)
FN:99,(anonymous_3)
FN:118,(anonymous_4)
FN:141,(anonymous_5)
FN:146,(anonymous_6)
FN:151,(anonymous_7)
FN:152,(anonymous_8)
FNF:9
FNH:0
FNDA:0,(anonymous_0)
FNDA:0,(anonymous_1)
FNDA:0,(anonymous_2)
FNDA:0,(anonymous_3)
FNDA:0,(anonymous_4)
FNDA:0,(anonymous_5)
FNDA:0,(anonymous_6)
FNDA:0,(anonymous_7)
FNDA:0,(anonymous_8)
DA:1,0
DA:2,0
DA:3,0
DA:4,0
DA:5,0
DA:6,0
DA:7,0
DA:9,0
DA:10,0
DA:11,0
DA:14,0
DA:15,0
DA:16,0
DA:17,0
DA:18,0
DA:19,0
DA:20,0
DA:22,0
DA:27,0
DA:28,0
DA:29,0
DA:31,0
DA:32,0
DA:35,0
DA:40,0
DA:41,0
DA:43,0
DA:45,0
DA:46,0
DA:48,0
DA:49,0
DA:50,0
DA:51,0
DA:53,0
DA:61,0
DA:62,0
DA:63,0
DA:67,0
DA:68,0
DA:79,0
DA:80,0
DA:85,0
DA:86,0
DA:87,0
DA:90,0
DA:91,0
DA:93,0
DA:94,0
DA:99,0
DA:100,0
DA:101,0
DA:102,0
DA:104,0
DA:105,0
DA:107,0
DA:108,0
DA:110,0
DA:112,0
DA:113,0
DA:118,0
DA:119,0
DA:120,0
DA:141,0
DA:142,0
DA:143,0
DA:144,0
DA:146,0
DA:147,0
DA:149,0
DA:150,0
DA:151,0
DA:152,0
DA:153,0
DA:165,0
DA:177,0
DA:179,0
DA:180,0
DA:184,0
LF:78
LH:0
BRDA:9,0,0,0
BRDA:9,0,1,0
BRDA:10,1,0,0
BRDA:10,1,1,0
BRDA:16,2,0,0
BRDA:16,2,1,0
BRDA:31,3,0,0
BRDA:31,3,1,0
BRDA:45,4,0,0
BRDA:45,4,1,0
BRDA:48,5,0,0
BRDA:48,5,1,0
BRDA:54,6,0,0
BRDA:54,6,1,0
BRDA:61,7,0,0
BRDA:61,7,1,0
BRDA:90,8,0,0
BRDA:90,8,1,0
BRDA:102,9,0,0
BRDA:102,9,1,0
BRDA:105,10,0,0
BRDA:105,10,1,0
BRDA:143,11,0,0
BRDA:143,11,1,0
BRDA:144,12,0,0
BRDA:144,12,1,0
BRDA:147,13,0,0
BRDA:147,13,1,0
BRDA:150,14,0,0
BRDA:150,14,1,0
BRDA:150,15,0,0
BRDA:150,15,1,0
BRDA:158,16,0,0
BRDA:158,16,1,0
BRDA:160,17,0,0
BRDA:160,17,1,0
BRDA:166,18,0,0
BRDA:166,18,1,0
BRDA:167,19,0,0
BRDA:167,19,1,0
BRDA:168,20,0,0
BRDA:168,20,1,0
BRDA:170,21,0,0
BRDA:170,21,1,0
BRF:44
BRH:0
end_of_record
TN:
SF:routes\quizzes.js
FN:35,(anonymous_0)
FN:79,(anonymous_1)
FN:94,(anonymous_2)
FN:110,(anonymous_3)
FN:129,(anonymous_4)
FN:163,(anonymous_5)
FN:178,(anonymous_6)
FN:193,(anonymous_7)
FN:209,(anonymous_8)
FN:228,(anonymous_9)
FN:235,(anonymous_10)
FN:249,(anonymous_11)
FN:279,(anonymous_12)
FN:298,(anonymous_13)
FN:335,(anonymous_14)
FN:342,(anonymous_15)
FNF:16
FNH:0
FNDA:0,(anonymous_0)
FNDA:0,(anonymous_1)
FNDA:0,(anonymous_2)
FNDA:0,(anonymous_3)
FNDA:0,(anonymous_4)
FNDA:0,(anonymous_5)
FNDA:0,(anonymous_6)
FNDA:0,(anonymous_7)
FNDA:0,(anonymous_8)
FNDA:0,(anonymous_9)
FNDA:0,(anonymous_10)
FNDA:0,(anonymous_11)
FNDA:0,(anonymous_12)
FNDA:0,(anonymous_13)
FNDA:0,(anonymous_14)
FNDA:0,(anonymous_15)
DA:1,0
DA:2,0
DA:3,0
DA:4,0
DA:5,0
DA:6,0
DA:7,0
DA:8,0
DA:9,0
DA:11,0
DA:14,0
DA:15,0
DA:17,0
DA:20,0
DA:21,0
DA:22,0
DA:35,0
DA:36,0
DA:37,0
DA:38,0
DA:41,0
DA:42,0
DA:44,0
DA:46,0
DA:63,0
DA:64,0
DA:65,0
DA:68,0
DA:70,0
DA:71,0
DA:73,0
DA:74,0
DA:79,0
DA:80,0
DA:81,0
DA:86,0
DA:88,0
DA:89,0
DA:94,0
DA:95,0
DA:96,0
DA:97,0
DA:98,0
DA:99,0
DA:100,0
DA:103,0
DA:104,0
DA:109,0
DA:110,0
DA:114,0
DA:117,0
DA:121,0
DA:123,0
DA:124,0
DA:129,0
DA:130,0
DA:131,0
DA:132,0
DA:135,0
DA:136,0
DA:141,0
DA:142,0
DA:143,0
DA:144,0
DA:145,0
DA:148,0
DA:155,0
DA:157,0
DA:158,0
DA:163,0
DA:164,0
DA:165,0
DA:168,0
DA:169,0
DA:170,0
DA:172,0
DA:173,0
DA:178,0
DA:179,0
DA:180,0
DA:181,0
DA:183,0
DA:184,0
DA:185,0
DA:187,0
DA:188,0
DA:191,0
DA:192,0
DA:193,0
DA:198,0
DA:201,0
DA:203,0
DA:204,0
DA:209,0
DA:210,0
DA:211,0
DA:212,0
DA:220,0
DA:222,0
DA:223,0
DA:228,0
DA:229,0
DA:230,0
DA:231,0
DA:235,0
DA:239,0
DA:241,0
DA:243,0
DA:244,0
DA:249,0
DA:250,0
DA:251,0
DA:271,0
DA:273,0
DA:274,0
DA:279,0
DA:280,0
DA:281,0
DA:282,0
DA:285,0
DA:286,0
DA:289,0
DA:290,0
DA:292,0
DA:293,0
DA:298,0
DA:299,0
DA:300,0
DA:301,0
DA:302,0
DA:305,0
DA:321,0
DA:323,0
DA:324,0
DA:325,0
DA:328,0
DA:329,0
DA:330,0
DA:332,0
DA:334,0
DA:335,0
DA:336,0
DA:337,0
DA:338,0
DA:339,0
DA:342,0
DA:344,0
DA:345,0
DA:349,0
DA:350,0
DA:354,0
LF:151
LH:0
BRDA:21,0,0,0
BRDA:21,0,1,0
BRDA:21,1,0,0
BRDA:21,1,1,0
BRDA:37,2,0,0
BRDA:37,2,1,0
BRDA:42,3,0,0
BRDA:42,3,1,0
BRDA:98,4,0,0
BRDA:98,4,1,0
BRDA:109,5,0,0
BRDA:109,5,1,0
BRDA:109,6,0,0
BRDA:109,6,1,0
BRDA:132,7,0,0
BRDA:132,7,1,0
BRDA:135,8,0,0
BRDA:135,8,1,0
BRDA:145,9,0,0
BRDA:145,9,1,0
BRDA:168,10,0,0
BRDA:168,10,1,0
BRDA:169,11,0,0
BRDA:169,11,1,0
BRDA:181,12,0,0
BRDA:181,12,1,0
BRDA:184,13,0,0
BRDA:184,13,1,0
BRDA:185,14,0,0
BRDA:185,14,1,0
BRDA:192,15,0,0
BRDA:192,15,1,0
BRDA:192,16,0,0
BRDA:192,16,1,0
BRDA:195,17,0,0
BRDA:195,17,1,0
BRDA:282,18,0,0
BRDA:282,18,1,0
BRDA:285,19,0,0
BRDA:285,19,1,0
BRDA:300,20,0,0
BRDA:300,20,1,0
BRDA:301,21,0,0
BRDA:301,21,1,0
BRDA:321,22,0,0
BRDA:321,22,1,0
BRDA:324,23,0,0
BRDA:324,23,1,0
BRDA:329,24,0,0
BRDA:329,24,1,0
BRDA:336,25,0,0
BRDA:336,25,1,0
BRDA:344,26,0,0
BRDA:344,26,1,0
BRDA:345,27,0,0
BRDA:345,27,1,0
BRF:56
BRH:0
end_of_record
TN:
SF:services\AnswerSubmissionService.js
FN:15,(anonymous_0)
FN:47,(anonymous_1)
FNF:2
FNH:2
FNDA:6,(anonymous_0)
FNDA:3,(anonymous_1)
DA:1,1
DA:2,1
DA:3,1
DA:4,1
DA:17,6
DA:18,6
DA:19,1
DA:23,5
DA:24,5
DA:25,5
DA:26,1
DA:30,4
DA:34,4
DA:35,4
DA:38,4
DA:39,4
DA:40,1
DA:43,3
DA:44,3
DA:47,3
DA:49,3
DA:55,3
DA:56,1
DA:59,2
DA:60,1
DA:64,1
DA:67,1
DA:68,1
DA:69,1
DA:70,1
DA:71,1
DA:72,1
DA:75,1
DA:87,1
DA:89,1
DA:97,3
DA:101,1
LF:37
LH:37
BRDA:18,0,0,1
BRDA:18,0,1,5
BRDA:18,1,0,6
BRDA:18,1,1,5
BRDA:25,2,0,1
BRDA:25,2,1,4
BRDA:38,3,0,0
BRDA:38,3,1,4
BRDA:39,4,0,1
BRDA:39,4,1,3
BRDA:39,5,0,4
BRDA:39,5,1,4
BRDA:55,6,0,1
BRDA:55,6,1,2
BRDA:59,7,0,1
BRDA:59,7,1,1
BRF:16
BRH:15
end_of_record
TN:
SF:services\ScoringService.js
FN:14,(anonymous_0)
FNF:1
FNH:1
FNDA:7,(anonymous_0)
DA:15,7
DA:16,1
DA:19,6
DA:20,6
DA:22,6
DA:23,1
DA:24,5
DA:25,1
DA:26,4
DA:27,1
DA:30,6
DA:32,6
DA:40,1
LF:13
LH:13
BRDA:15,0,0,1
BRDA:15,0,1,6
BRDA:19,1,0,6
BRDA:19,1,1,2
BRDA:22,2,0,1
BRDA:22,2,1,5
BRDA:24,3,0,1
BRDA:24,3,1,4
BRDA:26,4,0,1
BRDA:26,4,1,3
BRDA:30,5,0,6
BRDA:30,5,1,1
BRF:12
BRH:12
end_of_record
TN:
SF:services\SessionAuthorizationService.js
FN:15,(anonymous_0)
FN:30,(anonymous_1)
FN:46,(anonymous_2)
FNF:3
FNH:3
FNDA:3,(anonymous_0)
FNDA:3,(anonymous_1)
FNDA:2,(anonymous_2)
DA:1,1
DA:3,1
DA:16,3
DA:17,2
DA:18,2
DA:19,1
DA:21,1
DA:31,3
DA:32,2
DA:33,2
DA:35,1
DA:47,2
DA:55,1
LF:13
LH:13
BRDA:3,0,0,1
BRDA:3,0,1,1
BRDA:16,1,0,1
BRDA:16,1,1,2
BRDA:31,2,0,1
BRDA:31,2,1,2
BRF:6
BRH:6
end_of_record
TN:
SF:services\SessionRecoveryService.js
FN:15,(anonymous_0)
FN:61,(anonymous_1)
FNF:2
FNH:2
FNDA:5,(anonymous_0)
FNDA:3,(anonymous_1)
DA:16,5
DA:18,5
DA:40,5
DA:41,2
DA:50,5
DA:62,3
DA:64,3
DA:81,1
LF:8
LH:8
BRDA:15,0,0,0
BRDA:20,1,0,3
BRDA:20,1,1,2
BRDA:28,2,0,2
BRDA:28,2,1,1
BRDA:34,3,0,1
BRDA:34,3,1,4
BRDA:34,4,0,5
BRDA:34,4,1,3
BRDA:34,4,2,2
BRDA:40,5,0,2
BRDA:40,5,1,3
BRDA:45,6,0,1
BRDA:45,6,1,1
BRDA:61,7,0,0
BRDA:66,8,0,2
BRDA:66,8,1,1
BRDA:75,9,0,1
BRDA:75,9,1,1
BRF:19
BRH:17
end_of_record
TN:
SF:services\socketHandlers.js
FN:13,(anonymous_0)
FN:24,(anonymous_1)
FN:25,(anonymous_2)
FN:29,(anonymous_3)
FN:175,(anonymous_4)
FN:242,(anonymous_5)
FN:264,(anonymous_6)
FN:281,(anonymous_7)
FN:281,(anonymous_8)
FN:295,(anonymous_9)
FN:314,(anonymous_10)
FN:342,(anonymous_11)
FN:363,(anonymous_12)
FN:382,(anonymous_13)
FN:405,(anonymous_14)
FN:440,(anonymous_15)
FN:467,(anonymous_16)
FN:468,(anonymous_17)
FN:470,(anonymous_18)
FN:489,(anonymous_19)
FN:490,(anonymous_20)
FN:492,(anonymous_21)
FN:515,(anonymous_22)
FN:516,(anonymous_23)
FN:517,(anonymous_24)
FN:518,(anonymous_25)
FN:557,(anonymous_26)
FNF:27
FNH:0
FNDA:0,(anonymous_0)
FNDA:0,(anonymous_1)
FNDA:0,(anonymous_2)
FNDA:0,(anonymous_3)
FNDA:0,(anonymous_4)
FNDA:0,(anonymous_5)
FNDA:0,(anonymous_6)
FNDA:0,(anonymous_7)
FNDA:0,(anonymous_8)
FNDA:0,(anonymous_9)
FNDA:0,(anonymous_10)
FNDA:0,(anonymous_11)
FNDA:0,(anonymous_12)
FNDA:0,(anonymous_13)
FNDA:0,(anonymous_14)
FNDA:0,(anonymous_15)
FNDA:0,(anonymous_16)
FNDA:0,(anonymous_17)
FNDA:0,(anonymous_18)
FNDA:0,(anonymous_19)
FNDA:0,(anonymous_20)
FNDA:0,(anonymous_21)
FNDA:0,(anonymous_22)
FNDA:0,(anonymous_23)
FNDA:0,(anonymous_24)
FNDA:0,(anonymous_25)
FNDA:0,(anonymous_26)
DA:1,0
DA:2,0
DA:3,0
DA:4,0
DA:5,0
DA:6,0
DA:7,0
DA:8,0
DA:9,0
DA:10,0
DA:11,0
DA:13,0
DA:14,0
DA:24,0
DA:25,0
DA:26,0
DA:29,0
DA:30,0
DA:31,0
DA:32,0
DA:34,0
DA:36,0
DA:38,0
DA:39,0
DA:44,0
DA:45,0
DA:48,0
DA:49,0
DA:52,0
DA:53,0
DA:56,0
DA:59,0
DA:60,0
DA:61,0
DA:62,0
DA:65,0
DA:69,0
DA:70,0
DA:71,0
DA:72,0
DA:73,0
DA:74,0
DA:78,0
DA:80,0
DA:81,0
DA:83,0
DA:84,0
DA:85,0
DA:86,0
DA:89,0
DA:100,0
DA:102,0
DA:104,0
DA:108,0
DA:110,0
DA:113,0
DA:118,0
DA:119,0
DA:127,0
DA:130,0
DA:131,0
DA:136,0
DA:137,0
DA:139,0
DA:140,0
DA:141,0
DA:142,0
DA:145,0
DA:146,0
DA:147,0
DA:150,0
DA:153,0
DA:154,0
DA:159,0
DA:160,0
DA:162,0
DA:164,0
DA:166,0
DA:169,0
DA:170,0
DA:175,0
DA:176,0
DA:177,0
DA:178,0
DA:180,0
DA:181,0
DA:182,0
DA:183,0
DA:184,0
DA:185,0
DA:189,0
DA:190,0
DA:191,0
DA:194,0
DA:200,0
DA:201,0
DA:202,0
DA:203,0
DA:206,0
DA:207,0
DA:208,0
DA:209,0
DA:211,0
DA:218,0
DA:223,0
DA:224,0
DA:236,0
DA:238,0
DA:242,0
DA:243,0
DA:244,0
DA:245,0
DA:247,0
DA:252,0
DA:253,0
DA:255,0
DA:259,0
DA:264,0
DA:265,0
DA:272,0
DA:279,0
DA:280,0
DA:281,0
DA:283,0
DA:284,0
DA:286,0
DA:295,0
DA:301,0
DA:308,0
DA:314,0
DA:315,0
DA:316,0
DA:317,0
DA:319,0
DA:320,0
DA:321,0
DA:323,0
DA:324,0
DA:325,0
DA:328,0
DA:334,0
DA:335,0
DA:337,0
DA:342,0
DA:343,0
DA:344,0
DA:345,0
DA:347,0
DA:350,0
DA:351,0
DA:353,0
DA:354,0
DA:355,0
DA:358,0
DA:362,0
DA:363,0
DA:364,0
DA:365,0
DA:366,0
DA:368,0
DA:369,0
DA:370,0
DA:373,0
DA:375,0
DA:378,0
DA:382,0
DA:383,0
DA:384,0
DA:385,0
DA:387,0
DA:388,0
DA:389,0
DA:390,0
DA:392,0
DA:393,0
DA:395,0
DA:396,0
DA:398,0
DA:400,0
DA:405,0
DA:406,0
DA:407,0
DA:408,0
DA:410,0
DA:411,0
DA:412,0
DA:413,0
DA:416,0
DA:417,0
DA:418,0
DA:421,0
DA:422,0
DA:424,0
DA:429,0
DA:430,0
DA:431,0
DA:440,0
DA:449,0
DA:450,0
DA:451,0
DA:453,0
DA:454,0
DA:459,0
DA:463,0
DA:464,0
DA:467,0
DA:468,0
DA:469,0
DA:470,0
DA:471,0
DA:472,0
DA:474,0
DA:489,0
DA:490,0
DA:491,0
DA:492,0
DA:493,0
DA:494,0
DA:496,0
DA:511,0
DA:512,0
DA:515,0
DA:516,0
DA:517,0
DA:518,0
DA:523,0
DA:527,0
DA:528,0
DA:531,0
DA:532,0
DA:533,0
DA:534,0
DA:535,0
DA:536,0
DA:537,0
DA:538,0
DA:539,0
DA:542,0
DA:547,0
DA:553,0
DA:557,0
DA:558,0
DA:559,0
DA:561,0
DA:562,0
DA:563,0
DA:567,0
DA:569,0
DA:570,0
DA:573,0
DA:577,0
DA:578,0
DA:582,0
DA:584,0
DA:586,0
LF:255
LH:0
BRDA:13,0,0,0
BRDA:31,1,0,0
BRDA:31,1,1,0
BRDA:36,2,0,0
BRDA:36,2,1,0
BRDA:44,3,0,0
BRDA:44,3,1,0
BRDA:48,4,0,0
BRDA:48,4,1,0
BRDA:48,5,0,0
BRDA:48,5,1,0
BRDA:52,6,0,0
BRDA:52,6,1,0
BRDA:53,7,0,0
BRDA:53,7,1,0
BRDA:59,8,0,0
BRDA:59,8,1,0
BRDA:61,9,0,0
BRDA:61,9,1,0
BRDA:61,10,0,0
BRDA:61,10,1,0
BRDA:61,10,2,0
BRDA:65,11,0,0
BRDA:65,11,1,0
BRDA:71,12,0,0
BRDA:71,12,1,0
BRDA:78,13,0,0
BRDA:78,13,1,0
BRDA:80,14,0,0
BRDA:80,14,1,0
BRDA:80,15,0,0
BRDA:80,15,1,0
BRDA:84,16,0,0
BRDA:84,16,1,0
BRDA:85,17,0,0
BRDA:85,17,1,0
BRDA:85,18,0,0
BRDA:85,18,1,0
BRDA:91,19,0,0
BRDA:91,19,1,0
BRDA:96,20,0,0
BRDA:96,20,1,0
BRDA:100,21,0,0
BRDA:100,21,1,0
BRDA:130,22,0,0
BRDA:130,22,1,0
BRDA:130,23,0,0
BRDA:130,23,1,0
BRDA:139,24,0,0
BRDA:139,24,1,0
BRDA:141,25,0,0
BRDA:141,25,1,0
BRDA:141,26,0,0
BRDA:141,26,1,0
BRDA:153,27,0,0
BRDA:153,27,1,0
BRDA:153,28,0,0
BRDA:153,28,1,0
BRDA:164,29,0,0
BRDA:164,29,1,0
BRDA:177,30,0,0
BRDA:177,30,1,0
BRDA:184,31,0,0
BRDA:184,31,1,0
BRDA:184,32,0,0
BRDA:184,32,1,0
BRDA:189,33,0,0
BRDA:189,33,1,0
BRDA:201,34,0,0
BRDA:201,34,1,0
BRDA:245,35,0,0
BRDA:245,35,1,0
BRDA:245,36,0,0
BRDA:245,36,1,0
BRDA:280,37,0,0
BRDA:280,37,1,0
BRDA:284,38,0,0
BRDA:284,38,1,0
BRDA:304,39,0,0
BRDA:304,39,1,0
BRDA:316,40,0,0
BRDA:316,40,1,0
BRDA:323,41,0,0
BRDA:323,41,1,0
BRDA:324,42,0,0
BRDA:324,42,1,0
BRDA:344,43,0,0
BRDA:344,43,1,0
BRDA:351,44,0,0
BRDA:351,44,1,0
BRDA:354,45,0,0
BRDA:354,45,1,0
BRDA:354,46,0,0
BRDA:354,46,1,0
BRDA:365,47,0,0
BRDA:365,47,1,0
BRDA:370,48,0,0
BRDA:370,48,1,0
BRDA:373,49,0,0
BRDA:373,49,1,0
BRDA:384,50,0,0
BRDA:384,50,1,0
BRDA:390,51,0,0
BRDA:390,51,1,0
BRDA:393,52,0,0
BRDA:393,52,1,0
BRDA:393,53,0,0
BRDA:393,53,1,0
BRDA:407,54,0,0
BRDA:407,54,1,0
BRDA:413,55,0,0
BRDA:413,55,1,0
BRDA:417,56,0,0
BRDA:417,56,1,0
BRDA:417,57,0,0
BRDA:417,57,1,0
BRDA:430,58,0,0
BRDA:430,58,1,0
BRDA:472,59,0,0
BRDA:472,59,1,0
BRDA:481,60,0,0
BRDA:481,60,1,0
BRDA:482,61,0,0
BRDA:482,61,1,0
BRDA:483,62,0,0
BRDA:483,62,1,0
BRDA:494,63,0,0
BRDA:494,63,1,0
BRDA:515,64,0,0
BRDA:515,64,1,0
BRDA:516,65,0,0
BRDA:516,65,1,0
BRDA:519,66,0,0
BRDA:519,66,1,0
BRDA:519,67,0,0
BRDA:519,67,1,0
BRDA:532,68,0,0
BRDA:532,68,1,0
BRDA:535,69,0,0
BRDA:535,69,1,0
BRDA:559,70,0,0
BRDA:559,70,1,0
BRDA:561,71,0,0
BRDA:561,71,1,0
BRDA:561,72,0,0
BRDA:561,72,1,0
BRDA:561,72,2,0
BRDA:567,73,0,0
BRDA:567,73,1,0
BRDA:577,74,0,0
BRDA:577,74,1,0
BRDA:584,75,0,0
BRDA:584,75,1,0
BRDA:584,76,0,0
BRDA:584,76,1,0
BRF:155
BRH:0
end_of_record
TN:
SF:utils\seedData.js
FNF:0
FNH:0
DA:1,0
DA:102,0
LF:2
LH:0
BRF:0
BRH:0
end_of_record
TN:
SF:validators\socketSchemas.js
FN:60,(anonymous_0)
FNF:1
FNH:1
FNDA:5,(anonymous_0)
DA:1,1
DA:3,1
DA:60,1
DA:61,5
DA:62,5
DA:64,1
DA:66,4
DA:69,1
LF:8
LH:8
BRDA:62,0,0,1
BRDA:62,0,1,4
BRF:2
BRH:2
end_of_record
